Log file open, 05/20/20 12:18:06
LogWindows: Failed to load 'aqProf.dll' (GetLastError=126)
LogWindows: File 'aqProf.dll' does not exist
LogWindows: Failed to load 'VtuneApi.dll' (GetLastError=126)
LogWindows: File 'VtuneApi.dll' does not exist
LogWindows: Failed to load 'VtuneApi32e.dll' (GetLastError=126)
LogWindows: File 'VtuneApi32e.dll' does not exist
LogConsoleResponse: Display: Failed to find resolution value strings in scalability ini. Falling back to default.
LogInit: Display: Running engine for game: Domek_na_drzewie
LogPlatformFile: Not using cached read wrapper
LogTaskGraph: Started task graph with 5 named threads and 14 total threads with 3 sets of task threads.
LogStats: Stats thread started at 0.084876
LogD3D11RHI: Loaded GFSDK_Aftermath_Lib.x64.dll
LogICUInternationalization: ICU TimeZone Detection - Raw Offset: +1:00, Platform Override: ''
LogPluginManager: Mounting plugin Paper2D
LogPluginManager: Mounting plugin AISupport
LogPluginManager: Mounting plugin LightPropagationVolume
LogPluginManager: Mounting plugin ActorLayerUtilities
LogPluginManager: Mounting plugin AnimationSharing
LogPluginManager: Mounting plugin CLionSourceCodeAccess
LogPluginManager: Mounting plugin CodeLiteSourceCodeAccess
LogPluginManager: Mounting plugin GitSourceControl
LogPluginManager: Mounting plugin KDevelopSourceCodeAccess
LogPluginManager: Mounting plugin NullSourceCodeAccess
LogPluginManager: Mounting plugin PerforceSourceControl
LogPluginManager: Mounting plugin PlasticSourceControl
LogPluginManager: Mounting plugin SubversionSourceControl
LogPluginManager: Mounting plugin UObjectPlugin
LogPluginManager: Mounting plugin VisualStudioCodeSourceCodeAccess
LogPluginManager: Mounting plugin VisualStudioSourceCodeAccess
LogPluginManager: Mounting plugin XCodeSourceCodeAccess
LogPluginManager: Mounting plugin AssetManagerEditor
LogPluginManager: Mounting plugin CryptoKeys
LogPluginManager: Mounting plugin CurveEditorTools
LogPluginManager: Mounting plugin DataValidation
LogPluginManager: Mounting plugin FacialAnimation
LogPluginManager: Mounting plugin GameplayTagsEditor
LogPluginManager: Mounting plugin MacGraphicsSwitching
LogPluginManager: Mounting plugin MaterialAnalyzer
LogPluginManager: Mounting plugin MobileLauncherProfileWizard
LogPluginManager: Mounting plugin PluginBrowser
LogPluginManager: Mounting plugin SpeedTreeImporter
LogPluginManager: Mounting plugin DatasmithContent
LogPluginManager: Mounting plugin VariantManagerContent
LogPluginManager: Mounting plugin AlembicImporter
LogPluginManager: Mounting plugin AutomationUtils
LogPluginManager: Mounting plugin BackChannel
LogPluginManager: Mounting plugin CharacterAI
LogPluginManager: Mounting plugin GeometryCache
LogPluginManager: Mounting plugin PlatformCrypto
LogPluginManager: Mounting plugin ProxyLODPlugin
LogPluginManager: Mounting plugin SkeletalReduction
LogPluginManager: Mounting plugin MagicLeap
LogPluginManager: Mounting plugin MagicLeapMedia
LogPluginManager: Mounting plugin MLSDK
LogPluginManager: Mounting plugin AndroidMedia
LogPluginManager: Mounting plugin AvfMedia
LogPluginManager: Mounting plugin ImgMedia
LogPluginManager: Mounting plugin MediaCompositing
LogPluginManager: Mounting plugin MediaPlayerEditor
LogPluginManager: Mounting plugin WebMMedia
LogPluginManager: Mounting plugin WmfMedia
LogPluginManager: Mounting plugin TcpMessaging
LogPluginManager: Mounting plugin UdpMessaging
LogPluginManager: Mounting plugin ActorSequence
LogPluginManager: Mounting plugin LevelSequenceEditor
LogPluginManager: Mounting plugin MatineeToLevelSequence
LogPluginManager: Mounting plugin NetcodeUnitTest
LogPluginManager: Mounting plugin NUTUnrealEngine4
LogPluginManager: Mounting plugin OnlineSubsystemGooglePlay
LogPluginManager: Mounting plugin OnlineSubsystemIOS
LogPluginManager: Mounting plugin OnlineSubsystem
LogPluginManager: Mounting plugin OnlineSubsystemNull
LogPluginManager: Mounting plugin OnlineSubsystemUtils
LogPluginManager: Mounting plugin LauncherChunkInstaller
LogPluginManager: Mounting plugin AndroidDeviceProfileSelector
LogPluginManager: Mounting plugin AndroidMoviePlayer
LogPluginManager: Mounting plugin AndroidPermission
LogPluginManager: Mounting plugin AppleImageUtils
LogPluginManager: Mounting plugin AppleMoviePlayer
LogPluginManager: Mounting plugin ArchVisCharacter
LogPluginManager: Mounting plugin AssetTags
LogPluginManager: Mounting plugin AudioCapture
LogPluginManager: Mounting plugin CableComponent
LogPluginManager: Mounting plugin CustomMeshComponent
LogPluginManager: Mounting plugin EditableMesh
LogPluginManager: Mounting plugin ExampleDeviceProfileSelector
LogPluginManager: Mounting plugin GoogleCloudMessaging
LogPluginManager: Mounting plugin IOSDeviceProfileSelector
LogPluginManager: Mounting plugin LinuxDeviceProfileSelector
LogPluginManager: Mounting plugin LocationServicesBPLibrary
LogPluginManager: Mounting plugin MobilePatchingUtils
LogPluginManager: Mounting plugin OculusVR
LogPluginManager: Mounting plugin PhysXVehicles
LogPluginManager: Mounting plugin PostSplashScreen
LogPluginManager: Mounting plugin ProceduralMeshComponent
LogPluginManager: Mounting plugin RuntimePhysXCooking
LogPluginManager: Mounting plugin SignificanceManager
LogPluginManager: Mounting plugin SteamVR
LogPluginManager: Mounting plugin WebMMoviePlayer
LogPluginManager: Mounting plugin WindowsMoviePlayer
LogPluginManager: Mounting plugin ScreenshotTools
LogInit: Using libcurl 7.55.1-DEV
LogInit:  - built for x86_64-pc-win32
LogInit:  - supports SSL with OpenSSL/1.1.1
LogInit:  - supports HTTP deflate (compression) using libz 1.2.8
LogInit:  - other features:
LogInit:      CURL_VERSION_SSL
LogInit:      CURL_VERSION_LIBZ
LogInit:      CURL_VERSION_IPV6
LogInit:      CURL_VERSION_ASYNCHDNS
LogInit:      CURL_VERSION_LARGEFILE
LogInit:      CURL_VERSION_IDN
LogInit:  CurlRequestOptions (configurable via config and command line):
LogInit:  - bVerifyPeer = true  - Libcurl will verify peer certificate
LogInit:  - bUseHttpProxy = false  - Libcurl will NOT use HTTP proxy
LogInit:  - bDontReuseConnections = false  - Libcurl will reuse connections
LogInit:  - MaxHostConnections = 16  - Libcurl will limit the number of connections to a host
LogInit:  - LocalHostAddr = Default
LogInit:  - BufferSize = 65536
LogOnline: OSS: Creating online subsystem instance for: NULL
LogInit: WinSock: version 1.1 (2.2), MaxSocks=32767, MaxUdp=65467
LogOnline: OSS: TryLoadSubsystemAndSetDefault: Loaded subsystem for module [NULL]
LogInit: Build: ++UE4+Release-4.24-CL-10757647
LogInit: Engine Version: 4.24.1-10757647+++UE4+Release-4.24
LogInit: Compatible Engine Version: 4.24.0-10570792+++UE4+Release-4.24
LogInit: Net CL: 10570792
LogInit: OS: Windows 10 (Release 1903) (), CPU: Intel(R) Core(TM) i5-7300HQ CPU @ 2.50GHz, GPU: Intel(R) HD Graphics 630
LogInit: Compiled (64-bit): Dec 17 2019 02:08:03
LogInit: Compiled with Visual C++: 19.16.27032.01
LogInit: Build Configuration: Development
LogInit: Branch Name: ++UE4+Release-4.24
LogInit: Command Line: 
LogInit: Base Directory: E:/Program Files/UE_4.24/Engine/Binaries/Win64/
LogInit: Installed Engine Build: 1
LogDevObjectVersion: Number of dev versions registered: 25
LogDevObjectVersion:   Dev-Blueprints (B0D832E4-1F89-4F0D-ACCF-7EB736FD4AA2): 10
LogDevObjectVersion:   Dev-Build (E1C64328-A22C-4D53-A36C-8E866417BD8C): 0
LogDevObjectVersion:   Dev-Core (375EC13C-06E4-48FB-B500-84F0262A717E): 3
LogDevObjectVersion:   Dev-Editor (E4B068ED-F494-42E9-A231-DA0B2E46BB41): 37
LogDevObjectVersion:   Dev-Framework (CFFC743F-43B0-4480-9391-14DF171D2073): 36
LogDevObjectVersion:   Dev-Mobile (B02B49B5-BB20-44E9-A304-32B752E40360): 2
LogDevObjectVersion:   Dev-Networking (A4E4105C-59A1-49B5-A7C5-40C4547EDFEE): 0
LogDevObjectVersion:   Dev-Online (39C831C9-5AE6-47DC-9A44-9C173E1C8E7C): 0
LogDevObjectVersion:   Dev-Physics (78F01B33-EBEA-4F98-B9B4-84EACCB95AA2): 2
LogDevObjectVersion:   Dev-Platform (6631380F-2D4D-43E0-8009-CF276956A95A): 0
LogDevObjectVersion:   Dev-Rendering (12F88B9F-8875-4AFC-A67C-D90C383ABD29): 36
LogDevObjectVersion:   Dev-Sequencer (7B5AE74C-D270-4C10-A958-57980B212A5A): 11
LogDevObjectVersion:   Dev-VR (D7296918-1DD6-4BDD-9DE2-64A83CC13884): 2
LogDevObjectVersion:   Dev-LoadTimes (C2A15278-BFE7-4AFE-6C17-90FF531DF755): 1
LogDevObjectVersion:   Private-Geometry (6EACA3D4-40EC-4CC1-B786-8BED09428FC5): 3
LogDevObjectVersion:   Dev-AnimPhys (29E575DD-E0A3-4627-9D10-D276232CDCEA): 17
LogDevObjectVersion:   Dev-Anim (AF43A65D-7FD3-4947-9873-3E8ED9C1BB05): 2
LogDevObjectVersion:   Dev-ReflectionCapture (6B266CEC-1EC7-4B8F-A30B-E4D90942FC07): 1
LogDevObjectVersion:   Dev-Automation (0DF73D61-A23F-47EA-B727-89E90C41499A): 1
LogDevObjectVersion:   FortniteMain (601D1886-AC64-4F84-AA16-D3DE0DEAC7D6): 31
LogDevObjectVersion:   Dev-Enterprise (9DFFBCD6-494F-0158-E221-12823C92A888): 8
LogDevObjectVersion:   Dev-Niagara (F2AED0AC-9AFE-416F-8664-AA7FFA26D6FC): 1
LogDevObjectVersion:   Dev-Destruction (174F1F0B-B4C6-45A5-B13F-2EE8D0FB917D): 9
LogDevObjectVersion:   Dev-Physics-Ext (35F94A83-E258-406C-A318-09F59610247C): 8
LogDevObjectVersion:   Dev-CineCamera (B2E18506-4273-CFC2-A54E-F4BB758BBA07): 1
LogInit: Presizing for max 25165824 objects, including 0 objects not considered by GC, pre-allocating 0 bytes for permanent pool.
LogInit: Object subsystem initialized
LogConfig: Setting CVar [[con.DebugEarlyDefault:1]]
LogConfig: Setting CVar [[r.setres:1280x720]]
[2020.05.20-10.18.06:364][  0]LogConfig: Setting CVar [[r.VSync:0]]
[2020.05.20-10.18.06:364][  0]LogConfig: Setting CVar [[r.RHICmdBypass:0]]
[2020.05.20-10.18.06:364][  0]LogConfig: Applying CVar settings from Section [/Script/Engine.RendererSettings] File [C:/Users/Aleks/Documents/Pizza Party SVN/Domek_na_drzewie/Saved/Config/Windows/Engine.ini]
[2020.05.20-10.18.06:364][  0]LogConfig: Setting CVar [[r.GPUCrashDebugging:0]]
[2020.05.20-10.18.06:364][  0]LogConfig: Applying CVar settings from Section [/Script/Engine.RendererOverrideSettings] File [C:/Users/Aleks/Documents/Pizza Party SVN/Domek_na_drzewie/Saved/Config/Windows/Engine.ini]
[2020.05.20-10.18.06:364][  0]LogConfig: Applying CVar settings from Section [/Script/Engine.StreamingSettings] File [C:/Users/Aleks/Documents/Pizza Party SVN/Domek_na_drzewie/Saved/Config/Windows/Engine.ini]
[2020.05.20-10.18.06:364][  0]LogConfig: Setting CVar [[s.MinBulkDataSizeForAsyncLoading:131072]]
[2020.05.20-10.18.06:364][  0]LogConfig: Setting CVar [[s.AsyncLoadingThreadEnabled:0]]
[2020.05.20-10.18.06:364][  0]LogConfig: Setting CVar [[s.EventDrivenLoaderEnabled:1]]
[2020.05.20-10.18.06:364][  0]LogConfig: Setting CVar [[s.WarnIfTimeLimitExceeded:0]]
[2020.05.20-10.18.06:364][  0]LogConfig: Setting CVar [[s.TimeLimitExceededMultiplier:1.5]]
[2020.05.20-10.18.06:364][  0]LogConfig: Setting CVar [[s.TimeLimitExceededMinTime:0.005]]
[2020.05.20-10.18.06:364][  0]LogConfig: Setting CVar [[s.UseBackgroundLevelStreaming:1]]
[2020.05.20-10.18.06:365][  0]LogConfig: Setting CVar [[s.PriorityAsyncLoadingExtraTime:15.0]]
[2020.05.20-10.18.06:365][  0]LogConfig: Setting CVar [[s.LevelStreamingActorsUpdateTimeLimit:5.0]]
[2020.05.20-10.18.06:365][  0]LogConfig: Setting CVar [[s.PriorityLevelStreamingActorsUpdateExtraTime:5.0]]
[2020.05.20-10.18.06:365][  0]LogConfig: Setting CVar [[s.LevelStreamingComponentsRegistrationGranularity:10]]
[2020.05.20-10.18.06:365][  0]LogConfig: Setting CVar [[s.UnregisterComponentsTimeLimit:1.0]]
[2020.05.20-10.18.06:365][  0]LogConfig: Setting CVar [[s.LevelStreamingComponentsUnregistrationGranularity:5]]
[2020.05.20-10.18.06:365][  0]LogConfig: Setting CVar [[s.FlushStreamingOnExit:1]]
[2020.05.20-10.18.06:365][  0]LogConfig: Applying CVar settings from Section [/Script/Engine.GarbageCollectionSettings] File [C:/Users/Aleks/Documents/Pizza Party SVN/Domek_na_drzewie/Saved/Config/Windows/Engine.ini]
[2020.05.20-10.18.06:365][  0]LogConfig: Setting CVar [[gc.MaxObjectsNotConsideredByGC:1]]
[2020.05.20-10.18.06:365][  0]LogConfig: Setting CVar [[gc.SizeOfPermanentObjectPool:0]]
[2020.05.20-10.18.06:365][  0]LogConfig: Setting CVar [[gc.FlushStreamingOnGC:0]]
[2020.05.20-10.18.06:365][  0]LogConfig: Setting CVar [[gc.NumRetriesBeforeForcingGC:10]]
[2020.05.20-10.18.06:365][  0]LogConfig: Setting CVar [[gc.AllowParallelGC:1]]
[2020.05.20-10.18.06:365][  0]LogConfig: Setting CVar [[gc.TimeBetweenPurgingPendingKillObjects:61.1]]
[2020.05.20-10.18.06:365][  0]LogConfig: Setting CVar [[gc.MaxObjectsInEditor:25165824]]
[2020.05.20-10.18.06:365][  0]LogConfig: Setting CVar [[gc.IncrementalBeginDestroyEnabled:1]]
[2020.05.20-10.18.06:365][  0]LogConfig: Setting CVar [[gc.CreateGCClusters:1]]
[2020.05.20-10.18.06:365][  0]LogConfig: Setting CVar [[gc.MinGCClusterSize:5]]
[2020.05.20-10.18.06:365][  0]LogConfig: Setting CVar [[gc.ActorClusteringEnabled:0]]
[2020.05.20-10.18.06:365][  0]LogConfig: Setting CVar [[gc.BlueprintClusteringEnabled:0]]
[2020.05.20-10.18.06:365][  0]LogConfig: Setting CVar [[gc.UseDisregardForGCOnDedicatedServers:0]]
[2020.05.20-10.18.06:365][  0]LogConfig: Applying CVar settings from Section [/Script/Engine.NetworkSettings] File [C:/Users/Aleks/Documents/Pizza Party SVN/Domek_na_drzewie/Saved/Config/Windows/Engine.ini]
[2020.05.20-10.18.06:365][  0]LogConfig: Applying CVar settings from Section [/Script/UnrealEd.CookerSettings] File [C:/Users/Aleks/Documents/Pizza Party SVN/Domek_na_drzewie/Saved/Config/Windows/Engine.ini]
[2020.05.20-10.18.06:372][  0]LogConfig: Applying CVar settings from Section [ViewDistanceQuality@3] File [C:/Users/Aleks/Documents/Pizza Party SVN/Domek_na_drzewie/Saved/Config/Windows/Scalability.ini]
[2020.05.20-10.18.06:372][  0]LogConfig: Setting CVar [[r.SkeletalMeshLODBias:0]]
[2020.05.20-10.18.06:372][  0]LogConfig: Setting CVar [[r.ViewDistanceScale:1.0]]
[2020.05.20-10.18.06:372][  0]LogConfig: Applying CVar settings from Section [AntiAliasingQuality@3] File [C:/Users/Aleks/Documents/Pizza Party SVN/Domek_na_drzewie/Saved/Config/Windows/Scalability.ini]
[2020.05.20-10.18.06:372][  0]LogConfig: Setting CVar [[r.PostProcessAAQuality:4]]
[2020.05.20-10.18.06:372][  0]LogConfig: Applying CVar settings from Section [ShadowQuality@3] File [C:/Users/Aleks/Documents/Pizza Party SVN/Domek_na_drzewie/Saved/Config/Windows/Scalability.ini]
[2020.05.20-10.18.06:372][  0]LogConfig: Setting CVar [[r.LightFunctionQuality:1]]
[2020.05.20-10.18.06:372][  0]LogConfig: Setting CVar [[r.ShadowQuality:5]]
[2020.05.20-10.18.06:372][  0]LogConfig: Setting CVar [[r.Shadow.CSM.MaxCascades:10]]
[2020.05.20-10.18.06:372][  0]LogConfig: Setting CVar [[r.Shadow.MaxResolution:2048]]
[2020.05.20-10.18.06:372][  0]LogConfig: Setting CVar [[r.Shadow.MaxCSMResolution:2048]]
[2020.05.20-10.18.06:372][  0]LogConfig: Setting CVar [[r.Shadow.RadiusThreshold:0.01]]
[2020.05.20-10.18.06:372][  0]LogConfig: Setting CVar [[r.Shadow.DistanceScale:1.0]]
[2020.05.20-10.18.06:372][  0]LogConfig: Setting CVar [[r.Shadow.CSM.TransitionScale:1.0]]
[2020.05.20-10.18.06:372][  0]LogConfig: Setting CVar [[r.Shadow.PreShadowResolutionFactor:1.0]]
[2020.05.20-10.18.06:372][  0]LogConfig: Setting CVar [[r.DistanceFieldShadowing:1]]
[2020.05.20-10.18.06:372][  0]LogConfig: Setting CVar [[r.DistanceFieldAO:1]]
[2020.05.20-10.18.06:372][  0]LogConfig: Setting CVar [[r.AOQuality:2]]
[2020.05.20-10.18.06:372][  0]LogConfig: Setting CVar [[r.VolumetricFog:1]]
[2020.05.20-10.18.06:372][  0]LogConfig: Setting CVar [[r.VolumetricFog.GridPixelSize:8]]
[2020.05.20-10.18.06:372][  0]LogConfig: Setting CVar [[r.VolumetricFog.GridSizeZ:128]]
[2020.05.20-10.18.06:372][  0]LogConfig: Setting CVar [[r.VolumetricFog.HistoryMissSupersampleCount:4]]
[2020.05.20-10.18.06:372][  0]LogConfig: Setting CVar [[r.LightMaxDrawDistanceScale:1]]
[2020.05.20-10.18.06:372][  0]LogConfig: Setting CVar [[r.CapsuleShadows:1]]
[2020.05.20-10.18.06:372][  0]LogConfig: Applying CVar settings from Section [PostProcessQuality@3] File [C:/Users/Aleks/Documents/Pizza Party SVN/Domek_na_drzewie/Saved/Config/Windows/Scalability.ini]
[2020.05.20-10.18.06:372][  0]LogConfig: Setting CVar [[r.MotionBlurQuality:4]]
[2020.05.20-10.18.06:372][  0]LogConfig: Setting CVar [[r.AmbientOcclusionMipLevelFactor:0.4]]
[2020.05.20-10.18.06:372][  0]LogConfig: Setting CVar [[r.AmbientOcclusionMaxQuality:100]]
[2020.05.20-10.18.06:372][  0]LogConfig: Setting CVar [[r.AmbientOcclusionLevels:-1]]
[2020.05.20-10.18.06:372][  0]LogConfig: Setting CVar [[r.AmbientOcclusionRadiusScale:1.0]]
[2020.05.20-10.18.06:372][  0]LogConfig: Setting CVar [[r.DepthOfFieldQuality:2]]
[2020.05.20-10.18.06:373][  0]LogConfig: Setting CVar [[r.RenderTargetPoolMin:400]]
[2020.05.20-10.18.06:373][  0]LogConfig: Setting CVar [[r.LensFlareQuality:2]]
[2020.05.20-10.18.06:373][  0]LogConfig: Setting CVar [[r.SceneColorFringeQuality:1]]
[2020.05.20-10.18.06:373][  0]LogConfig: Setting CVar [[r.EyeAdaptationQuality:2]]
[2020.05.20-10.18.06:373][  0]LogConfig: Setting CVar [[r.BloomQuality:5]]
[2020.05.20-10.18.06:373][  0]LogConfig: Setting CVar [[r.FastBlurThreshold:100]]
[2020.05.20-10.18.06:373][  0]LogConfig: Setting CVar [[r.Upscale.Quality:3]]
[2020.05.20-10.18.06:373][  0]LogConfig: Setting CVar [[r.Tonemapper.GrainQuantization:1]]
[2020.05.20-10.18.06:373][  0]LogConfig: Setting CVar [[r.LightShaftQuality:1]]
[2020.05.20-10.18.06:373][  0]LogConfig: Setting CVar [[r.Filter.SizeScale:1]]
[2020.05.20-10.18.06:373][  0]LogConfig: Setting CVar [[r.Tonemapper.Quality:5]]
[2020.05.20-10.18.06:373][  0]LogConfig: Setting CVar [[r.DOF.Gather.AccumulatorQuality:1        ; higher gathering accumulator quality]]
[2020.05.20-10.18.06:373][  0]LogConfig: Setting CVar [[r.DOF.Gather.PostfilterMethod:1          ; Median3x3 postfilering method]]
[2020.05.20-10.18.06:373][  0]LogConfig: Setting CVar [[r.DOF.Gather.EnableBokehSettings:0       ; no bokeh simulation when gathering]]
[2020.05.20-10.18.06:373][  0]LogConfig: Setting CVar [[r.DOF.Gather.RingCount:4                 ; medium number of samples when gathering]]
[2020.05.20-10.18.06:373][  0]LogConfig: Setting CVar [[r.DOF.Scatter.ForegroundCompositing:1    ; additive foreground scattering]]
[2020.05.20-10.18.06:373][  0]LogConfig: Setting CVar [[r.DOF.Scatter.BackgroundCompositing:2    ; additive background scattering]]
[2020.05.20-10.18.06:373][  0]LogConfig: Setting CVar [[r.DOF.Scatter.EnableBokehSettings:1      ; bokeh simulation when scattering]]
[2020.05.20-10.18.06:373][  0]LogConfig: Setting CVar [[r.DOF.Scatter.MaxSpriteRatio:0.1         ; only a maximum of 10% of scattered bokeh]]
[2020.05.20-10.18.06:373][  0]LogConfig: Setting CVar [[r.DOF.Recombine.Quality:1                ; cheap slight out of focus]]
[2020.05.20-10.18.06:373][  0]LogConfig: Setting CVar [[r.DOF.Recombine.EnableBokehSettings:0    ; no bokeh simulation on slight out of focus]]
[2020.05.20-10.18.06:373][  0]LogConfig: Setting CVar [[r.DOF.TemporalAAQuality:1                ; more stable temporal accumulation]]
[2020.05.20-10.18.06:373][  0]LogConfig: Setting CVar [[r.DOF.Kernel.MaxForegroundRadius:0.025]]
[2020.05.20-10.18.06:373][  0]LogConfig: Setting CVar [[r.DOF.Kernel.MaxBackgroundRadius:0.025]]
[2020.05.20-10.18.06:373][  0]LogConfig: Applying CVar settings from Section [TextureQuality@3] File [C:/Users/Aleks/Documents/Pizza Party SVN/Domek_na_drzewie/Saved/Config/Windows/Scalability.ini]
[2020.05.20-10.18.06:373][  0]LogConfig: Setting CVar [[r.Streaming.MipBias:0]]
[2020.05.20-10.18.06:373][  0]LogConfig: Setting CVar [[r.Streaming.AmortizeCPUToGPUCopy:0]]
[2020.05.20-10.18.06:373][  0]LogConfig: Setting CVar [[r.Streaming.MaxNumTexturesToStreamPerFrame:0]]
[2020.05.20-10.18.06:373][  0]LogConfig: Setting CVar [[r.Streaming.Boost:1]]
[2020.05.20-10.18.06:373][  0]LogConfig: Setting CVar [[r.MaxAnisotropy:8]]
[2020.05.20-10.18.06:373][  0]LogConfig: Setting CVar [[r.VT.MaxAnisotropy:8]]
[2020.05.20-10.18.06:373][  0]LogConfig: Setting CVar [[r.Streaming.LimitPoolSizeToVRAM:0]]
[2020.05.20-10.18.06:373][  0]LogConfig: Setting CVar [[r.Streaming.PoolSize:1000]]
[2020.05.20-10.18.06:373][  0]LogConfig: Setting CVar [[r.Streaming.MaxEffectiveScreenSize:0]]
[2020.05.20-10.18.06:373][  0]LogConfig: Applying CVar settings from Section [EffectsQuality@3] File [C:/Users/Aleks/Documents/Pizza Party SVN/Domek_na_drzewie/Saved/Config/Windows/Scalability.ini]
[2020.05.20-10.18.06:373][  0]LogConfig: Setting CVar [[r.TranslucencyLightingVolumeDim:64]]
[2020.05.20-10.18.06:373][  0]LogConfig: Setting CVar [[r.RefractionQuality:2]]
[2020.05.20-10.18.06:373][  0]LogConfig: Setting CVar [[r.SSR.Quality:3]]
[2020.05.20-10.18.06:373][  0]LogConfig: Setting CVar [[r.SSR.HalfResSceneColor:0]]
[2020.05.20-10.18.06:373][  0]LogConfig: Setting CVar [[r.SceneColorFormat:4]]
[2020.05.20-10.18.06:373][  0]LogConfig: Setting CVar [[r.DetailMode:2]]
[2020.05.20-10.18.06:373][  0]LogConfig: Setting CVar [[r.TranslucencyVolumeBlur:1]]
[2020.05.20-10.18.06:373][  0]LogConfig: Setting CVar [[r.MaterialQualityLevel:1 ; High quality]]
[2020.05.20-10.18.06:373][  0]LogConfig: Setting CVar [[r.SSS.Scale:1]]
[2020.05.20-10.18.06:373][  0]LogConfig: Setting CVar [[r.SSS.SampleSet:2]]
[2020.05.20-10.18.06:373][  0]LogConfig: Setting CVar [[r.SSS.Quality:1]]
[2020.05.20-10.18.06:373][  0]LogConfig: Setting CVar [[r.SSS.HalfRes:1]]
[2020.05.20-10.18.06:373][  0]LogConfig: Setting CVar [[r.SSGI.Quality:3]]
[2020.05.20-10.18.06:373][  0]LogConfig: Setting CVar [[r.EmitterSpawnRateScale:1.0]]
[2020.05.20-10.18.06:373][  0]LogConfig: Setting CVar [[r.ParticleLightQuality:2]]
[2020.05.20-10.18.06:373][  0]LogConfig: Setting CVar [[r.SkyAtmosphere.AerialPerspectiveLUT.FastApplyOnOpaque:1 ; Always have FastSkyLUT 1 in this case to avoid wrong sky]]
[2020.05.20-10.18.06:373][  0]LogConfig: Setting CVar [[r.SkyAtmosphere.AerialPerspectiveLUT.SampleCountPerSlice:1]]
[2020.05.20-10.18.06:373][  0]LogConfig: Setting CVar [[r.SkyAtmosphere.AerialPerspectiveLUT.DepthResolution:16.0]]
[2020.05.20-10.18.06:373][  0]LogConfig: Setting CVar [[r.SkyAtmosphere.FastSkyLUT:1]]
[2020.05.20-10.18.06:373][  0]LogConfig: Setting CVar [[r.SkyAtmosphere.FastSkyLUT.SampleCountMin:4.0]]
[2020.05.20-10.18.06:373][  0]LogConfig: Setting CVar [[r.SkyAtmosphere.FastSkyLUT.SampleCountMax:32.0]]
[2020.05.20-10.18.06:373][  0]LogConfig: Setting CVar [[r.SkyAtmosphere.SampleCountMin:4.0]]
[2020.05.20-10.18.06:373][  0]LogConfig: Setting CVar [[r.SkyAtmosphere.SampleCountMax:32.0]]
[2020.05.20-10.18.06:373][  0]LogConfig: Setting CVar [[r.SkyAtmosphere.TransmittanceLUT.UseSmallFormat:0]]
[2020.05.20-10.18.06:373][  0]LogConfig: Setting CVar [[r.SkyAtmosphere.TransmittanceLUT.SampleCount:10.0]]
[2020.05.20-10.18.06:373][  0]LogConfig: Setting CVar [[r.SkyAtmosphere.MultiScatteringLUT.SampleCount:15.0]]
[2020.05.20-10.18.06:373][  0]LogConfig: Applying CVar settings from Section [FoliageQuality@3] File [C:/Users/Aleks/Documents/Pizza Party SVN/Domek_na_drzewie/Saved/Config/Windows/Scalability.ini]
[2020.05.20-10.18.06:374][  0]LogConfig: Setting CVar [[foliage.DensityScale:1.0]]
[2020.05.20-10.18.06:374][  0]LogConfig: Setting CVar [[grass.DensityScale:1.0]]
[2020.05.20-10.18.06:374][  0]LogConfig: Applying CVar settings from Section [ShadingQuality@3] File [C:/Users/Aleks/Documents/Pizza Party SVN/Domek_na_drzewie/Saved/Config/Windows/Scalability.ini]
[2020.05.20-10.18.06:374][  0]LogConfig: Setting CVar [[r.HairStrands.SkyLighting.SampleCount:16]]
[2020.05.20-10.18.06:374][  0]LogConfig: Setting CVar [[r.HairStrands.SkyLighting.JitterIntegration:0]]
[2020.05.20-10.18.06:374][  0]LogConfig: Setting CVar [[r.HairStrands.SkyAO.SampleCount:16]]
[2020.05.20-10.18.06:374][  0]LogInit: Selected Device Profile: [Windows]
[2020.05.20-10.18.06:374][  0]LogInit: Applying CVar settings loaded from the selected device profile: [Windows]
[2020.05.20-10.18.06:376][  0]LogHAL: Display: Platform has ~ 16 GB [17066790912 / 17179869184 / 16], which maps to Larger [LargestMinGB=32, LargerMinGB=12, DefaultMinGB=8, SmallerMinGB=6, SmallestMinGB=0)
[2020.05.20-10.18.06:376][  0]LogInit: Going up to parent DeviceProfile []
[2020.05.20-10.18.06:376][  0]LogConfig: Applying CVar settings from Section [ViewDistanceQuality@3] File [C:/Users/Aleks/Documents/Pizza Party SVN/Domek_na_drzewie/Saved/Config/Windows/Scalability.ini]
[2020.05.20-10.18.06:376][  0]LogConfig: Setting CVar [[r.SkeletalMeshLODBias:0]]
[2020.05.20-10.18.06:376][  0]LogConfig: Setting CVar [[r.ViewDistanceScale:1.0]]
[2020.05.20-10.18.06:376][  0]LogConfig: Applying CVar settings from Section [AntiAliasingQuality@3] File [C:/Users/Aleks/Documents/Pizza Party SVN/Domek_na_drzewie/Saved/Config/Windows/Scalability.ini]
[2020.05.20-10.18.06:376][  0]LogConfig: Setting CVar [[r.PostProcessAAQuality:4]]
[2020.05.20-10.18.06:376][  0]LogConfig: Applying CVar settings from Section [ShadowQuality@3] File [C:/Users/Aleks/Documents/Pizza Party SVN/Domek_na_drzewie/Saved/Config/Windows/Scalability.ini]
[2020.05.20-10.18.06:376][  0]LogConfig: Setting CVar [[r.LightFunctionQuality:1]]
[2020.05.20-10.18.06:376][  0]LogConfig: Setting CVar [[r.ShadowQuality:5]]
[2020.05.20-10.18.06:376][  0]LogConfig: Setting CVar [[r.Shadow.CSM.MaxCascades:10]]
[2020.05.20-10.18.06:376][  0]LogConfig: Setting CVar [[r.Shadow.MaxResolution:2048]]
[2020.05.20-10.18.06:376][  0]LogConfig: Setting CVar [[r.Shadow.MaxCSMResolution:2048]]
[2020.05.20-10.18.06:376][  0]LogConfig: Setting CVar [[r.Shadow.RadiusThreshold:0.01]]
[2020.05.20-10.18.06:376][  0]LogConfig: Setting CVar [[r.Shadow.DistanceScale:1.0]]
[2020.05.20-10.18.06:376][  0]LogConfig: Setting CVar [[r.Shadow.CSM.TransitionScale:1.0]]
[2020.05.20-10.18.06:377][  0]LogConfig: Setting CVar [[r.Shadow.PreShadowResolutionFactor:1.0]]
[2020.05.20-10.18.06:377][  0]LogConfig: Setting CVar [[r.DistanceFieldShadowing:1]]
[2020.05.20-10.18.06:377][  0]LogConfig: Setting CVar [[r.DistanceFieldAO:1]]
[2020.05.20-10.18.06:377][  0]LogConfig: Setting CVar [[r.AOQuality:2]]
[2020.05.20-10.18.06:377][  0]LogConfig: Setting CVar [[r.VolumetricFog:1]]
[2020.05.20-10.18.06:377][  0]LogConfig: Setting CVar [[r.VolumetricFog.GridPixelSize:8]]
[2020.05.20-10.18.06:377][  0]LogConfig: Setting CVar [[r.VolumetricFog.GridSizeZ:128]]
[2020.05.20-10.18.06:377][  0]LogConfig: Setting CVar [[r.VolumetricFog.HistoryMissSupersampleCount:4]]
[2020.05.20-10.18.06:377][  0]LogConfig: Setting CVar [[r.LightMaxDrawDistanceScale:1]]
[2020.05.20-10.18.06:377][  0]LogConfig: Setting CVar [[r.CapsuleShadows:1]]
[2020.05.20-10.18.06:377][  0]LogConfig: Applying CVar settings from Section [PostProcessQuality@3] File [C:/Users/Aleks/Documents/Pizza Party SVN/Domek_na_drzewie/Saved/Config/Windows/Scalability.ini]
[2020.05.20-10.18.06:377][  0]LogConfig: Setting CVar [[r.MotionBlurQuality:4]]
[2020.05.20-10.18.06:377][  0]LogConfig: Setting CVar [[r.AmbientOcclusionMipLevelFactor:0.4]]
[2020.05.20-10.18.06:377][  0]LogConfig: Setting CVar [[r.AmbientOcclusionMaxQuality:100]]
[2020.05.20-10.18.06:377][  0]LogConfig: Setting CVar [[r.AmbientOcclusionLevels:-1]]
[2020.05.20-10.18.06:377][  0]LogConfig: Setting CVar [[r.AmbientOcclusionRadiusScale:1.0]]
[2020.05.20-10.18.06:377][  0]LogConfig: Setting CVar [[r.DepthOfFieldQuality:2]]
[2020.05.20-10.18.06:377][  0]LogConfig: Setting CVar [[r.RenderTargetPoolMin:400]]
[2020.05.20-10.18.06:377][  0]LogConfig: Setting CVar [[r.LensFlareQuality:2]]
[2020.05.20-10.18.06:377][  0]LogConfig: Setting CVar [[r.SceneColorFringeQuality:1]]
[2020.05.20-10.18.06:377][  0]LogConfig: Setting CVar [[r.EyeAdaptationQuality:2]]
[2020.05.20-10.18.06:377][  0]LogConfig: Setting CVar [[r.BloomQuality:5]]
[2020.05.20-10.18.06:377][  0]LogConfig: Setting CVar [[r.FastBlurThreshold:100]]
[2020.05.20-10.18.06:377][  0]LogConfig: Setting CVar [[r.Upscale.Quality:3]]
[2020.05.20-10.18.06:377][  0]LogConfig: Setting CVar [[r.Tonemapper.GrainQuantization:1]]
[2020.05.20-10.18.06:377][  0]LogConfig: Setting CVar [[r.LightShaftQuality:1]]
[2020.05.20-10.18.06:377][  0]LogConfig: Setting CVar [[r.Filter.SizeScale:1]]
[2020.05.20-10.18.06:377][  0]LogConfig: Setting CVar [[r.Tonemapper.Quality:5]]
[2020.05.20-10.18.06:377][  0]LogConfig: Setting CVar [[r.DOF.Gather.AccumulatorQuality:1        ; higher gathering accumulator quality]]
[2020.05.20-10.18.06:377][  0]LogConfig: Setting CVar [[r.DOF.Gather.PostfilterMethod:1          ; Median3x3 postfilering method]]
[2020.05.20-10.18.06:377][  0]LogConfig: Setting CVar [[r.DOF.Gather.EnableBokehSettings:0       ; no bokeh simulation when gathering]]
[2020.05.20-10.18.06:377][  0]LogConfig: Setting CVar [[r.DOF.Gather.RingCount:4                 ; medium number of samples when gathering]]
[2020.05.20-10.18.06:377][  0]LogConfig: Setting CVar [[r.DOF.Scatter.ForegroundCompositing:1    ; additive foreground scattering]]
[2020.05.20-10.18.06:377][  0]LogConfig: Setting CVar [[r.DOF.Scatter.BackgroundCompositing:2    ; additive background scattering]]
[2020.05.20-10.18.06:377][  0]LogConfig: Setting CVar [[r.DOF.Scatter.EnableBokehSettings:1      ; bokeh simulation when scattering]]
[2020.05.20-10.18.06:377][  0]LogConfig: Setting CVar [[r.DOF.Scatter.MaxSpriteRatio:0.1         ; only a maximum of 10% of scattered bokeh]]
[2020.05.20-10.18.06:377][  0]LogConfig: Setting CVar [[r.DOF.Recombine.Quality:1                ; cheap slight out of focus]]
[2020.05.20-10.18.06:377][  0]LogConfig: Setting CVar [[r.DOF.Recombine.EnableBokehSettings:0    ; no bokeh simulation on slight out of focus]]
[2020.05.20-10.18.06:377][  0]LogConfig: Setting CVar [[r.DOF.TemporalAAQuality:1                ; more stable temporal accumulation]]
[2020.05.20-10.18.06:377][  0]LogConfig: Setting CVar [[r.DOF.Kernel.MaxForegroundRadius:0.025]]
[2020.05.20-10.18.06:377][  0]LogConfig: Setting CVar [[r.DOF.Kernel.MaxBackgroundRadius:0.025]]
[2020.05.20-10.18.06:377][  0]LogConfig: Applying CVar settings from Section [TextureQuality@3] File [C:/Users/Aleks/Documents/Pizza Party SVN/Domek_na_drzewie/Saved/Config/Windows/Scalability.ini]
[2020.05.20-10.18.06:377][  0]LogConfig: Setting CVar [[r.Streaming.MipBias:0]]
[2020.05.20-10.18.06:377][  0]LogConfig: Setting CVar [[r.Streaming.AmortizeCPUToGPUCopy:0]]
[2020.05.20-10.18.06:377][  0]LogConfig: Setting CVar [[r.Streaming.MaxNumTexturesToStreamPerFrame:0]]
[2020.05.20-10.18.06:377][  0]LogConfig: Setting CVar [[r.Streaming.Boost:1]]
[2020.05.20-10.18.06:377][  0]LogConfig: Setting CVar [[r.MaxAnisotropy:8]]
[2020.05.20-10.18.06:377][  0]LogConfig: Setting CVar [[r.VT.MaxAnisotropy:8]]
[2020.05.20-10.18.06:377][  0]LogConfig: Setting CVar [[r.Streaming.LimitPoolSizeToVRAM:0]]
[2020.05.20-10.18.06:377][  0]LogConfig: Setting CVar [[r.Streaming.PoolSize:1000]]
[2020.05.20-10.18.06:377][  0]LogConfig: Setting CVar [[r.Streaming.MaxEffectiveScreenSize:0]]
[2020.05.20-10.18.06:377][  0]LogConfig: Applying CVar settings from Section [EffectsQuality@3] File [C:/Users/Aleks/Documents/Pizza Party SVN/Domek_na_drzewie/Saved/Config/Windows/Scalability.ini]
[2020.05.20-10.18.06:377][  0]LogConfig: Setting CVar [[r.TranslucencyLightingVolumeDim:64]]
[2020.05.20-10.18.06:377][  0]LogConfig: Setting CVar [[r.RefractionQuality:2]]
[2020.05.20-10.18.06:377][  0]LogConfig: Setting CVar [[r.SSR.Quality:3]]
[2020.05.20-10.18.06:377][  0]LogConfig: Setting CVar [[r.SSR.HalfResSceneColor:0]]
[2020.05.20-10.18.06:377][  0]LogConfig: Setting CVar [[r.SceneColorFormat:4]]
[2020.05.20-10.18.06:377][  0]LogConfig: Setting CVar [[r.DetailMode:2]]
[2020.05.20-10.18.06:377][  0]LogConfig: Setting CVar [[r.TranslucencyVolumeBlur:1]]
[2020.05.20-10.18.06:377][  0]LogConfig: Setting CVar [[r.MaterialQualityLevel:1 ; High quality]]
[2020.05.20-10.18.06:377][  0]LogConfig: Setting CVar [[r.SSS.Scale:1]]
[2020.05.20-10.18.06:377][  0]LogConfig: Setting CVar [[r.SSS.SampleSet:2]]
[2020.05.20-10.18.06:378][  0]LogConfig: Setting CVar [[r.SSS.Quality:1]]
[2020.05.20-10.18.06:378][  0]LogConfig: Setting CVar [[r.SSS.HalfRes:1]]
[2020.05.20-10.18.06:378][  0]LogConfig: Setting CVar [[r.SSGI.Quality:3]]
[2020.05.20-10.18.06:378][  0]LogConfig: Setting CVar [[r.EmitterSpawnRateScale:1.0]]
[2020.05.20-10.18.06:378][  0]LogConfig: Setting CVar [[r.ParticleLightQuality:2]]
[2020.05.20-10.18.06:378][  0]LogConfig: Setting CVar [[r.SkyAtmosphere.AerialPerspectiveLUT.FastApplyOnOpaque:1 ; Always have FastSkyLUT 1 in this case to avoid wrong sky]]
[2020.05.20-10.18.06:378][  0]LogConfig: Setting CVar [[r.SkyAtmosphere.AerialPerspectiveLUT.SampleCountPerSlice:1]]
[2020.05.20-10.18.06:378][  0]LogConfig: Setting CVar [[r.SkyAtmosphere.AerialPerspectiveLUT.DepthResolution:16.0]]
[2020.05.20-10.18.06:378][  0]LogConfig: Setting CVar [[r.SkyAtmosphere.FastSkyLUT:1]]
[2020.05.20-10.18.06:378][  0]LogConfig: Setting CVar [[r.SkyAtmosphere.FastSkyLUT.SampleCountMin:4.0]]
[2020.05.20-10.18.06:378][  0]LogConfig: Setting CVar [[r.SkyAtmosphere.FastSkyLUT.SampleCountMax:32.0]]
[2020.05.20-10.18.06:378][  0]LogConfig: Setting CVar [[r.SkyAtmosphere.SampleCountMin:4.0]]
[2020.05.20-10.18.06:378][  0]LogConfig: Setting CVar [[r.SkyAtmosphere.SampleCountMax:32.0]]
[2020.05.20-10.18.06:378][  0]LogConfig: Setting CVar [[r.SkyAtmosphere.TransmittanceLUT.UseSmallFormat:0]]
[2020.05.20-10.18.06:378][  0]LogConfig: Setting CVar [[r.SkyAtmosphere.TransmittanceLUT.SampleCount:10.0]]
[2020.05.20-10.18.06:378][  0]LogConfig: Setting CVar [[r.SkyAtmosphere.MultiScatteringLUT.SampleCount:15.0]]
[2020.05.20-10.18.06:378][  0]LogConfig: Applying CVar settings from Section [FoliageQuality@3] File [C:/Users/Aleks/Documents/Pizza Party SVN/Domek_na_drzewie/Saved/Config/Windows/Scalability.ini]
[2020.05.20-10.18.06:378][  0]LogConfig: Setting CVar [[foliage.DensityScale:1.0]]
[2020.05.20-10.18.06:378][  0]LogConfig: Setting CVar [[grass.DensityScale:1.0]]
[2020.05.20-10.18.06:378][  0]LogConfig: Applying CVar settings from Section [ShadingQuality@3] File [C:/Users/Aleks/Documents/Pizza Party SVN/Domek_na_drzewie/Saved/Config/Windows/Scalability.ini]
[2020.05.20-10.18.06:378][  0]LogConfig: Setting CVar [[r.HairStrands.SkyLighting.SampleCount:16]]
[2020.05.20-10.18.06:378][  0]LogConfig: Setting CVar [[r.HairStrands.SkyLighting.JitterIntegration:0]]
[2020.05.20-10.18.06:378][  0]LogConfig: Setting CVar [[r.HairStrands.SkyAO.SampleCount:16]]
[2020.05.20-10.18.06:378][  0]LogConfig: Applying CVar settings from Section [Startup] File [../../../Engine/Config/ConsoleVariables.ini]
[2020.05.20-10.18.06:378][  0]LogConfig: Setting CVar [[net.UseAdaptiveNetUpdateFrequency:0]]
[2020.05.20-10.18.06:378][  0]LogConfig: Setting CVar [[p.chaos.AllowCreatePhysxBodies:1]]
[2020.05.20-10.18.06:378][  0]LogConfig: Applying CVar settings from Section [ConsoleVariables] File [C:/Users/Aleks/Documents/Pizza Party SVN/Domek_na_drzewie/Saved/Config/Windows/Engine.ini]
[2020.05.20-10.18.06:378][  0]LogInit: Computer: LAPTOP-2E2LEE5I
[2020.05.20-10.18.06:378][  0]LogInit: User: Aleks
[2020.05.20-10.18.06:378][  0]LogInit: CPU Page size=4096, Cores=4
[2020.05.20-10.18.06:378][  0]LogInit: High frequency timer resolution =10.000000 MHz
[2020.05.20-10.18.06:378][  0]LogMemory: Memory total: Physical=15.9GB (16GB approx)
[2020.05.20-10.18.06:378][  0]LogMemory: Platform Memory Stats for Windows
[2020.05.20-10.18.06:378][  0]LogMemory: Process Physical Memory: 104.86 MB used, 104.86 MB peak
[2020.05.20-10.18.06:378][  0]LogMemory: Process Virtual Memory: 103.93 MB used, 103.93 MB peak
[2020.05.20-10.18.06:378][  0]LogMemory: Physical Memory: 9210.27 MB used,  7065.89 MB free, 16276.16 MB total
[2020.05.20-10.18.06:379][  0]LogMemory: Virtual Memory: 5125.18 MB used,  134212600.00 MB free, 134217728.00 MB total
[2020.05.20-10.18.06:382][  0]LogWindows: WindowsPlatformFeatures enabled
[2020.05.20-10.18.06:403][  0]LogInit: Using OS detected language (pl-PL).
[2020.05.20-10.18.06:403][  0]LogInit: Using OS detected locale (pl-PL).
[2020.05.20-10.18.06:404][  0]LogTextLocalizationManager: No specific localization for 'pl-PL' exists, so the 'pl' localization will be used.
[2020.05.20-10.18.06:404][  0]LogTextLocalizationResource: LocRes '../../../Engine/Content/Localization/Editor/pl/Editor.locres' could not be opened for reading!
[2020.05.20-10.18.06:404][  0]LogTextLocalizationResource: LocRes '../../../Engine/Content/Localization/EditorTutorials/pl/EditorTutorials.locres' could not be opened for reading!
[2020.05.20-10.18.06:405][  0]LogTextLocalizationResource: LocRes '../../../Engine/Content/Localization/Keywords/pl/Keywords.locres' could not be opened for reading!
[2020.05.20-10.18.06:405][  0]LogTextLocalizationResource: LocRes '../../../Engine/Content/Localization/Category/pl/Category.locres' could not be opened for reading!
[2020.05.20-10.18.06:405][  0]LogTextLocalizationResource: LocRes '../../../Engine/Content/Localization/ToolTips/pl/ToolTips.locres' could not be opened for reading!
[2020.05.20-10.18.06:405][  0]LogTextLocalizationResource: LocRes '../../../Engine/Content/Localization/PropertyNames/pl/PropertyNames.locres' could not be opened for reading!
[2020.05.20-10.18.06:405][  0]LogTextLocalizationResource: LocRes '../../../Engine/Content/Localization/Engine/pl/Engine.locres' could not be opened for reading!
[2020.05.20-10.18.06:406][  0]LogInit: Setting process to per monitor DPI aware
[2020.05.20-10.18.06:438][  0]LogSlate: New Slate User Created.  User Index 0, Is Virtual User: 0
[2020.05.20-10.18.06:438][  0]LogSlate: Slate User Registered.  User Index 0, Is Virtual User: 0
[2020.05.20-10.18.06:618][  0]LogHMD: Failed to initialize OpenVR with code 110
[2020.05.20-10.18.06:618][  0]LogD3D11RHI: D3D11 min allowed feature level: 11_0
[2020.05.20-10.18.06:618][  0]LogD3D11RHI: D3D11 max allowed feature level: 11_0
[2020.05.20-10.18.06:618][  0]LogD3D11RHI: D3D11 adapters:
[2020.05.20-10.18.06:678][  0]LogD3D11RHI:    0. 'NVIDIA GeForce GTX 1050' (Feature Level 11_0)
[2020.05.20-10.18.06:678][  0]LogD3D11RHI:       4021/0/8138 MB DedicatedVideo/DedicatedSystem/SharedSystem, Outputs:2, VendorId:0x10de
[2020.05.20-10.18.06:690][  0]LogD3D11RHI:    1. 'Intel(R) HD Graphics 630' (Feature Level 11_0)
[2020.05.20-10.18.06:690][  0]LogD3D11RHI:       128/0/8138 MB DedicatedVideo/DedicatedSystem/SharedSystem, Outputs:0, VendorId:0x8086
[2020.05.20-10.18.06:693][  0]LogD3D11RHI:    2. 'Microsoft Basic Render Driver' (Feature Level 11_0)
[2020.05.20-10.18.06:693][  0]LogD3D11RHI:       0/0/8138 MB DedicatedVideo/DedicatedSystem/SharedSystem, Outputs:0, VendorId:0x1414
[2020.05.20-10.18.06:693][  0]LogD3D11RHI: Chosen D3D11 Adapter: 0
[2020.05.20-10.18.06:737][  0]LogD3D11RHI: Creating new Direct3DDevice
[2020.05.20-10.18.06:737][  0]LogD3D11RHI:     GPU DeviceId: 0x1c8d (for the marketing name, search the web for "GPU Device Id")
[2020.05.20-10.18.06:737][  0]LogWindows: EnumDisplayDevices:
[2020.05.20-10.18.06:737][  0]LogWindows:    0. 'Intel(R) HD Graphics 630' (P:1 D:1)
[2020.05.20-10.18.06:738][  0]LogWindows:    1. 'Intel(R) HD Graphics 630' (P:0 D:1)
[2020.05.20-10.18.06:738][  0]LogWindows:    2. 'Intel(R) HD Graphics 630' (P:0 D:0)
[2020.05.20-10.18.06:738][  0]LogWindows: DebugString: PrimaryIsNotTheChoosenAdapter PrimaryIsNotTheChoosenAdapter PrimaryIsNotTheChoosenAdapter FoundDriverCount:0 
[2020.05.20-10.18.06:738][  0]LogD3D11RHI:     Adapter Name: NVIDIA GeForce GTX 1050
[2020.05.20-10.18.06:738][  0]LogD3D11RHI:   Driver Version: Unknown (internal:Unknown, unified:Unknown)
[2020.05.20-10.18.06:738][  0]LogD3D11RHI:      Driver Date: Unknown
[2020.05.20-10.18.06:738][  0]LogRHI: Texture pool is 2814 MB (70% of 4021 MB)
[2020.05.20-10.18.06:775][  0]LogD3D11RHI: RHI has support for 64 bit atomics
[2020.05.20-10.18.06:775][  0]LogD3D11RHI: Async texture creation enabled
[2020.05.20-10.18.06:793][  0]LogD3D11RHI: GPU Timing Frequency: 1000.000000 (Debug: 2 2)
[2020.05.20-10.18.07:179][  0]LogTargetPlatformManager: Display: Loaded TargetPlatform 'AllDesktop'
[2020.05.20-10.18.07:218][  0]LogTargetPlatformManager: Display: Loaded TargetPlatform 'Android'
[2020.05.20-10.18.07:218][  0]LogTargetPlatformManager: Display: Loaded TargetPlatform 'Android_ASTC'
[2020.05.20-10.18.07:218][  0]LogTargetPlatformManager: Display: Loaded TargetPlatform 'Android_ATC'
[2020.05.20-10.18.07:218][  0]LogTargetPlatformManager: Display: Loaded TargetPlatform 'Android_DXT'
[2020.05.20-10.18.07:218][  0]LogTargetPlatformManager: Display: Loaded TargetPlatform 'Android_ETC1'
[2020.05.20-10.18.07:218][  0]LogTargetPlatformManager: Display: Loaded TargetPlatform 'Android_ETC1a'
[2020.05.20-10.18.07:218][  0]LogTargetPlatformManager: Display: Loaded TargetPlatform 'Android_ETC2'
[2020.05.20-10.18.07:219][  0]LogTargetPlatformManager: Display: Loaded TargetPlatform 'Android_PVRTC'
[2020.05.20-10.18.07:219][  0]LogTargetPlatformManager: Display: Loaded TargetPlatform 'AndroidClient'
[2020.05.20-10.18.07:219][  0]LogTargetPlatformManager: Display: Loaded TargetPlatform 'Android_ASTCClient'
[2020.05.20-10.18.07:219][  0]LogTargetPlatformManager: Display: Loaded TargetPlatform 'Android_ATCClient'
[2020.05.20-10.18.07:219][  0]LogTargetPlatformManager: Display: Loaded TargetPlatform 'Android_DXTClient'
[2020.05.20-10.18.07:219][  0]LogTargetPlatformManager: Display: Loaded TargetPlatform 'Android_ETC1Client'
[2020.05.20-10.18.07:219][  0]LogTargetPlatformManager: Display: Loaded TargetPlatform 'Android_ETC1aClient'
[2020.05.20-10.18.07:219][  0]LogTargetPlatformManager: Display: Loaded TargetPlatform 'Android_ETC2Client'
[2020.05.20-10.18.07:219][  0]LogTargetPlatformManager: Display: Loaded TargetPlatform 'Android_PVRTCClient'
[2020.05.20-10.18.07:219][  0]LogTargetPlatformManager: Display: Loaded TargetPlatform 'Android_Multi'
[2020.05.20-10.18.07:219][  0]LogTargetPlatformManager: Display: Loaded TargetPlatform 'Android_MultiClient'
[2020.05.20-10.18.07:238][  0]LogTargetPlatformManager: Display: Loaded TargetPlatform 'IOSClient'
[2020.05.20-10.18.07:238][  0]LogTargetPlatformManager: Display: Loaded TargetPlatform 'IOS'
[2020.05.20-10.18.07:245][  0]LogTargetPlatformManager: Display: Loaded TargetPlatform 'LinuxNoEditor'
[2020.05.20-10.18.07:253][  0]LogTargetPlatformManager: Display: Loaded TargetPlatform 'LinuxClient'
[2020.05.20-10.18.07:261][  0]LogTargetPlatformManager: Display: Loaded TargetPlatform 'LinuxServer'
[2020.05.20-10.18.07:269][  0]LogTargetPlatformManager: Display: Loaded TargetPlatform 'LinuxAArch64NoEditor'
[2020.05.20-10.18.07:277][  0]LogTargetPlatformManager: Display: Loaded TargetPlatform 'LinuxAArch64Client'
[2020.05.20-10.18.07:284][  0]LogTargetPlatformManager: Display: Loaded TargetPlatform 'LinuxAArch64Server'
[2020.05.20-10.18.07:310][  0]LogTargetPlatformManager: Display: Loaded TargetPlatform 'Lumin'
[2020.05.20-10.18.07:310][  0]LogTargetPlatformManager: Display: Loaded TargetPlatform 'LuminClient'
[2020.05.20-10.18.07:325][  0]LogTargetPlatformManager: Display: Loaded TargetPlatform 'TVOSClient'
[2020.05.20-10.18.07:325][  0]LogTargetPlatformManager: Display: Loaded TargetPlatform 'TVOS'
[2020.05.20-10.18.07:333][  0]LogTargetPlatformManager: Display: Loaded TargetPlatform 'WindowsNoEditor'
[2020.05.20-10.18.07:340][  0]LogTargetPlatformManager: Display: Loaded TargetPlatform 'Windows'
[2020.05.20-10.18.07:347][  0]LogTargetPlatformManager: Display: Loaded TargetPlatform 'WindowsClient'
[2020.05.20-10.18.07:354][  0]LogTargetPlatformManager: Display: Loaded TargetPlatform 'WindowsServer'
[2020.05.20-10.18.07:354][  0]LogTargetPlatformManager: Display: Building Assets For Windows
[2020.05.20-10.18.07:356][  0]LogAudioDebug: Display: Lib vorbis DLL was dynamically loaded.
[2020.05.20-10.18.07:374][  0]LogShaderCompilers: Guid format shader working directory is -12 characters bigger than the processId version (C:/Users/Aleks/Documents/Pizza Party SVN/Domek_na_drzewie/Intermediate/Shaders/WorkingDirectory/31100/).
[2020.05.20-10.18.07:374][  0]LogShaderCompilers: Cleaned the shader compiler working directory 'C:/Users/Aleks/AppData/Local/Temp/UnrealShaderWorkingDir/8B86481647025B4F65C6E9A27FC4F375/'.
[2020.05.20-10.18.07:375][  0]LogXGEController: Cannot use XGE Controller as Incredibuild is not installed on this machine.
[2020.05.20-10.18.07:375][  0]LogShaderCompilers: Cannot use XGE Shader Compiler as Incredibuild is not installed on this machine.
[2020.05.20-10.18.07:375][  0]LogShaderCompilers: Display: Using Local Shader Compiler.
[2020.05.20-10.18.08:872][  0]LogDerivedDataCache: Display: Max Cache Size: 512 MB
[2020.05.20-10.18.09:406][  0]LogDerivedDataCache: Loaded boot cache 0.53s 79MB C:/Users/Aleks/AppData/Local/UnrealEngine/4.24/DerivedDataCache/Boot.ddc.
[2020.05.20-10.18.09:406][  0]LogDerivedDataCache: Display: Loaded Boot cache: C:/Users/Aleks/AppData/Local/UnrealEngine/4.24/DerivedDataCache/Boot.ddc
[2020.05.20-10.18.09:406][  0]LogDerivedDataCache: FDerivedDataBackendGraph:  Pak pak cache file C:/Users/Aleks/Documents/Pizza Party SVN/Domek_na_drzewie/DerivedDataCache/DDC.ddp not found, will not use a pak cache.
[2020.05.20-10.18.09:406][  0]LogDerivedDataCache: Unable to find inner node Pak for hierarchical cache Hierarchy.
[2020.05.20-10.18.09:406][  0]LogDerivedDataCache: FDerivedDataBackendGraph:  CompressedPak pak cache file C:/Users/Aleks/Documents/Pizza Party SVN/Domek_na_drzewie/DerivedDataCache/Compressed.ddp not found, will not use a pak cache.
[2020.05.20-10.18.09:406][  0]LogDerivedDataCache: Unable to find inner node CompressedPak for hierarchical cache Hierarchy.
[2020.05.20-10.18.09:481][  0]LogDerivedDataCache: Display: Pak cache opened for reading ../../../Engine/DerivedDataCache/Compressed.ddp.
[2020.05.20-10.18.09:482][  0]LogDerivedDataCache: FDerivedDataBackendGraph:  EnterprisePak pak cache file ../../../Enterprise/DerivedDataCache/Compressed.ddp not found, will not use a pak cache.
[2020.05.20-10.18.09:482][  0]LogDerivedDataCache: Unable to find inner node EnterprisePak for hierarchical cache Hierarchy.
[2020.05.20-10.18.09:485][  0]LogDerivedDataCache: Using Local data cache path C:/Users/Aleks/AppData/Local/UnrealEngine/Common/DerivedDataCache: Writable
[2020.05.20-10.18.09:485][  0]LogDerivedDataCache: Shared data cache path not found in *engine.ini, will not use an Shared cache.
[2020.05.20-10.18.09:485][  0]LogDerivedDataCache: Unable to find inner node Shared for hierarchical cache Hierarchy.
[2020.05.20-10.18.09:551][  0]LogMaterial: Verifying Global Shaders for PCD3D_SM5
[2020.05.20-10.18.09:589][  0]LogSlate: Using FreeType 2.10.0
[2020.05.20-10.18.09:673][  0]LogSlate: SlateFontServices - WITH_FREETYPE: 1, WITH_HARFBUZZ: 1
[2020.05.20-10.18.10:899][  0]LogAssetRegistry: FAssetRegistry took 0.0056 seconds to start up
[2020.05.20-10.18.12:932][  0]LogInit: Selected Device Profile: [Windows]
[2020.05.20-10.18.14:380][  0]LogMeshReduction: Using QuadricMeshReduction for automatic static mesh reduction
[2020.05.20-10.18.14:380][  0]LogMeshReduction: Using SimplygonMeshReduction for automatic skeletal mesh reduction
[2020.05.20-10.18.14:380][  0]LogMeshReduction: Using ProxyLODMeshReduction for automatic mesh merging
[2020.05.20-10.18.14:380][  0]LogMeshReduction: No distributed automatic mesh merging module available
[2020.05.20-10.18.14:380][  0]LogMeshMerging: No distributed automatic mesh merging module available
[2020.05.20-10.18.14:625][  0]LogNetVersion: Domek_na_drzewie 1.0.0, NetCL: 10570792, EngineNetVer: 13, GameNetVer: 0 (Checksum: 3467246054)
[2020.05.20-10.18.28:349][  0]LogPackageLocalizationCache: Processed 10 localized package path(s) for 1 prioritized culture(s) in 0.092330 seconds
[2020.05.20-10.18.28:357][  0]LogUObjectArray: 46750 objects as part of root set at end of initial load.
[2020.05.20-10.18.28:357][  0]LogUObjectAllocator: 8137160 out of 0 bytes used by permanent object pool.
[2020.05.20-10.18.28:357][  0]LogUObjectArray: CloseDisregardForGC: 0/0 objects in disregard for GC pool
[2020.05.20-10.18.31:045][  0]LogConfig: Warning: Failed to saved backup for config[C:/Users/Aleks/Documents/Pizza Party SVN/Domek_na_drzewie/Intermediate/Config/CoalescedSourceConfigs/InternationalizationExport.ini]
[2020.05.20-10.18.32:484][  0]LogTcpMessaging: Initializing TcpMessaging bridge
[2020.05.20-10.18.32:539][  0]LogUdpMessaging: Initializing bridge on interface 0.0.0.0:0 to multicast group 230.0.0.1:6666.
[2020.05.20-10.18.33:186][  0]LogConfig: Warning: Failed to saved backup for config[C:/Users/Aleks/Documents/Pizza Party SVN/Domek_na_drzewie/Intermediate/Config/CoalescedSourceConfigs/SourceControlSettings.ini]
[2020.05.20-10.18.33:186][  0]SourceControl: Source control is disabled
[2020.05.20-10.18.33:195][  0]SourceControl: Source control is disabled
[2020.05.20-10.18.33:272][  0]SourceControl: Source control is disabled
[2020.05.20-10.18.33:288][  0]SourceControl: Source control is disabled
[2020.05.20-10.18.35:003][  0]LogAndroidPermission: UAndroidPermissionCallbackProxy::GetInstance
[2020.05.20-10.18.35:133][  0]LogAudioCaptureCore: Display: No Audio Capture implementations found. Audio input will be silent.
[2020.05.20-10.18.35:133][  0]LogAudioCaptureCore: Display: No Audio Capture implementations found. Audio input will be silent.
[2020.05.20-10.18.35:533][  0]LogOcInput: OculusInput pre-init called
[2020.05.20-10.18.35:598][  0]LogWindows: Failed to load 'OVRPlugin.dll' (GetLastError=126)
[2020.05.20-10.18.35:598][  0]LogWindows: File 'OVRPlugin.dll' does not exist
[2020.05.20-10.18.36:402][  0]LogEngine: Initializing Engine...
[2020.05.20-10.18.36:404][  0]LogHMD: Failed to initialize OpenVR with code 110
[2020.05.20-10.18.36:413][  0]LogStats: UGameplayTagsManager::InitializeManager -  0.008 s
[2020.05.20-10.18.37:290][  0]LogInit: Initializing FReadOnlyCVARCache
[2020.05.20-10.18.37:647][  0]LogAIModule: Creating AISystem for world Untitled
[2020.05.20-10.18.37:797][  0]LogAudioMixer: Display: Audio Mixer Platform Settings:
[2020.05.20-10.18.37:797][  0]LogAudioMixer: Display: 	Sample Rate:						  48000
[2020.05.20-10.18.37:797][  0]LogAudioMixer: Display: 	Callback Buffer Frame Size Requested: 1024
[2020.05.20-10.18.37:797][  0]LogAudioMixer: Display: 	Callback Buffer Frame Size To Use:	  1024
[2020.05.20-10.18.37:797][  0]LogAudioMixer: Display: 	Number of buffers to queue:			  2
[2020.05.20-10.18.37:797][  0]LogAudioMixer: Display: 	Max Channels (voices):				  32
[2020.05.20-10.18.37:797][  0]LogAudioMixer: Display: 	Number of Async Source Workers:		  0
[2020.05.20-10.18.37:797][  0]LogAudio: Display: AudioDevice MaxSources: 32
[2020.05.20-10.18.37:799][  0]LogAudio: Display: Using built-in audio occlusion.
[2020.05.20-10.18.37:799][  0]LogAudioMixer: Display: Initializing audio mixer.
[2020.05.20-10.18.37:845][  0]LogAudioMixer: Display: Audio Device Output Speaker Info:
[2020.05.20-10.18.37:845][  0]LogAudioMixer: Display: Name: Głośniki (Realtek High Definition Audio)
[2020.05.20-10.18.37:845][  0]LogAudioMixer: Display: Is Default: Yes
[2020.05.20-10.18.37:845][  0]LogAudioMixer: Display: Sample Rate: 48000
[2020.05.20-10.18.37:845][  0]LogAudioMixer: Display: Channel Count Used: 2
[2020.05.20-10.18.37:845][  0]LogAudioMixer: Display: Device Channel Count: 2
[2020.05.20-10.18.37:845][  0]LogAudioMixer: Display: Channel Order:
[2020.05.20-10.18.37:845][  0]LogAudioMixer: Display: 0: FrontLeft
[2020.05.20-10.18.37:845][  0]LogAudioMixer: Display: 1: FrontRight
[2020.05.20-10.18.37:874][  0]LogAudioMixer: Display: Using Audio Device Głośniki (Realtek High Definition Audio)
[2020.05.20-10.18.37:899][  0]LogInit: FAudioDevice initialized.
[2020.05.20-10.18.37:899][  0]LogNetVersion: Set ProjectVersion to 1.0.0.0. Version Checksum will be recalculated on next use.
[2020.05.20-10.18.38:094][  0]LogDerivedDataCache: Saved boot cache 0.19s 79MB C:/Users/Aleks/AppData/Local/UnrealEngine/4.24/DerivedDataCache/Boot.ddc.
[2020.05.20-10.18.38:094][  0]LogInit: Texture streaming: Enabled
[2020.05.20-10.18.38:103][  0]LogEngineSessionManager: EngineSessionManager initialized
[2020.05.20-10.18.38:104][  0]LogEditorSessionSummary: Verbose: Initializing EditorSessionSummaryWriter for editor session tracking
[2020.05.20-10.18.38:106][  0]LogEditorSessionSummary: EditorSessionSummaryWriter initialized
[2020.05.20-10.18.38:254][  0]LogInit: Transaction tracking system initialized
[2020.05.20-10.18.38:551][  0]BlueprintLog: New page: Editor Load
[2020.05.20-10.18.39:519][  0]LocalizationService: Localization service is disabled
[2020.05.20-10.18.42:005][  0]LogFileCache: Scanning file cache for directory 'C:/Users/Aleks/Documents/Pizza Party SVN/Domek_na_drzewie/Content/' took 0.01s
[2020.05.20-10.18.42:006][  0]LogCook: Display: Max memory allowance for cook 16384mb min free memory 0mb
[2020.05.20-10.18.42:006][  0]LogCook: Display: Mobile HDR setting 1
[2020.05.20-10.18.44:936][  0]LogSourceControl: Attempting "svn info --xml "C:/Users/Aleks/Documents/Pizza Party SVN/Domek_na_drzewie/" --non-interactive --trust-server-cert --username mkrzyzaniak --password ********"
[2020.05.20-10.18.45:172][  0]LogSourceControl: Unable to detect system-level svn binary.
[2020.05.20-10.18.45:172][  0]LogSourceControl: Using path E:/Program Files/UE_4.24/Engine/Binaries/ThirdParty/svn/Win64/svn.exe for svn operations
[2020.05.20-10.18.45:695][  0]SourceControl: Warning: Successfully connected to repository http://usvn.us.edu.pl/svn/PPnD/trunk/
[2020.05.20-10.18.45:695][  0]Cmd: MAP LOAD FILE="../../../Engine/Content/Maps/Templates/Template_Default.umap" TEMPLATE=1 SHOWPROGRESS=1 FEATURELEVEL=3
[2020.05.20-10.18.45:717][  0]LightingResults: New page: Lighting Build
[2020.05.20-10.18.45:741][  0]LogWorld: UWorld::CleanupWorld for Untitled, bSessionEnded=true, bCleanupResources=true
[2020.05.20-10.18.45:754][  0]LogSlate: InvalidateAllWidgets triggered.  All widgets were invalidated
[2020.05.20-10.18.45:771][  0]MapCheck: New page: Map Check
[2020.05.20-10.18.45:771][  0]LightingResults: New page: Lighting Build
[2020.05.20-10.18.45:883][  0]LogUObjectHash: Compacting FUObjectHashTables data took   2.34ms
[2020.05.20-10.18.46:353][  0]LogAIModule: Creating AISystem for world Untitled_1
[2020.05.20-10.18.46:588][  0]LogEditorServer: Finished looking for orphan Actors (0.000 secs)
[2020.05.20-10.18.46:661][  0]LogUObjectHash: Compacting FUObjectHashTables data took   3.02ms
[2020.05.20-10.18.46:661][  0]Cmd: MAP CHECKDEP NOCLEARLOG
[2020.05.20-10.18.46:667][  0]MapCheck: Map check complete: 0 Error(s), 0 Warning(s), took 5,295ms to complete.
[2020.05.20-10.18.46:667][  0]LogFileHelpers: Loading map 'Template_Default' took 0.972
[2020.05.20-10.18.47:440][  0]LogSourceControl: Attempting "svn info "C:/Users/Aleks/Documents/Pizza Party SVN/Domek_na_drzewie/" --xml --non-interactive --trust-server-cert --username mkrzyzaniak --password ********"
[2020.05.20-10.18.47:440][  0]LogSourceControl: Attempting "svn status --show-updates --verbose --xml "C:/Users/Aleks/Documents/Pizza Party SVN/Domek_na_drzewie/" --non-interactive --trust-server-cert --username mkrzyzaniak --password ********"
[2020.05.20-10.18.47:440][  0]LogSlate: Updating window title bar state: overlay mode, drag disabled, window buttons hidden, title bar hidden
[2020.05.20-10.18.47:449][  0]LogSlate: Updating window title bar state: overlay mode, drag disabled, window buttons hidden, title bar hidden
[2020.05.20-10.18.47:459][  0]LogSlate: Updating window title bar state: overlay mode, drag disabled, window buttons hidden, title bar hidden
[2020.05.20-10.18.47:466][  0]LogSlate: Updating window title bar state: overlay mode, drag disabled, window buttons hidden, title bar hidden
[2020.05.20-10.18.47:517][  0]LogCollectionManager: Loaded 0 collections in 0.001018 seconds
[2020.05.20-10.18.47:622][  0]LogFileCache: Scanning file cache for directory 'C:/Users/Aleks/Documents/Pizza Party SVN/Domek_na_drzewie/Saved/Collections/' took 0.00s
[2020.05.20-10.18.47:623][  0]LogFileCache: Scanning file cache for directory 'C:/Users/Aleks/Documents/Pizza Party SVN/Domek_na_drzewie/Content/Developers/Aleks/Collections/' took 0.00s
[2020.05.20-10.18.47:623][  0]LogFileCache: Scanning file cache for directory 'C:/Users/Aleks/Documents/Pizza Party SVN/Domek_na_drzewie/Content/Collections/' took 0.00s
[2020.05.20-10.18.47:623][  0]LogContentBrowser: Native class hierarchy populated in 0.0097 seconds. Added 3015 classes and 717 folders.
[2020.05.20-10.18.47:653][  0]LogContentBrowser: Native class hierarchy updated for 'WidgetCarousel' in 0.0003 seconds. Added 0 classes and 0 folders.
[2020.05.20-10.18.49:434][  0]LogContentBrowser: Native class hierarchy updated for 'AddContentDialog' in 0.0002 seconds. Added 0 classes and 0 folders.
[2020.05.20-10.18.49:498][  0]LogContentBrowser: Native class hierarchy updated for 'SceneOutliner' in 0.0004 seconds. Added 2 classes and 3 folders.
[2020.05.20-10.18.49:926][  0]LogSlate: Took 0.025044 seconds to synchronously load lazily loaded font '../../../Engine/Content/Slate/Fonts/Roboto-Regular.ttf' (155K)
[2020.05.20-10.18.49:941][  0]LogSlate: Took 0.012176 seconds to synchronously load lazily loaded font '../../../Engine/Content/Slate/Fonts/Roboto-Bold.ttf' (160K)
[2020.05.20-10.18.49:962][  0]LogSlate: Took 0.015070 seconds to synchronously load lazily loaded font '../../../Engine/Content/Editor/Slate/Fonts/FontAwesome.ttf' (139K)
[2020.05.20-10.18.50:484][  0]LogRenderer: Reallocating scene render targets to support 1096x680 Format 10 NumSamples 1 (Frame:1).
[2020.05.20-10.18.50:794][  0]LogContentBrowser: Native class hierarchy updated for 'HierarchicalLODOutliner' in 0.0007 seconds. Added 0 classes and 0 folders.
[2020.05.20-10.18.50:794][  0]LogLoad: (Engine Initialization) Total time: 45.50 seconds
[2020.05.20-10.18.50:794][  0]LogLoad: (Engine Initialization) Total Blueprint compile time: 0.00 seconds
[2020.05.20-10.18.50:957][  0]SourceControl: Error: svn: E170013: Unable to connect to a repository at URL 'http://usvn.us.edu.pl/svn/PPnD/trunk/Domek_na_drzewie'
[2020.05.20-10.18.50:957][  0]SourceControl: Error: svn: E215004: No more credentials or we tried too many times.
[2020.05.20-10.18.50:957][  0]SourceControl: Error: Authentication failed
[2020.05.20-10.18.50:976][  0]LogContentStreaming: Texture pool size now 1000 MB
[2020.05.20-10.18.51:726][ 12]LogAssetRegistry: Asset discovery search completed in 40.8297 seconds
[2020.05.20-10.18.51:739][ 12]LogCollectionManager: Fixed up redirectors for 0 collections in 0.000010 seconds (updated 0 objects)
[2020.05.20-10.18.58:824][419]LogRenderer: Reallocating scene render targets to support 1096x704 Format 10 NumSamples 1 (Frame:400).
[2020.05.20-10.19.00:879][526]LogSlate: Took 0.022461 seconds to synchronously load lazily loaded font '../../../Engine/Content/Slate/Fonts/Roboto-Light.ttf' (167K)
[2020.05.20-10.19.01:792][581]LogSourceControl: Attempting "svn status --show-updates --verbose --xml "C:/Users/Aleks/Documents/Pizza Party SVN/Domek_na_drzewie/Content/Maps/Domek_na_drzewie.umap" "C:/Users/Aleks/Documents/Pizza Party SVN/Domek_na_drzewie/Content/Maps/Domek_na_drzewie_BuiltData.uasset" --non-interactive --trust-server-cert --username mkrzyzaniak --password ********"
[2020.05.20-10.19.01:956][590]SourceControl: Error: svn: E170013: Unable to connect to a repository at URL 'http://usvn.us.edu.pl/svn/PPnD/trunk/Domek_na_drzewie/Content/Maps'
[2020.05.20-10.19.01:956][590]SourceControl: Error: svn: E215004: No more credentials or we tried too many times.
[2020.05.20-10.19.01:956][590]SourceControl: Error: Authentication failed
[2020.05.20-10.19.04:667][736]LogSlate: Took 0.000159 seconds to synchronously load lazily loaded font '../../../Engine/Content/Slate/Fonts/Roboto-Light.ttf' (167K)
[2020.05.20-10.19.05:610][736]LogTexture: Display: Building textures: Krzesl_proste_1001_OcclusionRoughnessMetallic (AutoDXT, 1024X1024)
[2020.05.20-10.19.05:610][736]LogTexture: Display: Building textures: Krzesl_proste_1001_Normal (BC5, 1024X1024)
[2020.05.20-10.19.05:610][736]LogTexture: Display: Building textures: Krzesl_proste_1001_BaseColor (AutoDXT, 1024X1024)
[2020.05.20-10.19.05:610][736]LogTexture: Display: Building textures: sam_zwykly_misiek_zwykly_unwrap_1001_OcclusionRoughnessMetallic (AutoDXT, 1024X1024)
[2020.05.20-10.19.05:610][736]LogMaterial: Display: Missing cached shader map for material CubeMat, compiling. 
[2020.05.20-10.19.05:803][736]LogTexture: Display: Building textures: sam_zwykly_misiek_zwykly_unwrap_1001_Normal (BC5, 1024X1024)
[2020.05.20-10.19.05:803][736]LogStaticMesh: Building static mesh Krzesło_zolte...
[2020.05.20-10.19.05:863][736]LogShaderCompilers: Display: Worker (1/3): shaders left to compile 24
[2020.05.20-10.19.05:863][736]LogShaderCompilers: Display: Worker (2/3): shaders left to compile 15
[2020.05.20-10.19.05:863][736]LogShaderCompilers: Display: Worker (3/3): shaders left to compile 6
[2020.05.20-10.19.05:863][736]LogTexture: Display: Building textures: sam_zwykly_misiek_zwykly_unwrap_1001_BaseColor (AutoDXT, 1024X1024)
[2020.05.20-10.19.05:863][736]LogStaticMesh: Built static mesh [0.06s] /Game/Assety_Maja/Yellow_chair/Krzesło_zolte.Krzesło_zolte
[2020.05.20-10.19.06:391][736]LogTexture: Display: Building textures: Krzesl_ostre_1001_OcclusionRoughnessMetallic (AutoDXT, 1024X1024)
[2020.05.20-10.19.06:391][736]LogTexture: Display: Building textures: Krzesl_ostre_1001_Normal (BC5, 1024X1024)
[2020.05.20-10.19.06:391][736]LogMaterial: Display: Missing cached shader map for material Cube_001_Cube_001Mat, compiling. 
[2020.05.20-10.19.06:436][736]LogTexture: Display: Building textures: Krzesl_ostre_1001_BaseColor (AutoDXT, 1024X1024)
[2020.05.20-10.19.06:436][736]LogStaticMesh: Building static mesh Misio...
[2020.05.20-10.19.06:899][736]LogTexture: Display: Building textures: kubek_z_kredkami_1001_OcclusionRoughnessMetallic (AutoDXT, 1024X1024)
[2020.05.20-10.19.06:899][736]LogStaticMesh: Built static mesh [0.47s] /Game/Assety_Maja/Teddy_bear/Misio.Misio
[2020.05.20-10.19.07:017][736]LogMaterial: Display: Missing cached shader map for material Cube_001Mat, compiling. 
[2020.05.20-10.19.07:036][736]LogTexture: Display: Building textures: kubek_z_kredkami_1001_Normal (BC5, 1024X1024)
[2020.05.20-10.19.07:036][736]LogStaticMesh: Building static mesh Czerwone_krzeslo...
[2020.05.20-10.19.07:064][736]LogStaticMesh: Built static mesh [0.03s] /Game/Assety_Maja/Red_chair/Czerwone_krzeslo.Czerwone_krzeslo
[2020.05.20-10.19.07:278][736]LogTexture: Display: Building textures: kubek_z_kredkami_1001_BaseColor (AutoDXT, 1024X1024)
[2020.05.20-10.19.07:279][736]LogTexture: Display: Building textures: konik_na_biegunach_1001_OcclusionRoughnessMetallic (AutoDXT, 1024X1024)
[2020.05.20-10.19.07:279][736]LogMaterial: Display: Missing cached shader map for material 1001_2, compiling. 
[2020.05.20-10.19.07:296][736]LogStaticMesh: Building static mesh Kubek_z_kredkami...
[2020.05.20-10.19.07:447][736]LogTexture: Display: Building textures: konik_na_biegunach_1001_Normal (BC5, 1024X1024)
[2020.05.20-10.19.07:448][736]LogStaticMesh: Built static mesh [0.15s] /Game/Assety_Maja/Mug_with_pencils/Kubek_z_kredkami.Kubek_z_kredkami
[2020.05.20-10.19.08:605][736]LogTexture: Display: Building textures: konik_na_biegunach_1001_BaseColor (AutoDXT, 1024X1024)
[2020.05.20-10.19.08:605][736]LogTexture: Display: Building textures: HQ_Lightmap0_1 (AutoDXT, 256X256)
[2020.05.20-10.19.08:606][736]LogTexture: Display: Building textures: HQ_Lightmap0_2 (AutoDXT, 256X256)
[2020.05.20-10.19.08:606][736]LogTexture: Display: Building textures: LQ_Lightmap_0_1 (DXT1, 256X256)
[2020.05.20-10.19.08:606][736]LogTexture: Display: Building textures: LQ_Lightmap_0_2 (DXT1, 256X256)
[2020.05.20-10.19.08:606][736]LogTexture: Display: Building textures: ShadowMapTexture2D_8 (BGRA8, 128X128)
[2020.05.20-10.19.08:606][736]LogTexture: Display: Building textures: ShadowMapTexture2D_9 (BGRA8, 512X64)
[2020.05.20-10.19.08:624][736]LogTexture: Display: Building textures: Krzesl_gięte_1001_OcclusionRoughnessMetallic (AutoDXT, 1024X1024)
[2020.05.20-10.19.08:626][736]LogStaticMesh: Building static mesh Konik_na_biegunach...
[2020.05.20-10.19.08:748][736]LogTexture: Display: Building textures: Krzesl_gięte_1001_Normal (BC5, 1024X1024)
[2020.05.20-10.19.08:748][736]LogStaticMesh: Built static mesh [0.12s] /Game/Assety_Maja/Horse/Konik_na_biegunach.Konik_na_biegunach
[2020.05.20-10.19.08:767][736]LogStaticMesh: Building static mesh Niebieskie_krzesło...
[2020.05.20-10.19.08:828][736]LogStaticMesh: Built static mesh [0.06s] /Game/Assety_Maja/Blue_chair/Niebieskie_krzesło.Niebieskie_krzesło
[2020.05.20-10.19.08:853][736]LogMaterial: Display: Missing cached shader map for material 1001_2, compiling. 
[2020.05.20-10.19.09:514][736]LogTexture: Display: Building textures: Krzesl_gięte_1001_BaseColor (AutoDXT, 1024X1024)
[2020.05.20-10.19.09:514][736]LogMaterial: Display: Missing cached shader map for material Cube_003Mat, compiling. 
[2020.05.20-10.19.09:533][736]LogAIModule: Creating AISystem for world Domek_na_drzewie
[2020.05.20-10.19.09:634][736]LogAssetEditorSubsystem: Opening Asset editor for World /Game/Maps/Domek_na_drzewie.Domek_na_drzewie
[2020.05.20-10.19.09:698][736]LogUObjectHash: Compacting FUObjectHashTables data took   1.23ms
[2020.05.20-10.19.09:735][736]Cmd: MAP LOAD FILE="C:/Users/Aleks/Documents/Pizza Party SVN/Domek_na_drzewie/Content/Maps/Domek_na_drzewie.umap" TEMPLATE=0 SHOWPROGRESS=1 FEATURELEVEL=3
[2020.05.20-10.19.09:735][736]LightingResults: New page: Lighting Build
[2020.05.20-10.19.09:736][736]LoadErrors: New page: Loading map: Domek_na_drzewie.umap
[2020.05.20-10.19.09:743][736]LogWorld: UWorld::CleanupWorld for Untitled_1, bSessionEnded=true, bCleanupResources=true
[2020.05.20-10.19.09:743][736]LogSlate: InvalidateAllWidgets triggered.  All widgets were invalidated
[2020.05.20-10.19.09:744][736]MapCheck: New page: Map Check
[2020.05.20-10.19.09:744][736]LightingResults: New page: Lighting Build
[2020.05.20-10.19.09:798][736]LogUObjectHash: Compacting FUObjectHashTables data took   2.02ms
[2020.05.20-10.19.09:816][736]LogEditorServer: Finished looking for orphan Actors (0.000 secs)
[2020.05.20-10.19.09:843][736]LogUObjectHash: Compacting FUObjectHashTables data took   1.51ms
[2020.05.20-10.19.09:885][736]Cmd: MAP CHECKDEP NOCLEARLOG
[2020.05.20-10.19.09:885][736]MapCheck: Map check complete: 0 Error(s), 0 Warning(s), took 0,125ms to complete.
[2020.05.20-10.19.09:885][736]LogFileHelpers: Loading map 'Domek_na_drzewie' took 0.183
[2020.05.20-10.19.11:606][814]LogShaderCompilers: Display: Worker (3/3): shaders left to compile 120
[2020.05.20-10.19.13:420][920]LogShaderCompilers: Display: Worker (1/3): shaders left to compile 110
[2020.05.20-10.19.13:817][942]LogShaderCompilers: Display: Worker (2/3): shaders left to compile 100
[2020.05.20-10.19.16:927][ 89]LogShaderCompilers: Display: Worker (3/3): shaders left to compile 90
[2020.05.20-10.19.19:821][ 89]LogShaderCompilers: Display: Worker (2/3): shaders left to compile 80
[2020.05.20-10.19.19:821][ 89]LogShaderCompilers: Display: Worker (1/3): shaders left to compile 70
[2020.05.20-10.19.19:926][ 89]LogRHI: Error: SyncInterval 0
[2020.05.20-10.19.19:926][ 89]LogRHI: Error: SwapChainDesc.BufferDesc.Width 1938
[2020.05.20-10.19.19:926][ 89]LogRHI: Error: SwapChainDesc.BufferDesc.Height 1048
[2020.05.20-10.19.19:926][ 89]LogRHI: Error: SwapChainDesc.BufferDesc.RefreshRate.Numerator 0
[2020.05.20-10.19.19:926][ 89]LogRHI: Error: SwapChainDesc.BufferDesc.RefreshRate.Denominator 0
[2020.05.20-10.19.19:926][ 89]LogRHI: Error: SwapChainDesc.BufferDesc.Format 24
[2020.05.20-10.19.19:926][ 89]LogRHI: Error: SwapChainDesc.BufferDesc.ScanlineOrdering 0
[2020.05.20-10.19.19:926][ 89]LogRHI: Error: SwapChainDesc.BufferDesc.Scaling 0
[2020.05.20-10.19.19:926][ 89]LogRHI: Error: SwapChainDesc.SampleDesc.Count 1
[2020.05.20-10.19.19:926][ 89]LogRHI: Error: SwapChainDesc.SampleDesc.Quality 0
[2020.05.20-10.19.19:926][ 89]LogRHI: Error: SwapChainDesc.BufferUsage 48
[2020.05.20-10.19.19:926][ 89]LogRHI: Error: SwapChainDesc.BufferCount 2
[2020.05.20-10.19.19:926][ 89]LogRHI: Error: SwapChainDesc.OutputWindow 00000000002D12F0
[2020.05.20-10.19.19:926][ 89]LogRHI: Error: SwapChainDesc.Windowed true
[2020.05.20-10.19.19:926][ 89]LogRHI: Error: SwapChainDesc.SwapEffect 4
[2020.05.20-10.19.19:926][ 89]LogRHI: Error: SwapChainDesc.Flags 2050
[2020.05.20-10.19.19:926][ 89]LogD3D11RHI: Error: Result failed 
 at D:/Build/++UE4/Sync/Engine/Source/Runtime/Windows/D3D11RHI/Private/D3D11Viewport.cpp:389 
 with error DXGI_ERROR_DEVICE_REMOVED 00000000
[2020.05.20-10.19.19:926][ 89]LogD3D11RHI: [Aftermath] GDynamicRHI=00000179C805A0C0, GDX11NVAfterMathEnabled=0, Result=0xFFFFFFFF, bDeviceActive=0
[2020.05.20-10.19.19:926][ 89]LogWindows: Windows GetLastError: Operacja ukończona pomyślnie. (0)
[2020.05.20-10.19.25:279][ 89]LogShaderCompilers: Display: Worker (2/3): shaders left to compile 60
[2020.05.20-10.19.25:279][ 89]LogShaderCompilers: Display: Worker (3/3): shaders left to compile 50
[2020.05.20-10.19.25:279][ 89]LogShaderCompilers: Display: Worker (1/3): shaders left to compile 40
[2020.05.20-10.19.25:279][ 89]LogOutputDevice: Warning: 

Script Stack (0 frames):

[2020.05.20-10.19.25:279][ 89]LogWindows: Windows GetLastError: Operacja ukończona pomyślnie. (0)
[2020.05.20-10.19.25:291][ 89]LogThreadingWindows: Error: Runnable thread RenderThread 29 crashed.
[2020.05.20-10.19.25:291][ 89]LogWindows: Error: === Critical error: ===
[2020.05.20-10.19.25:291][ 89]LogWindows: Error: 
[2020.05.20-10.19.25:291][ 89]LogWindows: Error: Fatal error: [File:D:/Build/++UE4/Sync/Engine/Source/Runtime/RenderCore/Private/RenderingThread.cpp] [Line: 853] 
[2020.05.20-10.19.25:292][ 89]LogWindows: Error: Rendering thread exception:
[2020.05.20-10.19.25:292][ 89]LogWindows: Error: Fatal error: [File:D:/Build/++UE4/Sync/Engine/Source/Runtime/Windows/D3D11RHI/Private/D3D11Util.cpp] [Line: 198] 
[2020.05.20-10.19.25:292][ 89]LogWindows: Error: Unreal Engine is exiting due to D3D device being lost. (Error: 0x0 - 'S_OK')
[2020.05.20-10.19.25:292][ 89]LogWindows: Error: 
[2020.05.20-10.19.25:292][ 89]LogWindows: Error: 
[2020.05.20-10.19.25:292][ 89]LogWindows: Error: Unhandled Exception: 0x00008000
[2020.05.20-10.19.25:292][ 89]LogWindows: Error: 
[2020.05.20-10.19.25:292][ 89]LogWindows: Error: [Callstack] 0x00007ffb1768a799 KERNELBASE.dll!UnknownFunction []
[2020.05.20-10.19.25:292][ 89]LogWindows: Error: [Callstack] 0x00007ffaac8dc396 UE4Editor-Core.dll!UnknownFunction []
[2020.05.20-10.19.25:292][ 89]LogWindows: Error: [Callstack] 0x00007ffaac8dde81 UE4Editor-Core.dll!UnknownFunction []
[2020.05.20-10.19.25:292][ 89]LogWindows: Error: [Callstack] 0x00007ffaac692cbd UE4Editor-Core.dll!UnknownFunction []
[2020.05.20-10.19.25:292][ 89]LogWindows: Error: [Callstack] 0x00007ffa95fe13c9 UE4Editor-D3D11RHI.dll!UnknownFunction []
[2020.05.20-10.19.25:292][ 89]LogWindows: Error: [Callstack] 0x00007ffa95fe5b9f UE4Editor-D3D11RHI.dll!UnknownFunction []
[2020.05.20-10.19.25:292][ 89]LogWindows: Error: [Callstack] 0x00007ffa95fc7549 UE4Editor-D3D11RHI.dll!UnknownFunction []
[2020.05.20-10.19.25:292][ 89]LogWindows: Error: [Callstack] 0x00007ffa95fc6912 UE4Editor-D3D11RHI.dll!UnknownFunction []
[2020.05.20-10.19.25:292][ 89]LogWindows: Error: [Callstack] 0x00007ffa95fd2b7d UE4Editor-D3D11RHI.dll!UnknownFunction []
[2020.05.20-10.19.25:292][ 89]LogWindows: Error: [Callstack] 0x00007ffaaf46b920 UE4Editor-RHI.dll!UnknownFunction []
[2020.05.20-10.19.25:292][ 89]LogWindows: Error: [Callstack] 0x00007ffaaf46eff0 UE4Editor-RHI.dll!UnknownFunction []
[2020.05.20-10.19.25:292][ 89]LogWindows: Error: [Callstack] 0x00007ffaaf46eacf UE4Editor-RHI.dll!UnknownFunction []
[2020.05.20-10.19.25:292][ 89]LogWindows: Error: [Callstack] 0x00007ffaaf46fc8b UE4Editor-RHI.dll!UnknownFunction []
[2020.05.20-10.19.25:292][ 89]LogWindows: Error: [Callstack] 0x00007ffaaf462162 UE4Editor-RHI.dll!UnknownFunction []
[2020.05.20-10.19.25:292][ 89]LogWindows: Error: [Callstack] 0x00007ffa95d3764a UE4Editor-SlateRHIRenderer.dll!UnknownFunction []
[2020.05.20-10.19.25:292][ 89]LogWindows: Error: [Callstack] 0x00007ffa95d2c8ac UE4Editor-SlateRHIRenderer.dll!UnknownFunction []
[2020.05.20-10.19.25:292][ 89]LogWindows: Error: [Callstack] 0x00007ffa95d3f5fc UE4Editor-SlateRHIRenderer.dll!UnknownFunction []
[2020.05.20-10.19.25:292][ 89]LogWindows: Error: [Callstack] 0x00007ffaac469ff2 UE4Editor-Core.dll!UnknownFunction []
[2020.05.20-10.19.25:292][ 89]LogWindows: Error: [Callstack] 0x00007ffaac46a393 UE4Editor-Core.dll!UnknownFunction []
[2020.05.20-10.19.25:292][ 89]LogWindows: Error: [Callstack] 0x00007ffaaf305391 UE4Editor-RenderCore.dll!UnknownFunction []
[2020.05.20-10.19.25:292][ 89]LogWindows: Error: [Callstack] 0x00007ffaaf30e254 UE4Editor-RenderCore.dll!UnknownFunction []
[2020.05.20-10.19.25:292][ 89]LogWindows: Error: [Callstack] 0x00007ffaac8e384f UE4Editor-Core.dll!UnknownFunction []
[2020.05.20-10.19.25:292][ 89]LogWindows: Error: [Callstack] 0x00007ffaac8e3684 UE4Editor-Core.dll!UnknownFunction []
[2020.05.20-10.19.25:292][ 89]LogWindows: Error: [Callstack] 0x00007ffb1a117bd4 KERNEL32.DLL!UnknownFunction []
[2020.05.20-10.19.25:292][ 89]LogWindows: Error: [Callstack] 0x00007ffb1a58ce51 ntdll.dll!UnknownFunction []
[2020.05.20-10.19.25:292][ 89]LogWindows: Error: 
[2020.05.20-10.19.25:292][ 89]LogWindows: Error: 
[2020.05.20-10.19.25:292][ 89]LogWindows: Error: 
[2020.05.20-10.19.25:292][ 89]LogWindows: Error: 
[2020.05.20-10.19.25:292][ 89]LogWindows: Error: Crash in runnable thread RenderThread 29
[2020.05.20-10.19.25:309][ 89]LogExit: Executing StaticShutdownAfterError
[2020.05.20-10.19.25:320][ 89]LogWindows: FPlatformMisc::RequestExit(1)
[2020.05.20-10.19.25:320][ 89]LogCore: Engine exit requested (reason: Win RequestExit)
[2020.05.20-10.19.25:320][ 89]Log file closed, 05/20/20 12:19:25
