Log file open, 05/20/20 13:36:26
LogWindows: Failed to load 'aqProf.dll' (GetLastError=126)
LogWindows: File 'aqProf.dll' does not exist
LogWindows: Failed to load 'VtuneApi.dll' (GetLastError=126)
LogWindows: File 'VtuneApi.dll' does not exist
LogWindows: Failed to load 'VtuneApi32e.dll' (GetLastError=126)
LogWindows: File 'VtuneApi32e.dll' does not exist
LogConsoleResponse: Display: Failed to find resolution value strings in scalability ini. Falling back to default.
LogInit: Display: Running engine for game: Domek_na_drzewie
LogPlatformFile: Not using cached read wrapper
LogTaskGraph: Started task graph with 5 named threads and 14 total threads with 3 sets of task threads.
LogStats: Stats thread started at 0.089596
LogD3D11RHI: Loaded GFSDK_Aftermath_Lib.x64.dll
LogICUInternationalization: ICU TimeZone Detection - Raw Offset: +1:00, Platform Override: ''
LogPluginManager: Mounting plugin Paper2D
LogPluginManager: Mounting plugin AISupport
LogPluginManager: Mounting plugin LightPropagationVolume
LogPluginManager: Mounting plugin ActorLayerUtilities
LogPluginManager: Mounting plugin AnimationSharing
LogPluginManager: Mounting plugin CLionSourceCodeAccess
LogPluginManager: Mounting plugin CodeLiteSourceCodeAccess
LogPluginManager: Mounting plugin GitSourceControl
LogPluginManager: Mounting plugin KDevelopSourceCodeAccess
LogPluginManager: Mounting plugin NullSourceCodeAccess
LogPluginManager: Mounting plugin PerforceSourceControl
LogPluginManager: Mounting plugin PlasticSourceControl
LogPluginManager: Mounting plugin SubversionSourceControl
LogPluginManager: Mounting plugin UObjectPlugin
LogPluginManager: Mounting plugin VisualStudioCodeSourceCodeAccess
LogPluginManager: Mounting plugin VisualStudioSourceCodeAccess
LogPluginManager: Mounting plugin XCodeSourceCodeAccess
LogPluginManager: Mounting plugin AssetManagerEditor
LogPluginManager: Mounting plugin CryptoKeys
LogPluginManager: Mounting plugin CurveEditorTools
LogPluginManager: Mounting plugin DataValidation
LogPluginManager: Mounting plugin FacialAnimation
LogPluginManager: Mounting plugin GameplayTagsEditor
LogPluginManager: Mounting plugin MacGraphicsSwitching
LogPluginManager: Mounting plugin MaterialAnalyzer
LogPluginManager: Mounting plugin MobileLauncherProfileWizard
LogPluginManager: Mounting plugin PluginBrowser
LogPluginManager: Mounting plugin SpeedTreeImporter
LogPluginManager: Mounting plugin DatasmithContent
LogPluginManager: Mounting plugin VariantManagerContent
LogPluginManager: Mounting plugin AlembicImporter
LogPluginManager: Mounting plugin AutomationUtils
LogPluginManager: Mounting plugin BackChannel
LogPluginManager: Mounting plugin CharacterAI
LogPluginManager: Mounting plugin GeometryCache
LogPluginManager: Mounting plugin PlatformCrypto
LogPluginManager: Mounting plugin ProxyLODPlugin
LogPluginManager: Mounting plugin SkeletalReduction
LogPluginManager: Mounting plugin MagicLeap
LogPluginManager: Mounting plugin MagicLeapMedia
LogPluginManager: Mounting plugin MLSDK
LogPluginManager: Mounting plugin AndroidMedia
LogPluginManager: Mounting plugin AvfMedia
LogPluginManager: Mounting plugin ImgMedia
LogPluginManager: Mounting plugin MediaCompositing
LogPluginManager: Mounting plugin MediaPlayerEditor
LogPluginManager: Mounting plugin WebMMedia
LogPluginManager: Mounting plugin WmfMedia
LogPluginManager: Mounting plugin TcpMessaging
LogPluginManager: Mounting plugin UdpMessaging
LogPluginManager: Mounting plugin ActorSequence
LogPluginManager: Mounting plugin LevelSequenceEditor
LogPluginManager: Mounting plugin MatineeToLevelSequence
LogPluginManager: Mounting plugin NetcodeUnitTest
LogPluginManager: Mounting plugin NUTUnrealEngine4
LogPluginManager: Mounting plugin OnlineSubsystemGooglePlay
LogPluginManager: Mounting plugin OnlineSubsystemIOS
LogPluginManager: Mounting plugin OnlineSubsystem
LogPluginManager: Mounting plugin OnlineSubsystemNull
LogPluginManager: Mounting plugin OnlineSubsystemUtils
LogPluginManager: Mounting plugin LauncherChunkInstaller
LogPluginManager: Mounting plugin AndroidDeviceProfileSelector
LogPluginManager: Mounting plugin AndroidMoviePlayer
LogPluginManager: Mounting plugin AndroidPermission
LogPluginManager: Mounting plugin AppleImageUtils
LogPluginManager: Mounting plugin AppleMoviePlayer
LogPluginManager: Mounting plugin ArchVisCharacter
LogPluginManager: Mounting plugin AssetTags
LogPluginManager: Mounting plugin AudioCapture
LogPluginManager: Mounting plugin CableComponent
LogPluginManager: Mounting plugin CustomMeshComponent
LogPluginManager: Mounting plugin EditableMesh
LogPluginManager: Mounting plugin ExampleDeviceProfileSelector
LogPluginManager: Mounting plugin GoogleCloudMessaging
LogPluginManager: Mounting plugin IOSDeviceProfileSelector
LogPluginManager: Mounting plugin LinuxDeviceProfileSelector
LogPluginManager: Mounting plugin LocationServicesBPLibrary
LogPluginManager: Mounting plugin MobilePatchingUtils
LogPluginManager: Mounting plugin OculusVR
LogPluginManager: Mounting plugin PhysXVehicles
LogPluginManager: Mounting plugin PostSplashScreen
LogPluginManager: Mounting plugin ProceduralMeshComponent
LogPluginManager: Mounting plugin RuntimePhysXCooking
LogPluginManager: Mounting plugin SignificanceManager
LogPluginManager: Mounting plugin SteamVR
LogPluginManager: Mounting plugin WebMMoviePlayer
LogPluginManager: Mounting plugin WindowsMoviePlayer
LogPluginManager: Mounting plugin ScreenshotTools
LogInit: Using libcurl 7.55.1-DEV
LogInit:  - built for x86_64-pc-win32
LogInit:  - supports SSL with OpenSSL/1.1.1
LogInit:  - supports HTTP deflate (compression) using libz 1.2.8
LogInit:  - other features:
LogInit:      CURL_VERSION_SSL
LogInit:      CURL_VERSION_LIBZ
LogInit:      CURL_VERSION_IPV6
LogInit:      CURL_VERSION_ASYNCHDNS
LogInit:      CURL_VERSION_LARGEFILE
LogInit:      CURL_VERSION_IDN
LogInit:  CurlRequestOptions (configurable via config and command line):
LogInit:  - bVerifyPeer = true  - Libcurl will verify peer certificate
LogInit:  - bUseHttpProxy = false  - Libcurl will NOT use HTTP proxy
LogInit:  - bDontReuseConnections = false  - Libcurl will reuse connections
LogInit:  - MaxHostConnections = 16  - Libcurl will limit the number of connections to a host
LogInit:  - LocalHostAddr = Default
LogInit:  - BufferSize = 65536
LogOnline: OSS: Creating online subsystem instance for: NULL
LogInit: WinSock: version 1.1 (2.2), MaxSocks=32767, MaxUdp=65467
LogOnline: OSS: TryLoadSubsystemAndSetDefault: Loaded subsystem for module [NULL]
LogInit: Build: ++UE4+Release-4.24-CL-10757647
LogInit: Engine Version: 4.24.1-10757647+++UE4+Release-4.24
LogInit: Compatible Engine Version: 4.24.0-10570792+++UE4+Release-4.24
LogInit: Net CL: 10570792
LogInit: OS: Windows 10 (Release 1903) (), CPU: Intel(R) Core(TM) i5-7300HQ CPU @ 2.50GHz, GPU: Intel(R) HD Graphics 630
LogInit: Compiled (64-bit): Dec 17 2019 02:08:03
LogInit: Compiled with Visual C++: 19.16.27032.01
LogInit: Build Configuration: Development
LogInit: Branch Name: ++UE4+Release-4.24
LogInit: Command Line: 
LogInit: Base Directory: E:/Program Files/UE_4.24/Engine/Binaries/Win64/
LogInit: Installed Engine Build: 1
LogDevObjectVersion: Number of dev versions registered: 25
LogDevObjectVersion:   Dev-Blueprints (B0D832E4-1F89-4F0D-ACCF-7EB736FD4AA2): 10
LogDevObjectVersion:   Dev-Build (E1C64328-A22C-4D53-A36C-8E866417BD8C): 0
LogDevObjectVersion:   Dev-Core (375EC13C-06E4-48FB-B500-84F0262A717E): 3
LogDevObjectVersion:   Dev-Editor (E4B068ED-F494-42E9-A231-DA0B2E46BB41): 37
LogDevObjectVersion:   Dev-Framework (CFFC743F-43B0-4480-9391-14DF171D2073): 36
LogDevObjectVersion:   Dev-Mobile (B02B49B5-BB20-44E9-A304-32B752E40360): 2
LogDevObjectVersion:   Dev-Networking (A4E4105C-59A1-49B5-A7C5-40C4547EDFEE): 0
LogDevObjectVersion:   Dev-Online (39C831C9-5AE6-47DC-9A44-9C173E1C8E7C): 0
LogDevObjectVersion:   Dev-Physics (78F01B33-EBEA-4F98-B9B4-84EACCB95AA2): 2
LogDevObjectVersion:   Dev-Platform (6631380F-2D4D-43E0-8009-CF276956A95A): 0
LogDevObjectVersion:   Dev-Rendering (12F88B9F-8875-4AFC-A67C-D90C383ABD29): 36
LogDevObjectVersion:   Dev-Sequencer (7B5AE74C-D270-4C10-A958-57980B212A5A): 11
LogDevObjectVersion:   Dev-VR (D7296918-1DD6-4BDD-9DE2-64A83CC13884): 2
LogDevObjectVersion:   Dev-LoadTimes (C2A15278-BFE7-4AFE-6C17-90FF531DF755): 1
LogDevObjectVersion:   Private-Geometry (6EACA3D4-40EC-4CC1-B786-8BED09428FC5): 3
LogDevObjectVersion:   Dev-AnimPhys (29E575DD-E0A3-4627-9D10-D276232CDCEA): 17
LogDevObjectVersion:   Dev-Anim (AF43A65D-7FD3-4947-9873-3E8ED9C1BB05): 2
LogDevObjectVersion:   Dev-ReflectionCapture (6B266CEC-1EC7-4B8F-A30B-E4D90942FC07): 1
LogDevObjectVersion:   Dev-Automation (0DF73D61-A23F-47EA-B727-89E90C41499A): 1
LogDevObjectVersion:   FortniteMain (601D1886-AC64-4F84-AA16-D3DE0DEAC7D6): 31
LogDevObjectVersion:   Dev-Enterprise (9DFFBCD6-494F-0158-E221-12823C92A888): 8
LogDevObjectVersion:   Dev-Niagara (F2AED0AC-9AFE-416F-8664-AA7FFA26D6FC): 1
LogDevObjectVersion:   Dev-Destruction (174F1F0B-B4C6-45A5-B13F-2EE8D0FB917D): 9
LogDevObjectVersion:   Dev-Physics-Ext (35F94A83-E258-406C-A318-09F59610247C): 8
LogDevObjectVersion:   Dev-CineCamera (B2E18506-4273-CFC2-A54E-F4BB758BBA07): 1
LogInit: Presizing for max 25165824 objects, including 0 objects not considered by GC, pre-allocating 0 bytes for permanent pool.
LogInit: Object subsystem initialized
LogConfig: Setting CVar [[con.DebugEarlyDefault:1]]
LogConfig: Setting CVar [[r.setres:1280x720]]
[2020.05.20-11.36.26:365][  0]LogConfig: Setting CVar [[r.VSync:0]]
[2020.05.20-11.36.26:365][  0]LogConfig: Setting CVar [[r.RHICmdBypass:0]]
[2020.05.20-11.36.26:365][  0]LogConfig: Applying CVar settings from Section [/Script/Engine.RendererSettings] File [C:/Users/Aleks/Documents/Pizza Party SVN/Domek_na_drzewie/Saved/Config/Windows/Engine.ini]
[2020.05.20-11.36.26:365][  0]LogConfig: Setting CVar [[r.GPUCrashDebugging:0]]
[2020.05.20-11.36.26:365][  0]LogConfig: Applying CVar settings from Section [/Script/Engine.RendererOverrideSettings] File [C:/Users/Aleks/Documents/Pizza Party SVN/Domek_na_drzewie/Saved/Config/Windows/Engine.ini]
[2020.05.20-11.36.26:365][  0]LogConfig: Applying CVar settings from Section [/Script/Engine.StreamingSettings] File [C:/Users/Aleks/Documents/Pizza Party SVN/Domek_na_drzewie/Saved/Config/Windows/Engine.ini]
[2020.05.20-11.36.26:365][  0]LogConfig: Setting CVar [[s.MinBulkDataSizeForAsyncLoading:131072]]
[2020.05.20-11.36.26:365][  0]LogConfig: Setting CVar [[s.AsyncLoadingThreadEnabled:0]]
[2020.05.20-11.36.26:365][  0]LogConfig: Setting CVar [[s.EventDrivenLoaderEnabled:1]]
[2020.05.20-11.36.26:365][  0]LogConfig: Setting CVar [[s.WarnIfTimeLimitExceeded:0]]
[2020.05.20-11.36.26:365][  0]LogConfig: Setting CVar [[s.TimeLimitExceededMultiplier:1.5]]
[2020.05.20-11.36.26:365][  0]LogConfig: Setting CVar [[s.TimeLimitExceededMinTime:0.005]]
[2020.05.20-11.36.26:365][  0]LogConfig: Setting CVar [[s.UseBackgroundLevelStreaming:1]]
[2020.05.20-11.36.26:365][  0]LogConfig: Setting CVar [[s.PriorityAsyncLoadingExtraTime:15.0]]
[2020.05.20-11.36.26:365][  0]LogConfig: Setting CVar [[s.LevelStreamingActorsUpdateTimeLimit:5.0]]
[2020.05.20-11.36.26:365][  0]LogConfig: Setting CVar [[s.PriorityLevelStreamingActorsUpdateExtraTime:5.0]]
[2020.05.20-11.36.26:366][  0]LogConfig: Setting CVar [[s.LevelStreamingComponentsRegistrationGranularity:10]]
[2020.05.20-11.36.26:366][  0]LogConfig: Setting CVar [[s.UnregisterComponentsTimeLimit:1.0]]
[2020.05.20-11.36.26:366][  0]LogConfig: Setting CVar [[s.LevelStreamingComponentsUnregistrationGranularity:5]]
[2020.05.20-11.36.26:366][  0]LogConfig: Setting CVar [[s.FlushStreamingOnExit:1]]
[2020.05.20-11.36.26:366][  0]LogConfig: Applying CVar settings from Section [/Script/Engine.GarbageCollectionSettings] File [C:/Users/Aleks/Documents/Pizza Party SVN/Domek_na_drzewie/Saved/Config/Windows/Engine.ini]
[2020.05.20-11.36.26:366][  0]LogConfig: Setting CVar [[gc.MaxObjectsNotConsideredByGC:1]]
[2020.05.20-11.36.26:366][  0]LogConfig: Setting CVar [[gc.SizeOfPermanentObjectPool:0]]
[2020.05.20-11.36.26:366][  0]LogConfig: Setting CVar [[gc.FlushStreamingOnGC:0]]
[2020.05.20-11.36.26:366][  0]LogConfig: Setting CVar [[gc.NumRetriesBeforeForcingGC:10]]
[2020.05.20-11.36.26:366][  0]LogConfig: Setting CVar [[gc.AllowParallelGC:1]]
[2020.05.20-11.36.26:366][  0]LogConfig: Setting CVar [[gc.TimeBetweenPurgingPendingKillObjects:61.1]]
[2020.05.20-11.36.26:366][  0]LogConfig: Setting CVar [[gc.MaxObjectsInEditor:25165824]]
[2020.05.20-11.36.26:366][  0]LogConfig: Setting CVar [[gc.IncrementalBeginDestroyEnabled:1]]
[2020.05.20-11.36.26:366][  0]LogConfig: Setting CVar [[gc.CreateGCClusters:1]]
[2020.05.20-11.36.26:366][  0]LogConfig: Setting CVar [[gc.MinGCClusterSize:5]]
[2020.05.20-11.36.26:366][  0]LogConfig: Setting CVar [[gc.ActorClusteringEnabled:0]]
[2020.05.20-11.36.26:366][  0]LogConfig: Setting CVar [[gc.BlueprintClusteringEnabled:0]]
[2020.05.20-11.36.26:366][  0]LogConfig: Setting CVar [[gc.UseDisregardForGCOnDedicatedServers:0]]
[2020.05.20-11.36.26:366][  0]LogConfig: Applying CVar settings from Section [/Script/Engine.NetworkSettings] File [C:/Users/Aleks/Documents/Pizza Party SVN/Domek_na_drzewie/Saved/Config/Windows/Engine.ini]
[2020.05.20-11.36.26:366][  0]LogConfig: Applying CVar settings from Section [/Script/UnrealEd.CookerSettings] File [C:/Users/Aleks/Documents/Pizza Party SVN/Domek_na_drzewie/Saved/Config/Windows/Engine.ini]
[2020.05.20-11.36.26:372][  0]LogConfig: Applying CVar settings from Section [ViewDistanceQuality@3] File [C:/Users/Aleks/Documents/Pizza Party SVN/Domek_na_drzewie/Saved/Config/Windows/Scalability.ini]
[2020.05.20-11.36.26:372][  0]LogConfig: Setting CVar [[r.SkeletalMeshLODBias:0]]
[2020.05.20-11.36.26:372][  0]LogConfig: Setting CVar [[r.ViewDistanceScale:1.0]]
[2020.05.20-11.36.26:372][  0]LogConfig: Applying CVar settings from Section [AntiAliasingQuality@3] File [C:/Users/Aleks/Documents/Pizza Party SVN/Domek_na_drzewie/Saved/Config/Windows/Scalability.ini]
[2020.05.20-11.36.26:372][  0]LogConfig: Setting CVar [[r.PostProcessAAQuality:4]]
[2020.05.20-11.36.26:372][  0]LogConfig: Applying CVar settings from Section [ShadowQuality@3] File [C:/Users/Aleks/Documents/Pizza Party SVN/Domek_na_drzewie/Saved/Config/Windows/Scalability.ini]
[2020.05.20-11.36.26:372][  0]LogConfig: Setting CVar [[r.LightFunctionQuality:1]]
[2020.05.20-11.36.26:372][  0]LogConfig: Setting CVar [[r.ShadowQuality:5]]
[2020.05.20-11.36.26:372][  0]LogConfig: Setting CVar [[r.Shadow.CSM.MaxCascades:10]]
[2020.05.20-11.36.26:372][  0]LogConfig: Setting CVar [[r.Shadow.MaxResolution:2048]]
[2020.05.20-11.36.26:372][  0]LogConfig: Setting CVar [[r.Shadow.MaxCSMResolution:2048]]
[2020.05.20-11.36.26:372][  0]LogConfig: Setting CVar [[r.Shadow.RadiusThreshold:0.01]]
[2020.05.20-11.36.26:372][  0]LogConfig: Setting CVar [[r.Shadow.DistanceScale:1.0]]
[2020.05.20-11.36.26:372][  0]LogConfig: Setting CVar [[r.Shadow.CSM.TransitionScale:1.0]]
[2020.05.20-11.36.26:372][  0]LogConfig: Setting CVar [[r.Shadow.PreShadowResolutionFactor:1.0]]
[2020.05.20-11.36.26:372][  0]LogConfig: Setting CVar [[r.DistanceFieldShadowing:1]]
[2020.05.20-11.36.26:373][  0]LogConfig: Setting CVar [[r.DistanceFieldAO:1]]
[2020.05.20-11.36.26:373][  0]LogConfig: Setting CVar [[r.AOQuality:2]]
[2020.05.20-11.36.26:373][  0]LogConfig: Setting CVar [[r.VolumetricFog:1]]
[2020.05.20-11.36.26:373][  0]LogConfig: Setting CVar [[r.VolumetricFog.GridPixelSize:8]]
[2020.05.20-11.36.26:373][  0]LogConfig: Setting CVar [[r.VolumetricFog.GridSizeZ:128]]
[2020.05.20-11.36.26:373][  0]LogConfig: Setting CVar [[r.VolumetricFog.HistoryMissSupersampleCount:4]]
[2020.05.20-11.36.26:373][  0]LogConfig: Setting CVar [[r.LightMaxDrawDistanceScale:1]]
[2020.05.20-11.36.26:373][  0]LogConfig: Setting CVar [[r.CapsuleShadows:1]]
[2020.05.20-11.36.26:373][  0]LogConfig: Applying CVar settings from Section [PostProcessQuality@3] File [C:/Users/Aleks/Documents/Pizza Party SVN/Domek_na_drzewie/Saved/Config/Windows/Scalability.ini]
[2020.05.20-11.36.26:373][  0]LogConfig: Setting CVar [[r.MotionBlurQuality:4]]
[2020.05.20-11.36.26:373][  0]LogConfig: Setting CVar [[r.AmbientOcclusionMipLevelFactor:0.4]]
[2020.05.20-11.36.26:373][  0]LogConfig: Setting CVar [[r.AmbientOcclusionMaxQuality:100]]
[2020.05.20-11.36.26:373][  0]LogConfig: Setting CVar [[r.AmbientOcclusionLevels:-1]]
[2020.05.20-11.36.26:373][  0]LogConfig: Setting CVar [[r.AmbientOcclusionRadiusScale:1.0]]
[2020.05.20-11.36.26:373][  0]LogConfig: Setting CVar [[r.DepthOfFieldQuality:2]]
[2020.05.20-11.36.26:373][  0]LogConfig: Setting CVar [[r.RenderTargetPoolMin:400]]
[2020.05.20-11.36.26:373][  0]LogConfig: Setting CVar [[r.LensFlareQuality:2]]
[2020.05.20-11.36.26:373][  0]LogConfig: Setting CVar [[r.SceneColorFringeQuality:1]]
[2020.05.20-11.36.26:373][  0]LogConfig: Setting CVar [[r.EyeAdaptationQuality:2]]
[2020.05.20-11.36.26:373][  0]LogConfig: Setting CVar [[r.BloomQuality:5]]
[2020.05.20-11.36.26:373][  0]LogConfig: Setting CVar [[r.FastBlurThreshold:100]]
[2020.05.20-11.36.26:373][  0]LogConfig: Setting CVar [[r.Upscale.Quality:3]]
[2020.05.20-11.36.26:373][  0]LogConfig: Setting CVar [[r.Tonemapper.GrainQuantization:1]]
[2020.05.20-11.36.26:373][  0]LogConfig: Setting CVar [[r.LightShaftQuality:1]]
[2020.05.20-11.36.26:373][  0]LogConfig: Setting CVar [[r.Filter.SizeScale:1]]
[2020.05.20-11.36.26:373][  0]LogConfig: Setting CVar [[r.Tonemapper.Quality:5]]
[2020.05.20-11.36.26:373][  0]LogConfig: Setting CVar [[r.DOF.Gather.AccumulatorQuality:1        ; higher gathering accumulator quality]]
[2020.05.20-11.36.26:373][  0]LogConfig: Setting CVar [[r.DOF.Gather.PostfilterMethod:1          ; Median3x3 postfilering method]]
[2020.05.20-11.36.26:373][  0]LogConfig: Setting CVar [[r.DOF.Gather.EnableBokehSettings:0       ; no bokeh simulation when gathering]]
[2020.05.20-11.36.26:373][  0]LogConfig: Setting CVar [[r.DOF.Gather.RingCount:4                 ; medium number of samples when gathering]]
[2020.05.20-11.36.26:373][  0]LogConfig: Setting CVar [[r.DOF.Scatter.ForegroundCompositing:1    ; additive foreground scattering]]
[2020.05.20-11.36.26:373][  0]LogConfig: Setting CVar [[r.DOF.Scatter.BackgroundCompositing:2    ; additive background scattering]]
[2020.05.20-11.36.26:373][  0]LogConfig: Setting CVar [[r.DOF.Scatter.EnableBokehSettings:1      ; bokeh simulation when scattering]]
[2020.05.20-11.36.26:373][  0]LogConfig: Setting CVar [[r.DOF.Scatter.MaxSpriteRatio:0.1         ; only a maximum of 10% of scattered bokeh]]
[2020.05.20-11.36.26:373][  0]LogConfig: Setting CVar [[r.DOF.Recombine.Quality:1                ; cheap slight out of focus]]
[2020.05.20-11.36.26:373][  0]LogConfig: Setting CVar [[r.DOF.Recombine.EnableBokehSettings:0    ; no bokeh simulation on slight out of focus]]
[2020.05.20-11.36.26:373][  0]LogConfig: Setting CVar [[r.DOF.TemporalAAQuality:1                ; more stable temporal accumulation]]
[2020.05.20-11.36.26:373][  0]LogConfig: Setting CVar [[r.DOF.Kernel.MaxForegroundRadius:0.025]]
[2020.05.20-11.36.26:373][  0]LogConfig: Setting CVar [[r.DOF.Kernel.MaxBackgroundRadius:0.025]]
[2020.05.20-11.36.26:373][  0]LogConfig: Applying CVar settings from Section [TextureQuality@3] File [C:/Users/Aleks/Documents/Pizza Party SVN/Domek_na_drzewie/Saved/Config/Windows/Scalability.ini]
[2020.05.20-11.36.26:373][  0]LogConfig: Setting CVar [[r.Streaming.MipBias:0]]
[2020.05.20-11.36.26:373][  0]LogConfig: Setting CVar [[r.Streaming.AmortizeCPUToGPUCopy:0]]
[2020.05.20-11.36.26:373][  0]LogConfig: Setting CVar [[r.Streaming.MaxNumTexturesToStreamPerFrame:0]]
[2020.05.20-11.36.26:373][  0]LogConfig: Setting CVar [[r.Streaming.Boost:1]]
[2020.05.20-11.36.26:373][  0]LogConfig: Setting CVar [[r.MaxAnisotropy:8]]
[2020.05.20-11.36.26:373][  0]LogConfig: Setting CVar [[r.VT.MaxAnisotropy:8]]
[2020.05.20-11.36.26:373][  0]LogConfig: Setting CVar [[r.Streaming.LimitPoolSizeToVRAM:0]]
[2020.05.20-11.36.26:373][  0]LogConfig: Setting CVar [[r.Streaming.PoolSize:1000]]
[2020.05.20-11.36.26:373][  0]LogConfig: Setting CVar [[r.Streaming.MaxEffectiveScreenSize:0]]
[2020.05.20-11.36.26:373][  0]LogConfig: Applying CVar settings from Section [EffectsQuality@3] File [C:/Users/Aleks/Documents/Pizza Party SVN/Domek_na_drzewie/Saved/Config/Windows/Scalability.ini]
[2020.05.20-11.36.26:373][  0]LogConfig: Setting CVar [[r.TranslucencyLightingVolumeDim:64]]
[2020.05.20-11.36.26:374][  0]LogConfig: Setting CVar [[r.RefractionQuality:2]]
[2020.05.20-11.36.26:374][  0]LogConfig: Setting CVar [[r.SSR.Quality:3]]
[2020.05.20-11.36.26:374][  0]LogConfig: Setting CVar [[r.SSR.HalfResSceneColor:0]]
[2020.05.20-11.36.26:374][  0]LogConfig: Setting CVar [[r.SceneColorFormat:4]]
[2020.05.20-11.36.26:374][  0]LogConfig: Setting CVar [[r.DetailMode:2]]
[2020.05.20-11.36.26:374][  0]LogConfig: Setting CVar [[r.TranslucencyVolumeBlur:1]]
[2020.05.20-11.36.26:374][  0]LogConfig: Setting CVar [[r.MaterialQualityLevel:1 ; High quality]]
[2020.05.20-11.36.26:374][  0]LogConfig: Setting CVar [[r.SSS.Scale:1]]
[2020.05.20-11.36.26:374][  0]LogConfig: Setting CVar [[r.SSS.SampleSet:2]]
[2020.05.20-11.36.26:374][  0]LogConfig: Setting CVar [[r.SSS.Quality:1]]
[2020.05.20-11.36.26:374][  0]LogConfig: Setting CVar [[r.SSS.HalfRes:1]]
[2020.05.20-11.36.26:374][  0]LogConfig: Setting CVar [[r.SSGI.Quality:3]]
[2020.05.20-11.36.26:374][  0]LogConfig: Setting CVar [[r.EmitterSpawnRateScale:1.0]]
[2020.05.20-11.36.26:374][  0]LogConfig: Setting CVar [[r.ParticleLightQuality:2]]
[2020.05.20-11.36.26:374][  0]LogConfig: Setting CVar [[r.SkyAtmosphere.AerialPerspectiveLUT.FastApplyOnOpaque:1 ; Always have FastSkyLUT 1 in this case to avoid wrong sky]]
[2020.05.20-11.36.26:374][  0]LogConfig: Setting CVar [[r.SkyAtmosphere.AerialPerspectiveLUT.SampleCountPerSlice:1]]
[2020.05.20-11.36.26:374][  0]LogConfig: Setting CVar [[r.SkyAtmosphere.AerialPerspectiveLUT.DepthResolution:16.0]]
[2020.05.20-11.36.26:374][  0]LogConfig: Setting CVar [[r.SkyAtmosphere.FastSkyLUT:1]]
[2020.05.20-11.36.26:374][  0]LogConfig: Setting CVar [[r.SkyAtmosphere.FastSkyLUT.SampleCountMin:4.0]]
[2020.05.20-11.36.26:374][  0]LogConfig: Setting CVar [[r.SkyAtmosphere.FastSkyLUT.SampleCountMax:32.0]]
[2020.05.20-11.36.26:374][  0]LogConfig: Setting CVar [[r.SkyAtmosphere.SampleCountMin:4.0]]
[2020.05.20-11.36.26:374][  0]LogConfig: Setting CVar [[r.SkyAtmosphere.SampleCountMax:32.0]]
[2020.05.20-11.36.26:374][  0]LogConfig: Setting CVar [[r.SkyAtmosphere.TransmittanceLUT.UseSmallFormat:0]]
[2020.05.20-11.36.26:374][  0]LogConfig: Setting CVar [[r.SkyAtmosphere.TransmittanceLUT.SampleCount:10.0]]
[2020.05.20-11.36.26:374][  0]LogConfig: Setting CVar [[r.SkyAtmosphere.MultiScatteringLUT.SampleCount:15.0]]
[2020.05.20-11.36.26:374][  0]LogConfig: Applying CVar settings from Section [FoliageQuality@3] File [C:/Users/Aleks/Documents/Pizza Party SVN/Domek_na_drzewie/Saved/Config/Windows/Scalability.ini]
[2020.05.20-11.36.26:374][  0]LogConfig: Setting CVar [[foliage.DensityScale:1.0]]
[2020.05.20-11.36.26:374][  0]LogConfig: Setting CVar [[grass.DensityScale:1.0]]
[2020.05.20-11.36.26:374][  0]LogConfig: Applying CVar settings from Section [ShadingQuality@3] File [C:/Users/Aleks/Documents/Pizza Party SVN/Domek_na_drzewie/Saved/Config/Windows/Scalability.ini]
[2020.05.20-11.36.26:374][  0]LogConfig: Setting CVar [[r.HairStrands.SkyLighting.SampleCount:16]]
[2020.05.20-11.36.26:374][  0]LogConfig: Setting CVar [[r.HairStrands.SkyLighting.JitterIntegration:0]]
[2020.05.20-11.36.26:374][  0]LogConfig: Setting CVar [[r.HairStrands.SkyAO.SampleCount:16]]
[2020.05.20-11.36.26:374][  0]LogInit: Selected Device Profile: [Windows]
[2020.05.20-11.36.26:374][  0]LogInit: Applying CVar settings loaded from the selected device profile: [Windows]
[2020.05.20-11.36.26:377][  0]LogHAL: Display: Platform has ~ 16 GB [17066790912 / 17179869184 / 16], which maps to Larger [LargestMinGB=32, LargerMinGB=12, DefaultMinGB=8, SmallerMinGB=6, SmallestMinGB=0)
[2020.05.20-11.36.26:377][  0]LogInit: Going up to parent DeviceProfile []
[2020.05.20-11.36.26:377][  0]LogConfig: Applying CVar settings from Section [ViewDistanceQuality@3] File [C:/Users/Aleks/Documents/Pizza Party SVN/Domek_na_drzewie/Saved/Config/Windows/Scalability.ini]
[2020.05.20-11.36.26:377][  0]LogConfig: Setting CVar [[r.SkeletalMeshLODBias:0]]
[2020.05.20-11.36.26:377][  0]LogConfig: Setting CVar [[r.ViewDistanceScale:1.0]]
[2020.05.20-11.36.26:377][  0]LogConfig: Applying CVar settings from Section [AntiAliasingQuality@3] File [C:/Users/Aleks/Documents/Pizza Party SVN/Domek_na_drzewie/Saved/Config/Windows/Scalability.ini]
[2020.05.20-11.36.26:377][  0]LogConfig: Setting CVar [[r.PostProcessAAQuality:4]]
[2020.05.20-11.36.26:377][  0]LogConfig: Applying CVar settings from Section [ShadowQuality@3] File [C:/Users/Aleks/Documents/Pizza Party SVN/Domek_na_drzewie/Saved/Config/Windows/Scalability.ini]
[2020.05.20-11.36.26:377][  0]LogConfig: Setting CVar [[r.LightFunctionQuality:1]]
[2020.05.20-11.36.26:378][  0]LogConfig: Setting CVar [[r.ShadowQuality:5]]
[2020.05.20-11.36.26:378][  0]LogConfig: Setting CVar [[r.Shadow.CSM.MaxCascades:10]]
[2020.05.20-11.36.26:378][  0]LogConfig: Setting CVar [[r.Shadow.MaxResolution:2048]]
[2020.05.20-11.36.26:378][  0]LogConfig: Setting CVar [[r.Shadow.MaxCSMResolution:2048]]
[2020.05.20-11.36.26:378][  0]LogConfig: Setting CVar [[r.Shadow.RadiusThreshold:0.01]]
[2020.05.20-11.36.26:378][  0]LogConfig: Setting CVar [[r.Shadow.DistanceScale:1.0]]
[2020.05.20-11.36.26:378][  0]LogConfig: Setting CVar [[r.Shadow.CSM.TransitionScale:1.0]]
[2020.05.20-11.36.26:378][  0]LogConfig: Setting CVar [[r.Shadow.PreShadowResolutionFactor:1.0]]
[2020.05.20-11.36.26:378][  0]LogConfig: Setting CVar [[r.DistanceFieldShadowing:1]]
[2020.05.20-11.36.26:378][  0]LogConfig: Setting CVar [[r.DistanceFieldAO:1]]
[2020.05.20-11.36.26:378][  0]LogConfig: Setting CVar [[r.AOQuality:2]]
[2020.05.20-11.36.26:378][  0]LogConfig: Setting CVar [[r.VolumetricFog:1]]
[2020.05.20-11.36.26:378][  0]LogConfig: Setting CVar [[r.VolumetricFog.GridPixelSize:8]]
[2020.05.20-11.36.26:378][  0]LogConfig: Setting CVar [[r.VolumetricFog.GridSizeZ:128]]
[2020.05.20-11.36.26:378][  0]LogConfig: Setting CVar [[r.VolumetricFog.HistoryMissSupersampleCount:4]]
[2020.05.20-11.36.26:378][  0]LogConfig: Setting CVar [[r.LightMaxDrawDistanceScale:1]]
[2020.05.20-11.36.26:378][  0]LogConfig: Setting CVar [[r.CapsuleShadows:1]]
[2020.05.20-11.36.26:378][  0]LogConfig: Applying CVar settings from Section [PostProcessQuality@3] File [C:/Users/Aleks/Documents/Pizza Party SVN/Domek_na_drzewie/Saved/Config/Windows/Scalability.ini]
[2020.05.20-11.36.26:378][  0]LogConfig: Setting CVar [[r.MotionBlurQuality:4]]
[2020.05.20-11.36.26:378][  0]LogConfig: Setting CVar [[r.AmbientOcclusionMipLevelFactor:0.4]]
[2020.05.20-11.36.26:378][  0]LogConfig: Setting CVar [[r.AmbientOcclusionMaxQuality:100]]
[2020.05.20-11.36.26:378][  0]LogConfig: Setting CVar [[r.AmbientOcclusionLevels:-1]]
[2020.05.20-11.36.26:378][  0]LogConfig: Setting CVar [[r.AmbientOcclusionRadiusScale:1.0]]
[2020.05.20-11.36.26:378][  0]LogConfig: Setting CVar [[r.DepthOfFieldQuality:2]]
[2020.05.20-11.36.26:378][  0]LogConfig: Setting CVar [[r.RenderTargetPoolMin:400]]
[2020.05.20-11.36.26:378][  0]LogConfig: Setting CVar [[r.LensFlareQuality:2]]
[2020.05.20-11.36.26:378][  0]LogConfig: Setting CVar [[r.SceneColorFringeQuality:1]]
[2020.05.20-11.36.26:378][  0]LogConfig: Setting CVar [[r.EyeAdaptationQuality:2]]
[2020.05.20-11.36.26:378][  0]LogConfig: Setting CVar [[r.BloomQuality:5]]
[2020.05.20-11.36.26:378][  0]LogConfig: Setting CVar [[r.FastBlurThreshold:100]]
[2020.05.20-11.36.26:378][  0]LogConfig: Setting CVar [[r.Upscale.Quality:3]]
[2020.05.20-11.36.26:378][  0]LogConfig: Setting CVar [[r.Tonemapper.GrainQuantization:1]]
[2020.05.20-11.36.26:378][  0]LogConfig: Setting CVar [[r.LightShaftQuality:1]]
[2020.05.20-11.36.26:378][  0]LogConfig: Setting CVar [[r.Filter.SizeScale:1]]
[2020.05.20-11.36.26:378][  0]LogConfig: Setting CVar [[r.Tonemapper.Quality:5]]
[2020.05.20-11.36.26:378][  0]LogConfig: Setting CVar [[r.DOF.Gather.AccumulatorQuality:1        ; higher gathering accumulator quality]]
[2020.05.20-11.36.26:378][  0]LogConfig: Setting CVar [[r.DOF.Gather.PostfilterMethod:1          ; Median3x3 postfilering method]]
[2020.05.20-11.36.26:378][  0]LogConfig: Setting CVar [[r.DOF.Gather.EnableBokehSettings:0       ; no bokeh simulation when gathering]]
[2020.05.20-11.36.26:378][  0]LogConfig: Setting CVar [[r.DOF.Gather.RingCount:4                 ; medium number of samples when gathering]]
[2020.05.20-11.36.26:378][  0]LogConfig: Setting CVar [[r.DOF.Scatter.ForegroundCompositing:1    ; additive foreground scattering]]
[2020.05.20-11.36.26:378][  0]LogConfig: Setting CVar [[r.DOF.Scatter.BackgroundCompositing:2    ; additive background scattering]]
[2020.05.20-11.36.26:378][  0]LogConfig: Setting CVar [[r.DOF.Scatter.EnableBokehSettings:1      ; bokeh simulation when scattering]]
[2020.05.20-11.36.26:378][  0]LogConfig: Setting CVar [[r.DOF.Scatter.MaxSpriteRatio:0.1         ; only a maximum of 10% of scattered bokeh]]
[2020.05.20-11.36.26:378][  0]LogConfig: Setting CVar [[r.DOF.Recombine.Quality:1                ; cheap slight out of focus]]
[2020.05.20-11.36.26:378][  0]LogConfig: Setting CVar [[r.DOF.Recombine.EnableBokehSettings:0    ; no bokeh simulation on slight out of focus]]
[2020.05.20-11.36.26:378][  0]LogConfig: Setting CVar [[r.DOF.TemporalAAQuality:1                ; more stable temporal accumulation]]
[2020.05.20-11.36.26:378][  0]LogConfig: Setting CVar [[r.DOF.Kernel.MaxForegroundRadius:0.025]]
[2020.05.20-11.36.26:378][  0]LogConfig: Setting CVar [[r.DOF.Kernel.MaxBackgroundRadius:0.025]]
[2020.05.20-11.36.26:378][  0]LogConfig: Applying CVar settings from Section [TextureQuality@3] File [C:/Users/Aleks/Documents/Pizza Party SVN/Domek_na_drzewie/Saved/Config/Windows/Scalability.ini]
[2020.05.20-11.36.26:378][  0]LogConfig: Setting CVar [[r.Streaming.MipBias:0]]
[2020.05.20-11.36.26:378][  0]LogConfig: Setting CVar [[r.Streaming.AmortizeCPUToGPUCopy:0]]
[2020.05.20-11.36.26:378][  0]LogConfig: Setting CVar [[r.Streaming.MaxNumTexturesToStreamPerFrame:0]]
[2020.05.20-11.36.26:379][  0]LogConfig: Setting CVar [[r.Streaming.Boost:1]]
[2020.05.20-11.36.26:379][  0]LogConfig: Setting CVar [[r.MaxAnisotropy:8]]
[2020.05.20-11.36.26:379][  0]LogConfig: Setting CVar [[r.VT.MaxAnisotropy:8]]
[2020.05.20-11.36.26:379][  0]LogConfig: Setting CVar [[r.Streaming.LimitPoolSizeToVRAM:0]]
[2020.05.20-11.36.26:379][  0]LogConfig: Setting CVar [[r.Streaming.PoolSize:1000]]
[2020.05.20-11.36.26:379][  0]LogConfig: Setting CVar [[r.Streaming.MaxEffectiveScreenSize:0]]
[2020.05.20-11.36.26:379][  0]LogConfig: Applying CVar settings from Section [EffectsQuality@3] File [C:/Users/Aleks/Documents/Pizza Party SVN/Domek_na_drzewie/Saved/Config/Windows/Scalability.ini]
[2020.05.20-11.36.26:379][  0]LogConfig: Setting CVar [[r.TranslucencyLightingVolumeDim:64]]
[2020.05.20-11.36.26:379][  0]LogConfig: Setting CVar [[r.RefractionQuality:2]]
[2020.05.20-11.36.26:379][  0]LogConfig: Setting CVar [[r.SSR.Quality:3]]
[2020.05.20-11.36.26:379][  0]LogConfig: Setting CVar [[r.SSR.HalfResSceneColor:0]]
[2020.05.20-11.36.26:379][  0]LogConfig: Setting CVar [[r.SceneColorFormat:4]]
[2020.05.20-11.36.26:379][  0]LogConfig: Setting CVar [[r.DetailMode:2]]
[2020.05.20-11.36.26:379][  0]LogConfig: Setting CVar [[r.TranslucencyVolumeBlur:1]]
[2020.05.20-11.36.26:379][  0]LogConfig: Setting CVar [[r.MaterialQualityLevel:1 ; High quality]]
[2020.05.20-11.36.26:379][  0]LogConfig: Setting CVar [[r.SSS.Scale:1]]
[2020.05.20-11.36.26:379][  0]LogConfig: Setting CVar [[r.SSS.SampleSet:2]]
[2020.05.20-11.36.26:379][  0]LogConfig: Setting CVar [[r.SSS.Quality:1]]
[2020.05.20-11.36.26:379][  0]LogConfig: Setting CVar [[r.SSS.HalfRes:1]]
[2020.05.20-11.36.26:379][  0]LogConfig: Setting CVar [[r.SSGI.Quality:3]]
[2020.05.20-11.36.26:379][  0]LogConfig: Setting CVar [[r.EmitterSpawnRateScale:1.0]]
[2020.05.20-11.36.26:379][  0]LogConfig: Setting CVar [[r.ParticleLightQuality:2]]
[2020.05.20-11.36.26:379][  0]LogConfig: Setting CVar [[r.SkyAtmosphere.AerialPerspectiveLUT.FastApplyOnOpaque:1 ; Always have FastSkyLUT 1 in this case to avoid wrong sky]]
[2020.05.20-11.36.26:379][  0]LogConfig: Setting CVar [[r.SkyAtmosphere.AerialPerspectiveLUT.SampleCountPerSlice:1]]
[2020.05.20-11.36.26:379][  0]LogConfig: Setting CVar [[r.SkyAtmosphere.AerialPerspectiveLUT.DepthResolution:16.0]]
[2020.05.20-11.36.26:379][  0]LogConfig: Setting CVar [[r.SkyAtmosphere.FastSkyLUT:1]]
[2020.05.20-11.36.26:379][  0]LogConfig: Setting CVar [[r.SkyAtmosphere.FastSkyLUT.SampleCountMin:4.0]]
[2020.05.20-11.36.26:379][  0]LogConfig: Setting CVar [[r.SkyAtmosphere.FastSkyLUT.SampleCountMax:32.0]]
[2020.05.20-11.36.26:379][  0]LogConfig: Setting CVar [[r.SkyAtmosphere.SampleCountMin:4.0]]
[2020.05.20-11.36.26:379][  0]LogConfig: Setting CVar [[r.SkyAtmosphere.SampleCountMax:32.0]]
[2020.05.20-11.36.26:379][  0]LogConfig: Setting CVar [[r.SkyAtmosphere.TransmittanceLUT.UseSmallFormat:0]]
[2020.05.20-11.36.26:379][  0]LogConfig: Setting CVar [[r.SkyAtmosphere.TransmittanceLUT.SampleCount:10.0]]
[2020.05.20-11.36.26:379][  0]LogConfig: Setting CVar [[r.SkyAtmosphere.MultiScatteringLUT.SampleCount:15.0]]
[2020.05.20-11.36.26:379][  0]LogConfig: Applying CVar settings from Section [FoliageQuality@3] File [C:/Users/Aleks/Documents/Pizza Party SVN/Domek_na_drzewie/Saved/Config/Windows/Scalability.ini]
[2020.05.20-11.36.26:379][  0]LogConfig: Setting CVar [[foliage.DensityScale:1.0]]
[2020.05.20-11.36.26:379][  0]LogConfig: Setting CVar [[grass.DensityScale:1.0]]
[2020.05.20-11.36.26:379][  0]LogConfig: Applying CVar settings from Section [ShadingQuality@3] File [C:/Users/Aleks/Documents/Pizza Party SVN/Domek_na_drzewie/Saved/Config/Windows/Scalability.ini]
[2020.05.20-11.36.26:379][  0]LogConfig: Setting CVar [[r.HairStrands.SkyLighting.SampleCount:16]]
[2020.05.20-11.36.26:379][  0]LogConfig: Setting CVar [[r.HairStrands.SkyLighting.JitterIntegration:0]]
[2020.05.20-11.36.26:379][  0]LogConfig: Setting CVar [[r.HairStrands.SkyAO.SampleCount:16]]
[2020.05.20-11.36.26:379][  0]LogConfig: Applying CVar settings from Section [Startup] File [../../../Engine/Config/ConsoleVariables.ini]
[2020.05.20-11.36.26:380][  0]LogConfig: Setting CVar [[net.UseAdaptiveNetUpdateFrequency:0]]
[2020.05.20-11.36.26:380][  0]LogConfig: Setting CVar [[p.chaos.AllowCreatePhysxBodies:1]]
[2020.05.20-11.36.26:380][  0]LogConfig: Applying CVar settings from Section [ConsoleVariables] File [C:/Users/Aleks/Documents/Pizza Party SVN/Domek_na_drzewie/Saved/Config/Windows/Engine.ini]
[2020.05.20-11.36.26:380][  0]LogInit: Computer: LAPTOP-2E2LEE5I
[2020.05.20-11.36.26:380][  0]LogInit: User: Aleks
[2020.05.20-11.36.26:380][  0]LogInit: CPU Page size=4096, Cores=4
[2020.05.20-11.36.26:380][  0]LogInit: High frequency timer resolution =10.000000 MHz
[2020.05.20-11.36.26:380][  0]LogMemory: Memory total: Physical=15.9GB (16GB approx)
[2020.05.20-11.36.26:380][  0]LogMemory: Platform Memory Stats for Windows
[2020.05.20-11.36.26:380][  0]LogMemory: Process Physical Memory: 105.34 MB used, 105.35 MB peak
[2020.05.20-11.36.26:380][  0]LogMemory: Process Virtual Memory: 99.93 MB used, 99.93 MB peak
[2020.05.20-11.36.26:380][  0]LogMemory: Physical Memory: 8860.82 MB used,  7415.34 MB free, 16276.16 MB total
[2020.05.20-11.36.26:380][  0]LogMemory: Virtual Memory: 5121.18 MB used,  134212608.00 MB free, 134217728.00 MB total
[2020.05.20-11.36.26:383][  0]LogWindows: WindowsPlatformFeatures enabled
[2020.05.20-11.36.26:407][  0]LogInit: Using OS detected language (pl-PL).
[2020.05.20-11.36.26:407][  0]LogInit: Using OS detected locale (pl-PL).
[2020.05.20-11.36.26:408][  0]LogTextLocalizationManager: No specific localization for 'pl-PL' exists, so the 'pl' localization will be used.
[2020.05.20-11.36.26:408][  0]LogTextLocalizationResource: LocRes '../../../Engine/Content/Localization/Editor/pl/Editor.locres' could not be opened for reading!
[2020.05.20-11.36.26:408][  0]LogTextLocalizationResource: LocRes '../../../Engine/Content/Localization/EditorTutorials/pl/EditorTutorials.locres' could not be opened for reading!
[2020.05.20-11.36.26:409][  0]LogTextLocalizationResource: LocRes '../../../Engine/Content/Localization/Keywords/pl/Keywords.locres' could not be opened for reading!
[2020.05.20-11.36.26:409][  0]LogTextLocalizationResource: LocRes '../../../Engine/Content/Localization/Category/pl/Category.locres' could not be opened for reading!
[2020.05.20-11.36.26:409][  0]LogTextLocalizationResource: LocRes '../../../Engine/Content/Localization/ToolTips/pl/ToolTips.locres' could not be opened for reading!
[2020.05.20-11.36.26:409][  0]LogTextLocalizationResource: LocRes '../../../Engine/Content/Localization/PropertyNames/pl/PropertyNames.locres' could not be opened for reading!
[2020.05.20-11.36.26:409][  0]LogTextLocalizationResource: LocRes '../../../Engine/Content/Localization/Engine/pl/Engine.locres' could not be opened for reading!
[2020.05.20-11.36.26:410][  0]LogInit: Setting process to per monitor DPI aware
[2020.05.20-11.36.26:445][  0]LogSlate: New Slate User Created.  User Index 0, Is Virtual User: 0
[2020.05.20-11.36.26:445][  0]LogSlate: Slate User Registered.  User Index 0, Is Virtual User: 0
[2020.05.20-11.36.26:644][  0]LogHMD: Failed to initialize OpenVR with code 110
[2020.05.20-11.36.26:644][  0]LogD3D11RHI: D3D11 min allowed feature level: 11_0
[2020.05.20-11.36.26:644][  0]LogD3D11RHI: D3D11 max allowed feature level: 11_0
[2020.05.20-11.36.26:644][  0]LogD3D11RHI: D3D11 adapters:
[2020.05.20-11.36.26:717][  0]LogD3D11RHI:    0. 'NVIDIA GeForce GTX 1050' (Feature Level 11_0)
[2020.05.20-11.36.26:717][  0]LogD3D11RHI:       4021/0/8138 MB DedicatedVideo/DedicatedSystem/SharedSystem, Outputs:2, VendorId:0x10de
[2020.05.20-11.36.26:731][  0]LogD3D11RHI:    1. 'Intel(R) HD Graphics 630' (Feature Level 11_0)
[2020.05.20-11.36.26:731][  0]LogD3D11RHI:       128/0/8138 MB DedicatedVideo/DedicatedSystem/SharedSystem, Outputs:0, VendorId:0x8086
[2020.05.20-11.36.26:735][  0]LogD3D11RHI:    2. 'Microsoft Basic Render Driver' (Feature Level 11_0)
[2020.05.20-11.36.26:735][  0]LogD3D11RHI:       0/0/8138 MB DedicatedVideo/DedicatedSystem/SharedSystem, Outputs:0, VendorId:0x1414
[2020.05.20-11.36.26:735][  0]LogD3D11RHI: Chosen D3D11 Adapter: 0
[2020.05.20-11.36.26:783][  0]LogD3D11RHI: Creating new Direct3DDevice
[2020.05.20-11.36.26:783][  0]LogD3D11RHI:     GPU DeviceId: 0x1c8d (for the marketing name, search the web for "GPU Device Id")
[2020.05.20-11.36.26:783][  0]LogWindows: EnumDisplayDevices:
[2020.05.20-11.36.26:783][  0]LogWindows:    0. 'Intel(R) HD Graphics 630' (P:1 D:1)
[2020.05.20-11.36.26:784][  0]LogWindows:    1. 'Intel(R) HD Graphics 630' (P:0 D:1)
[2020.05.20-11.36.26:784][  0]LogWindows:    2. 'Intel(R) HD Graphics 630' (P:0 D:0)
[2020.05.20-11.36.26:784][  0]LogWindows: DebugString: PrimaryIsNotTheChoosenAdapter PrimaryIsNotTheChoosenAdapter PrimaryIsNotTheChoosenAdapter FoundDriverCount:0 
[2020.05.20-11.36.26:784][  0]LogD3D11RHI:     Adapter Name: NVIDIA GeForce GTX 1050
[2020.05.20-11.36.26:784][  0]LogD3D11RHI:   Driver Version: Unknown (internal:Unknown, unified:Unknown)
[2020.05.20-11.36.26:784][  0]LogD3D11RHI:      Driver Date: Unknown
[2020.05.20-11.36.26:784][  0]LogRHI: Texture pool is 2814 MB (70% of 4021 MB)
[2020.05.20-11.36.26:827][  0]LogD3D11RHI: RHI has support for 64 bit atomics
[2020.05.20-11.36.26:827][  0]LogD3D11RHI: Async texture creation enabled
[2020.05.20-11.36.26:845][  0]LogD3D11RHI: GPU Timing Frequency: 1000.000000 (Debug: 2 2)
[2020.05.20-11.36.27:234][  0]LogTargetPlatformManager: Display: Loaded TargetPlatform 'AllDesktop'
[2020.05.20-11.36.27:276][  0]LogTargetPlatformManager: Display: Loaded TargetPlatform 'Android'
[2020.05.20-11.36.27:276][  0]LogTargetPlatformManager: Display: Loaded TargetPlatform 'Android_ASTC'
[2020.05.20-11.36.27:276][  0]LogTargetPlatformManager: Display: Loaded TargetPlatform 'Android_ATC'
[2020.05.20-11.36.27:276][  0]LogTargetPlatformManager: Display: Loaded TargetPlatform 'Android_DXT'
[2020.05.20-11.36.27:276][  0]LogTargetPlatformManager: Display: Loaded TargetPlatform 'Android_ETC1'
[2020.05.20-11.36.27:276][  0]LogTargetPlatformManager: Display: Loaded TargetPlatform 'Android_ETC1a'
[2020.05.20-11.36.27:276][  0]LogTargetPlatformManager: Display: Loaded TargetPlatform 'Android_ETC2'
[2020.05.20-11.36.27:276][  0]LogTargetPlatformManager: Display: Loaded TargetPlatform 'Android_PVRTC'
[2020.05.20-11.36.27:276][  0]LogTargetPlatformManager: Display: Loaded TargetPlatform 'AndroidClient'
[2020.05.20-11.36.27:276][  0]LogTargetPlatformManager: Display: Loaded TargetPlatform 'Android_ASTCClient'
[2020.05.20-11.36.27:276][  0]LogTargetPlatformManager: Display: Loaded TargetPlatform 'Android_ATCClient'
[2020.05.20-11.36.27:276][  0]LogTargetPlatformManager: Display: Loaded TargetPlatform 'Android_DXTClient'
[2020.05.20-11.36.27:276][  0]LogTargetPlatformManager: Display: Loaded TargetPlatform 'Android_ETC1Client'
[2020.05.20-11.36.27:276][  0]LogTargetPlatformManager: Display: Loaded TargetPlatform 'Android_ETC1aClient'
[2020.05.20-11.36.27:276][  0]LogTargetPlatformManager: Display: Loaded TargetPlatform 'Android_ETC2Client'
[2020.05.20-11.36.27:276][  0]LogTargetPlatformManager: Display: Loaded TargetPlatform 'Android_PVRTCClient'
[2020.05.20-11.36.27:276][  0]LogTargetPlatformManager: Display: Loaded TargetPlatform 'Android_Multi'
[2020.05.20-11.36.27:276][  0]LogTargetPlatformManager: Display: Loaded TargetPlatform 'Android_MultiClient'
[2020.05.20-11.36.27:299][  0]LogTargetPlatformManager: Display: Loaded TargetPlatform 'IOSClient'
[2020.05.20-11.36.27:299][  0]LogTargetPlatformManager: Display: Loaded TargetPlatform 'IOS'
[2020.05.20-11.36.27:307][  0]LogTargetPlatformManager: Display: Loaded TargetPlatform 'LinuxNoEditor'
[2020.05.20-11.36.27:316][  0]LogTargetPlatformManager: Display: Loaded TargetPlatform 'LinuxClient'
[2020.05.20-11.36.27:325][  0]LogTargetPlatformManager: Display: Loaded TargetPlatform 'LinuxServer'
[2020.05.20-11.36.27:334][  0]LogTargetPlatformManager: Display: Loaded TargetPlatform 'LinuxAArch64NoEditor'
[2020.05.20-11.36.27:342][  0]LogTargetPlatformManager: Display: Loaded TargetPlatform 'LinuxAArch64Client'
[2020.05.20-11.36.27:350][  0]LogTargetPlatformManager: Display: Loaded TargetPlatform 'LinuxAArch64Server'
[2020.05.20-11.36.27:380][  0]LogTargetPlatformManager: Display: Loaded TargetPlatform 'Lumin'
[2020.05.20-11.36.27:380][  0]LogTargetPlatformManager: Display: Loaded TargetPlatform 'LuminClient'
[2020.05.20-11.36.27:397][  0]LogTargetPlatformManager: Display: Loaded TargetPlatform 'TVOSClient'
[2020.05.20-11.36.27:397][  0]LogTargetPlatformManager: Display: Loaded TargetPlatform 'TVOS'
[2020.05.20-11.36.27:406][  0]LogTargetPlatformManager: Display: Loaded TargetPlatform 'WindowsNoEditor'
[2020.05.20-11.36.27:416][  0]LogTargetPlatformManager: Display: Loaded TargetPlatform 'Windows'
[2020.05.20-11.36.27:424][  0]LogTargetPlatformManager: Display: Loaded TargetPlatform 'WindowsClient'
[2020.05.20-11.36.27:433][  0]LogTargetPlatformManager: Display: Loaded TargetPlatform 'WindowsServer'
[2020.05.20-11.36.27:433][  0]LogTargetPlatformManager: Display: Building Assets For Windows
[2020.05.20-11.36.27:436][  0]LogAudioDebug: Display: Lib vorbis DLL was dynamically loaded.
[2020.05.20-11.36.27:461][  0]LogShaderCompilers: Guid format shader working directory is -12 characters bigger than the processId version (C:/Users/Aleks/Documents/Pizza Party SVN/Domek_na_drzewie/Intermediate/Shaders/WorkingDirectory/18572/).
[2020.05.20-11.36.27:461][  0]LogShaderCompilers: Cleaned the shader compiler working directory 'C:/Users/Aleks/AppData/Local/Temp/UnrealShaderWorkingDir/78F4601F41B8F304210449ADABBA6B06/'.
[2020.05.20-11.36.27:461][  0]LogXGEController: Cleaning working directory: C:/Users/Aleks/AppData/Local/Temp/UnrealXGEWorkingDir/
[2020.05.20-11.36.27:462][  0]LogXGEController: Cannot use XGE Controller as Incredibuild is not installed on this machine.
[2020.05.20-11.36.27:462][  0]LogShaderCompilers: Cannot use XGE Shader Compiler as Incredibuild is not installed on this machine.
[2020.05.20-11.36.27:462][  0]LogShaderCompilers: Display: Using Local Shader Compiler.
[2020.05.20-11.36.28:431][  0]LogDerivedDataCache: Display: Max Cache Size: 512 MB
[2020.05.20-11.36.28:493][  0]LogDerivedDataCache: Loaded boot cache 0.06s 78MB C:/Users/Aleks/AppData/Local/UnrealEngine/4.24/DerivedDataCache/Boot.ddc.
[2020.05.20-11.36.28:493][  0]LogDerivedDataCache: Display: Loaded Boot cache: C:/Users/Aleks/AppData/Local/UnrealEngine/4.24/DerivedDataCache/Boot.ddc
[2020.05.20-11.36.28:493][  0]LogDerivedDataCache: FDerivedDataBackendGraph:  Pak pak cache file C:/Users/Aleks/Documents/Pizza Party SVN/Domek_na_drzewie/DerivedDataCache/DDC.ddp not found, will not use a pak cache.
[2020.05.20-11.36.28:493][  0]LogDerivedDataCache: Unable to find inner node Pak for hierarchical cache Hierarchy.
[2020.05.20-11.36.28:494][  0]LogDerivedDataCache: FDerivedDataBackendGraph:  CompressedPak pak cache file C:/Users/Aleks/Documents/Pizza Party SVN/Domek_na_drzewie/DerivedDataCache/Compressed.ddp not found, will not use a pak cache.
[2020.05.20-11.36.28:494][  0]LogDerivedDataCache: Unable to find inner node CompressedPak for hierarchical cache Hierarchy.
[2020.05.20-11.36.28:508][  0]LogDerivedDataCache: Display: Pak cache opened for reading ../../../Engine/DerivedDataCache/Compressed.ddp.
[2020.05.20-11.36.28:508][  0]LogDerivedDataCache: FDerivedDataBackendGraph:  EnterprisePak pak cache file ../../../Enterprise/DerivedDataCache/Compressed.ddp not found, will not use a pak cache.
[2020.05.20-11.36.28:508][  0]LogDerivedDataCache: Unable to find inner node EnterprisePak for hierarchical cache Hierarchy.
[2020.05.20-11.36.28:509][  0]LogDerivedDataCache: Using Local data cache path C:/Users/Aleks/AppData/Local/UnrealEngine/Common/DerivedDataCache: Writable
[2020.05.20-11.36.28:510][  0]LogDerivedDataCache: Shared data cache path not found in *engine.ini, will not use an Shared cache.
[2020.05.20-11.36.28:510][  0]LogDerivedDataCache: Unable to find inner node Shared for hierarchical cache Hierarchy.
[2020.05.20-11.36.28:543][  0]LogMaterial: Verifying Global Shaders for PCD3D_SM5
[2020.05.20-11.36.28:546][  0]LogSlate: Using FreeType 2.10.0
[2020.05.20-11.36.28:547][  0]LogSlate: SlateFontServices - WITH_FREETYPE: 1, WITH_HARFBUZZ: 1
[2020.05.20-11.36.28:612][  0]LogAssetRegistry: FAssetRegistry took 0.0031 seconds to start up
[2020.05.20-11.36.28:979][  0]LogInit: Selected Device Profile: [Windows]
[2020.05.20-11.36.29:183][  0]LogMeshReduction: Using QuadricMeshReduction for automatic static mesh reduction
[2020.05.20-11.36.29:183][  0]LogMeshReduction: Using SimplygonMeshReduction for automatic skeletal mesh reduction
[2020.05.20-11.36.29:184][  0]LogMeshReduction: Using ProxyLODMeshReduction for automatic mesh merging
[2020.05.20-11.36.29:184][  0]LogMeshReduction: No distributed automatic mesh merging module available
[2020.05.20-11.36.29:184][  0]LogMeshMerging: No distributed automatic mesh merging module available
[2020.05.20-11.36.29:200][  0]LogNetVersion: Domek_na_drzewie 1.0.0, NetCL: 10570792, EngineNetVer: 13, GameNetVer: 0 (Checksum: 3467246054)
[2020.05.20-11.36.30:496][  0]LogPackageLocalizationCache: Processed 10 localized package path(s) for 1 prioritized culture(s) in 0.039708 seconds
[2020.05.20-11.36.30:506][  0]LogUObjectArray: 46750 objects as part of root set at end of initial load.
[2020.05.20-11.36.30:507][  0]LogUObjectAllocator: 8137160 out of 0 bytes used by permanent object pool.
[2020.05.20-11.36.30:507][  0]LogUObjectArray: CloseDisregardForGC: 0/0 objects in disregard for GC pool
[2020.05.20-11.36.30:991][  0]LogTcpMessaging: Initializing TcpMessaging bridge
[2020.05.20-11.36.30:994][  0]LogUdpMessaging: Initializing bridge on interface 0.0.0.0:0 to multicast group 230.0.0.1:6666.
[2020.05.20-11.36.31:050][  0]SourceControl: Source control is disabled
[2020.05.20-11.36.31:050][  0]SourceControl: Source control is disabled
[2020.05.20-11.36.31:052][  0]SourceControl: Source control is disabled
[2020.05.20-11.36.31:053][  0]SourceControl: Source control is disabled
[2020.05.20-11.36.31:139][  0]LogAndroidPermission: UAndroidPermissionCallbackProxy::GetInstance
[2020.05.20-11.36.31:150][  0]LogAudioCaptureCore: Display: No Audio Capture implementations found. Audio input will be silent.
[2020.05.20-11.36.31:150][  0]LogAudioCaptureCore: Display: No Audio Capture implementations found. Audio input will be silent.
[2020.05.20-11.36.31:255][  0]LogOcInput: OculusInput pre-init called
[2020.05.20-11.36.31:262][  0]LogWindows: Failed to load 'OVRPlugin.dll' (GetLastError=126)
[2020.05.20-11.36.31:262][  0]LogWindows: File 'OVRPlugin.dll' does not exist
[2020.05.20-11.36.31:349][  0]LogEngine: Initializing Engine...
[2020.05.20-11.36.31:350][  0]LogHMD: Failed to initialize OpenVR with code 110
[2020.05.20-11.36.31:352][  0]LogStats: UGameplayTagsManager::InitializeManager -  0.000 s
[2020.05.20-11.36.31:790][  0]LogInit: Initializing FReadOnlyCVARCache
[2020.05.20-11.36.31:797][  0]LogAIModule: Creating AISystem for world Untitled
[2020.05.20-11.36.31:804][  0]LogAudioMixer: Display: Audio Mixer Platform Settings:
[2020.05.20-11.36.31:805][  0]LogAudioMixer: Display: 	Sample Rate:						  48000
[2020.05.20-11.36.31:805][  0]LogAudioMixer: Display: 	Callback Buffer Frame Size Requested: 1024
[2020.05.20-11.36.31:805][  0]LogAudioMixer: Display: 	Callback Buffer Frame Size To Use:	  1024
[2020.05.20-11.36.31:805][  0]LogAudioMixer: Display: 	Number of buffers to queue:			  2
[2020.05.20-11.36.31:805][  0]LogAudioMixer: Display: 	Max Channels (voices):				  32
[2020.05.20-11.36.31:805][  0]LogAudioMixer: Display: 	Number of Async Source Workers:		  0
[2020.05.20-11.36.31:805][  0]LogAudio: Display: AudioDevice MaxSources: 32
[2020.05.20-11.36.31:805][  0]LogAudio: Display: Using built-in audio occlusion.
[2020.05.20-11.36.31:805][  0]LogAudioMixer: Display: Initializing audio mixer.
[2020.05.20-11.36.31:825][  0]LogAudioMixer: Display: Audio Device Output Speaker Info:
[2020.05.20-11.36.31:825][  0]LogAudioMixer: Display: Name: Głośniki (Realtek High Definition Audio)
[2020.05.20-11.36.31:825][  0]LogAudioMixer: Display: Is Default: Yes
[2020.05.20-11.36.31:825][  0]LogAudioMixer: Display: Sample Rate: 48000
[2020.05.20-11.36.31:825][  0]LogAudioMixer: Display: Channel Count Used: 2
[2020.05.20-11.36.31:825][  0]LogAudioMixer: Display: Device Channel Count: 2
[2020.05.20-11.36.31:825][  0]LogAudioMixer: Display: Channel Order:
[2020.05.20-11.36.31:825][  0]LogAudioMixer: Display: 0: FrontLeft
[2020.05.20-11.36.31:825][  0]LogAudioMixer: Display: 1: FrontRight
[2020.05.20-11.36.31:899][  0]LogAudioMixer: Display: Using Audio Device Głośniki (Realtek High Definition Audio)
[2020.05.20-11.36.31:904][  0]LogInit: FAudioDevice initialized.
[2020.05.20-11.36.31:904][  0]LogNetVersion: Set ProjectVersion to 1.0.0.0. Version Checksum will be recalculated on next use.
[2020.05.20-11.36.32:143][  0]LogDerivedDataCache: Saved boot cache 0.24s 78MB C:/Users/Aleks/AppData/Local/UnrealEngine/4.24/DerivedDataCache/Boot.ddc.
[2020.05.20-11.36.32:143][  0]LogInit: Texture streaming: Enabled
[2020.05.20-11.36.32:156][  0]LogEngineSessionManager: EngineSessionManager initialized
[2020.05.20-11.36.32:156][  0]LogEngineSessionManager: EngineSessionManager sent abnormal shutdown report. Type=Crashed, SessionId={C2D73952-4CC7-FA08-5AF3-6593356074C9}
[2020.05.20-11.36.32:156][  0]LogEditorSessionSummary: Verbose: Initializing EditorSessionSummaryWriter for editor session tracking
[2020.05.20-11.36.32:158][  0]LogEditorSessionSummary: EditorSessionSummaryWriter initialized
[2020.05.20-11.36.32:201][  0]LogInit: Transaction tracking system initialized
[2020.05.20-11.36.32:213][  0]BlueprintLog: New page: Editor Load
[2020.05.20-11.36.32:246][  0]LocalizationService: Localization service is disabled
[2020.05.20-11.36.32:621][  0]LogFileCache: Scanning file cache for directory 'C:/Users/Aleks/Documents/Pizza Party SVN/Domek_na_drzewie/Content/' took 0.00s
[2020.05.20-11.36.32:621][  0]LogCook: Display: Max memory allowance for cook 16384mb min free memory 0mb
[2020.05.20-11.36.32:621][  0]LogCook: Display: Mobile HDR setting 1
[2020.05.20-11.36.33:445][  0]LogSourceControl: Attempting "svn info --xml "C:/Users/Aleks/Documents/Pizza Party SVN/Domek_na_drzewie/" --non-interactive --trust-server-cert --username mkrzyzaniak --password ********"
[2020.05.20-11.36.33:670][  0]LogSourceControl: Unable to detect system-level svn binary.
[2020.05.20-11.36.33:670][  0]LogSourceControl: Using path E:/Program Files/UE_4.24/Engine/Binaries/ThirdParty/svn/Win64/svn.exe for svn operations
[2020.05.20-11.36.33:708][  0]SourceControl: Warning: Successfully connected to repository http://usvn.us.edu.pl/svn/PPnD/trunk/
[2020.05.20-11.36.33:708][  0]Cmd: MAP LOAD FILE="../../../Engine/Content/Maps/Templates/Template_Default.umap" TEMPLATE=1 SHOWPROGRESS=1 FEATURELEVEL=3
[2020.05.20-11.36.33:708][  0]LightingResults: New page: Lighting Build
[2020.05.20-11.36.33:709][  0]LogWorld: UWorld::CleanupWorld for Untitled, bSessionEnded=true, bCleanupResources=true
[2020.05.20-11.36.33:709][  0]LogSlate: InvalidateAllWidgets triggered.  All widgets were invalidated
[2020.05.20-11.36.33:709][  0]MapCheck: New page: Map Check
[2020.05.20-11.36.33:709][  0]LightingResults: New page: Lighting Build
[2020.05.20-11.36.33:746][  0]LogUObjectHash: Compacting FUObjectHashTables data took   2.71ms
[2020.05.20-11.36.33:820][  0]LogAIModule: Creating AISystem for world Untitled_1
[2020.05.20-11.36.33:825][  0]LogEditorServer: Finished looking for orphan Actors (0.000 secs)
[2020.05.20-11.36.33:862][  0]LogUObjectHash: Compacting FUObjectHashTables data took   2.65ms
[2020.05.20-11.36.33:863][  0]Cmd: MAP CHECKDEP NOCLEARLOG
[2020.05.20-11.36.33:863][  0]MapCheck: Map check complete: 0 Error(s), 0 Warning(s), took 0,162ms to complete.
[2020.05.20-11.36.33:863][  0]LogFileHelpers: Loading map 'Template_Default' took 0.155
[2020.05.20-11.36.34:030][  0]LogSourceControl: Attempting "svn info "C:/Users/Aleks/Documents/Pizza Party SVN/Domek_na_drzewie/" --xml --non-interactive --trust-server-cert --username mkrzyzaniak --password ********"
[2020.05.20-11.36.34:030][  0]LogSlate: Updating window title bar state: overlay mode, drag disabled, window buttons hidden, title bar hidden
[2020.05.20-11.36.34:040][  0]LogSlate: Updating window title bar state: overlay mode, drag disabled, window buttons hidden, title bar hidden
[2020.05.20-11.36.34:050][  0]LogSourceControl: Attempting "svn status --show-updates --verbose --xml "C:/Users/Aleks/Documents/Pizza Party SVN/Domek_na_drzewie/" --non-interactive --trust-server-cert --username mkrzyzaniak --password ********"
[2020.05.20-11.36.34:050][  0]LogSlate: Updating window title bar state: overlay mode, drag disabled, window buttons hidden, title bar hidden
[2020.05.20-11.36.34:060][  0]LogSlate: Updating window title bar state: overlay mode, drag disabled, window buttons hidden, title bar hidden
[2020.05.20-11.36.34:065][  0]LogCollectionManager: Loaded 0 collections in 0.001262 seconds
[2020.05.20-11.36.34:080][  0]LogFileCache: Scanning file cache for directory 'C:/Users/Aleks/Documents/Pizza Party SVN/Domek_na_drzewie/Saved/Collections/' took 0.00s
[2020.05.20-11.36.34:080][  0]LogFileCache: Scanning file cache for directory 'C:/Users/Aleks/Documents/Pizza Party SVN/Domek_na_drzewie/Content/Developers/Aleks/Collections/' took 0.00s
[2020.05.20-11.36.34:080][  0]LogFileCache: Scanning file cache for directory 'C:/Users/Aleks/Documents/Pizza Party SVN/Domek_na_drzewie/Content/Collections/' took 0.00s
[2020.05.20-11.36.34:080][  0]LogContentBrowser: Native class hierarchy populated in 0.0113 seconds. Added 3015 classes and 717 folders.
[2020.05.20-11.36.34:084][  0]LogContentBrowser: Native class hierarchy updated for 'WidgetCarousel' in 0.0003 seconds. Added 0 classes and 0 folders.
[2020.05.20-11.36.34:136][  0]LogContentBrowser: Native class hierarchy updated for 'AddContentDialog' in 0.0003 seconds. Added 0 classes and 0 folders.
[2020.05.20-11.36.34:140][  0]LogContentBrowser: Native class hierarchy updated for 'SceneOutliner' in 0.0004 seconds. Added 2 classes and 3 folders.
[2020.05.20-11.36.34:198][  0]LogSlate: Took 0.000190 seconds to synchronously load lazily loaded font '../../../Engine/Content/Slate/Fonts/Roboto-Regular.ttf' (155K)
[2020.05.20-11.36.34:201][  0]LogSlate: Took 0.000378 seconds to synchronously load lazily loaded font '../../../Engine/Content/Slate/Fonts/Roboto-Bold.ttf' (160K)
[2020.05.20-11.36.34:207][  0]LogSlate: Took 0.000175 seconds to synchronously load lazily loaded font '../../../Engine/Content/Editor/Slate/Fonts/FontAwesome.ttf' (139K)
[2020.05.20-11.36.34:310][  0]LogRenderer: Reallocating scene render targets to support 1096x680 Format 10 NumSamples 1 (Frame:1).
[2020.05.20-11.36.34:407][  0]LogContentBrowser: Native class hierarchy updated for 'HierarchicalLODOutliner' in 0.0003 seconds. Added 0 classes and 0 folders.
[2020.05.20-11.36.34:407][  0]LogLoad: (Engine Initialization) Total time: 9.30 seconds
[2020.05.20-11.36.34:407][  0]LogLoad: (Engine Initialization) Total Blueprint compile time: 0.00 seconds
[2020.05.20-11.36.34:475][  0]SourceControl: Error: svn: E170013: Unable to connect to a repository at URL 'http://usvn.us.edu.pl/svn/PPnD/trunk/Domek_na_drzewie'
[2020.05.20-11.36.34:475][  0]SourceControl: Error: svn: E215004: No more credentials or we tried too many times.
[2020.05.20-11.36.34:475][  0]SourceControl: Error: Authentication failed
[2020.05.20-11.36.34:475][  0]LogContentStreaming: Texture pool size now 1000 MB
[2020.05.20-11.36.34:567][  1]LogAssetRegistry: Asset discovery search completed in 5.9557 seconds
[2020.05.20-11.36.34:573][  1]LogCollectionManager: Fixed up redirectors for 0 collections in 0.000012 seconds (updated 0 objects)
[2020.05.20-11.39.15:764][526]LogRenderer: Reallocating scene render targets to support 1096x704 Format 10 NumSamples 1 (Frame:9483).
[2020.05.20-11.39.16:434][563]LogSlate: Took 0.000213 seconds to synchronously load lazily loaded font '../../../Engine/Content/Slate/Fonts/Roboto-Light.ttf' (167K)
[2020.05.20-11.39.17:412][621]LogSourceControl: Attempting "svn status --show-updates --verbose --xml "C:/Users/Aleks/Documents/Pizza Party SVN/Domek_na_drzewie/Content/Maps/Domek_na_drzewie.umap" "C:/Users/Aleks/Documents/Pizza Party SVN/Domek_na_drzewie/Content/Maps/Domek_na_drzewie_BuiltData.uasset" --non-interactive --trust-server-cert --username mkrzyzaniak --password ********"
[2020.05.20-11.39.17:576][630]SourceControl: Error: svn: E170013: Unable to connect to a repository at URL 'http://usvn.us.edu.pl/svn/PPnD/trunk/Domek_na_drzewie/Content/Maps'
[2020.05.20-11.39.17:576][630]SourceControl: Error: svn: E215004: No more credentials or we tried too many times.
[2020.05.20-11.39.17:576][630]SourceControl: Error: Authentication failed
[2020.05.20-11.39.19:881][755]LogSlate: Took 0.000142 seconds to synchronously load lazily loaded font '../../../Engine/Content/Slate/Fonts/Roboto-Light.ttf' (167K)
[2020.05.20-11.39.20:106][755]LogAIModule: Creating AISystem for world Domek_na_drzewie
[2020.05.20-11.39.20:108][755]LogMaterial: Display: Material /Game/Assety_Ola/Material.Material needed to have new flag set bUsedWithStaticLighting !
[2020.05.20-11.39.20:117][755]LogMaterial: Display: Missing cached shader map for material Material, compiling. 
[2020.05.20-11.39.20:212][755]MapCheck: Warning: Material Material /Game/Assety_Ola/Material.Material was missing the usage flag bUsedWithStaticLighting. If the material asset is not re-saved, it may not render correctly when run outside the editor. Fix
[2020.05.20-11.39.20:219][755]LogAssetEditorSubsystem: Opening Asset editor for World /Game/Maps/Domek_na_drzewie.Domek_na_drzewie
[2020.05.20-11.39.20:254][755]LogShaderCompilers: Display: Worker (1/3): shaders left to compile 24
[2020.05.20-11.39.20:254][755]LogShaderCompilers: Display: Worker (2/3): shaders left to compile 15
[2020.05.20-11.39.20:254][755]LogShaderCompilers: Display: Worker (3/3): shaders left to compile 6
[2020.05.20-11.39.20:254][755]LogUObjectHash: Compacting FUObjectHashTables data took   1.59ms
[2020.05.20-11.39.20:256][755]Cmd: MAP LOAD FILE="C:/Users/Aleks/Documents/Pizza Party SVN/Domek_na_drzewie/Content/Maps/Domek_na_drzewie.umap" TEMPLATE=0 SHOWPROGRESS=1 FEATURELEVEL=3
[2020.05.20-11.39.20:256][755]LightingResults: New page: Lighting Build
[2020.05.20-11.39.20:257][755]LoadErrors: New page: Loading map: Domek_na_drzewie.umap
[2020.05.20-11.39.20:257][755]LogWorld: UWorld::CleanupWorld for Untitled_1, bSessionEnded=true, bCleanupResources=true
[2020.05.20-11.39.20:258][755]LogSlate: InvalidateAllWidgets triggered.  All widgets were invalidated
[2020.05.20-11.39.20:258][755]MapCheck: New page: Map Check
[2020.05.20-11.39.20:258][755]LightingResults: New page: Lighting Build
[2020.05.20-11.39.20:295][755]LogUObjectHash: Compacting FUObjectHashTables data took   2.21ms
[2020.05.20-11.39.20:300][755]LogEditorServer: Finished looking for orphan Actors (0.000 secs)
[2020.05.20-11.39.20:336][755]LogUObjectHash: Compacting FUObjectHashTables data took   1.84ms
[2020.05.20-11.39.20:353][755]Cmd: MAP CHECKDEP NOCLEARLOG
[2020.05.20-11.39.20:353][755]MapCheck: Map check complete: 0 Error(s), 0 Warning(s), took 0,125ms to complete.
[2020.05.20-11.39.20:354][755]LogFileHelpers: Loading map 'Domek_na_drzewie' took 0.099
[2020.05.20-11.39.29:639][226]LogSourceControl: Attempting "svn status --show-updates --verbose --xml "C:/Users/Aleks/Documents/Pizza Party SVN/Domek_na_drzewie/Content/Assety_Ola/antresola2_Cube.uasset" "C:/Users/Aleks/Documents/Pizza Party SVN/Domek_na_drzewie/Content/Assety_Ola/antresola2_Cube_001.uasset" "C:/Users/Aleks/Documents/Pizza Party SVN/Domek_na_drzewie/Content/Assety_Ola/DefaultMaterial.uasset" "C:/Users/Aleks/Documents/Pizza Party SVN/Domek_na_drzewie/Content/Assety_Ola/drabina_Cube_001.uasset" "C:/Users/Aleks/Documents/Pizza Party SVN/Domek_na_drzewie/Content/Assety_Ola/globus2_Cylinder.uasset" "C:/Users/Aleks/Documents/Pizza Party SVN/Domek_na_drzewie/Content/Assety_Ola/globus2_Sphere.uasset" "C:/Users/Aleks/Documents/Pizza Party SVN/Domek_na_drzewie/Content/Assety_Ola/kij_bejsbolowylp_Cylinder.uasset" "C:/Users/Aleks/Documents/Pizza Party SVN/Domek_na_drzewie/Content/Assety_Ola/kloceklp2_Cube.uasset" "C:/Users/Aleks/Documents/Pizza Party SVN/Domek_na_drzewie/Content/Assety_Ola/klocekpodwójnylp_Cube.uasset" "C:/Users/Aleks/Documents/Pizza Party SVN/Domek_na_drzewie/Content/Assety_Ola/Material.uasset" "C:/Users/Aleks/Documents/Pizza Party SVN/Domek_na_drzewie/Content/Assety_Ola/miecz_swietlny_lp_Cylinder.uasset" "C:/Users/Aleks/Documents/Pizza Party SVN/Domek_na_drzewie/Content/Assety_Ola/pillow1_Cube.uasset" "C:/Users/Aleks/Documents/Pizza Party SVN/Domek_na_drzewie/Content/Assety_Ola/pillow2_5_Cube.uasset" "C:/Users/Aleks/Documents/Pizza Party SVN/Domek_na_drzewie/Content/Assety_Ola/pillow2_Cube.uasset" "C:/Users/Aleks/Documents/Pizza Party SVN/Domek_na_drzewie/Content/Assety_Ola/pillow3_Cube.uasset" "C:/Users/Aleks/Documents/Pizza Party SVN/Domek_na_drzewie/Content/Assety_Ola/pillow4_Cube.uasset" "C:/Users/Aleks/Documents/Pizza Party SVN/Domek_na_drzewie/Content/Assety_Ola/piłkadoskakania_Sphere.uasset" "C:/Users/Aleks/Documents/Pizza Party SVN/Domek_na_drzewie/Content/Assety_Ola/piłka_Sphere.uasset" "C:/Users/Aleks/Documents/Pizza Party SVN/Domek_na_drzewie/Content/Assety_Ola/regał_Cube.uasset" "C:/Users/Aleks/Documents/Pizza Party SVN/Domek_na_drzewie/Content/Assety_Ola/stolik_Cylinder.uasset" "C:/Users/Aleks/Documents/Pizza Party SVN/Domek_na_drzewie/Content/Assety_Ola/szafkalp_Cube.uasset" --non-interactive --trust-server-cert --username mkrzyzaniak --password ********"
[2020.05.20-11.39.29:845][236]SourceControl: Error: svn: E170013: Unable to connect to a repository at URL 'http://usvn.us.edu.pl/svn/PPnD/trunk/Domek_na_drzewie/Content/Assety_Ola'
[2020.05.20-11.39.29:845][236]SourceControl: Error: svn: E215004: No more credentials or we tried too many times.
[2020.05.20-11.39.29:845][236]SourceControl: Error: Authentication failed
[2020.05.20-11.39.35:465][557]LogAssetEditorSubsystem: Opening Asset editor for StaticMesh /Game/Assety_Ola/antresola2_Cube.antresola2_Cube
[2020.05.20-11.39.38:883][654]LogRenderer: Reallocating scene render targets to support 1144x704 Format 10 NumSamples 1 (Frame:91).
[2020.05.20-11.39.38:883][654]LogSlate: Took 0.000257 seconds to synchronously load lazily loaded font '../../../Engine/Content/Slate/Fonts/Roboto-Italic.ttf' (157K)
[2020.05.20-11.39.39:639][700]LogSlate: Window 'antresola2_Cube' being destroyed
[2020.05.20-11.40.05:480][113]LogSlate: Window 'Material Baking Options' being destroyed
[2020.05.20-11.40.51:256][792]LogWorld: UWorld::CleanupWorld for World_2, bSessionEnded=true, bCleanupResources=true
[2020.05.20-11.40.51:257][792]LogSlate: InvalidateAllWidgets triggered.  All widgets were invalidated
[2020.05.20-11.40.58:246][198]LogEditorViewport: Clicking on Actor (LMB): StaticMeshActor (antresola2_Cube2)
[2020.05.20-11.41.02:525][443]LogSourceControl: Attempting "svn status --show-updates --verbose --xml "C:/Users/Aleks/Documents/Pizza Party SVN/Domek_na_drzewie/Content/Assety_Maja/Horse/1001_2.uasset" "C:/Users/Aleks/Documents/Pizza Party SVN/Domek_na_drzewie/Content/Assety_Maja/Mug_with_pencils/1001_2.uasset" "C:/Users/Aleks/Documents/Pizza Party SVN/Domek_na_drzewie/Content/Assety_Maja/Yellow_chair/CubeMat.uasset" "C:/Users/Aleks/Documents/Pizza Party SVN/Domek_na_drzewie/Content/Assety_Maja/Teddy_bear/Cube_001_Cube_001Mat.uasset" "C:/Users/Aleks/Documents/Pizza Party SVN/Domek_na_drzewie/Content/Assety_Maja/Red_chair/Cube_001Mat.uasset" "C:/Users/Aleks/Documents/Pizza Party SVN/Domek_na_drzewie/Content/Assety_Maja/Blue_chair/Cube_003Mat.uasset" "C:/Users/Aleks/Documents/Pizza Party SVN/Domek_na_drzewie/Content/Assety_Ola/DefaultMaterial.uasset" "C:/Users/Aleks/Documents/Pizza Party SVN/Domek_na_drzewie/Content/Assety_Ola/Material.uasset" --non-interactive --trust-server-cert --username mkrzyzaniak --password ********"
[2020.05.20-11.41.02:696][453]SourceControl: Error: svn: E170013: Unable to connect to a repository at URL 'http://usvn.us.edu.pl/svn/PPnD/trunk/Domek_na_drzewie/Content/Assety_Maja/Horse'
[2020.05.20-11.41.02:696][453]SourceControl: Error: svn: E215004: No more credentials or we tried too many times.
[2020.05.20-11.41.02:696][453]SourceControl: Error: Authentication failed
[2020.05.20-11.41.04:260][547]LogSourceControl: Attempting "svn status --show-updates --verbose --xml "C:/Users/Aleks/Documents/Pizza Party SVN/Domek_na_drzewie/Content/Assety_Maja/Red_chair/Red_chair.uasset" --non-interactive --trust-server-cert --username mkrzyzaniak --password ********"
[2020.05.20-11.41.04:548][564]SourceControl: Error: svn: E170013: Unable to connect to a repository at URL 'http://usvn.us.edu.pl/svn/PPnD/trunk/Domek_na_drzewie/Content/Assety_Maja/Red_chair'
[2020.05.20-11.41.04:548][564]SourceControl: Error: svn: E215004: No more credentials or we tried too many times.
[2020.05.20-11.41.04:548][564]SourceControl: Error: Authentication failed
[2020.05.20-11.41.07:063][715]LogSourceControl: Attempting "svn status --show-updates --verbose --xml "C:/Users/Aleks/Documents/Pizza Party SVN/Domek_na_drzewie/Content/Assety_Maja/Red_chair/Red_chair.uasset" --non-interactive --trust-server-cert --username mkrzyzaniak --password ********"
[2020.05.20-11.41.07:301][729]SourceControl: Error: svn: E170013: Unable to connect to a repository at URL 'http://usvn.us.edu.pl/svn/PPnD/trunk/Domek_na_drzewie/Content/Assety_Maja/Red_chair'
[2020.05.20-11.41.07:301][729]SourceControl: Error: svn: E215004: No more credentials or we tried too many times.
[2020.05.20-11.41.07:301][729]SourceControl: Error: Authentication failed
[2020.05.20-11.41.08:448][794]LogSourceControl: Attempting "svn status --show-updates --verbose --xml "C:/Users/Aleks/Documents/Pizza Party SVN/Domek_na_drzewie/Content/Assety_Maja/Horse/1001_2.uasset" --non-interactive --trust-server-cert --username mkrzyzaniak --password ********"
[2020.05.20-11.41.08:606][803]SourceControl: Error: svn: E170013: Unable to connect to a repository at URL 'http://usvn.us.edu.pl/svn/PPnD/trunk/Domek_na_drzewie/Content/Assety_Maja/Horse'
[2020.05.20-11.41.08:606][803]SourceControl: Error: svn: E215004: No more credentials or we tried too many times.
[2020.05.20-11.41.08:607][803]SourceControl: Error: Authentication failed
[2020.05.20-11.41.15:395][161]LogSourceControl: Attempting "svn status --show-updates --verbose --xml "C:/Users/Aleks/Documents/Pizza Party SVN/Domek_na_drzewie/Content/Assety_Ola/antresola2_Cube.uasset" "C:/Users/Aleks/Documents/Pizza Party SVN/Domek_na_drzewie/Content/Assety_Ola/antresola2_Cube_001.uasset" "C:/Users/Aleks/Documents/Pizza Party SVN/Domek_na_drzewie/Content/Assety_Ola/DefaultMaterial.uasset" "C:/Users/Aleks/Documents/Pizza Party SVN/Domek_na_drzewie/Content/Assety_Ola/drabina_Cube_001.uasset" "C:/Users/Aleks/Documents/Pizza Party SVN/Domek_na_drzewie/Content/Assety_Ola/globus2_Cylinder.uasset" "C:/Users/Aleks/Documents/Pizza Party SVN/Domek_na_drzewie/Content/Assety_Ola/globus2_Sphere.uasset" "C:/Users/Aleks/Documents/Pizza Party SVN/Domek_na_drzewie/Content/Assety_Ola/kij_bejsbolowylp_Cylinder.uasset" "C:/Users/Aleks/Documents/Pizza Party SVN/Domek_na_drzewie/Content/Assety_Ola/kloceklp2_Cube.uasset" "C:/Users/Aleks/Documents/Pizza Party SVN/Domek_na_drzewie/Content/Assety_Ola/klocekpodwójnylp_Cube.uasset" "C:/Users/Aleks/Documents/Pizza Party SVN/Domek_na_drzewie/Content/Assety_Ola/Material.uasset" "C:/Users/Aleks/Documents/Pizza Party SVN/Domek_na_drzewie/Content/Assety_Ola/miecz_swietlny_lp_Cylinder.uasset" "C:/Users/Aleks/Documents/Pizza Party SVN/Domek_na_drzewie/Content/Assety_Ola/pillow1_Cube.uasset" "C:/Users/Aleks/Documents/Pizza Party SVN/Domek_na_drzewie/Content/Assety_Ola/pillow2_5_Cube.uasset" "C:/Users/Aleks/Documents/Pizza Party SVN/Domek_na_drzewie/Content/Assety_Ola/pillow2_Cube.uasset" "C:/Users/Aleks/Documents/Pizza Party SVN/Domek_na_drzewie/Content/Assety_Ola/pillow3_Cube.uasset" "C:/Users/Aleks/Documents/Pizza Party SVN/Domek_na_drzewie/Content/Assety_Ola/pillow4_Cube.uasset" "C:/Users/Aleks/Documents/Pizza Party SVN/Domek_na_drzewie/Content/Assety_Ola/piłkadoskakania_Sphere.uasset" "C:/Users/Aleks/Documents/Pizza Party SVN/Domek_na_drzewie/Content/Assety_Ola/piłka_Sphere.uasset" "C:/Users/Aleks/Documents/Pizza Party SVN/Domek_na_drzewie/Content/Assety_Ola/regał_Cube.uasset" "C:/Users/Aleks/Documents/Pizza Party SVN/Domek_na_drzewie/Content/Assety_Ola/stolik_Cylinder.uasset" "C:/Users/Aleks/Documents/Pizza Party SVN/Domek_na_drzewie/Content/Assety_Ola/szafkalp_Cube.uasset" --non-interactive --trust-server-cert --username mkrzyzaniak --password ********"
[2020.05.20-11.41.15:589][172]SourceControl: Error: svn: E170013: Unable to connect to a repository at URL 'http://usvn.us.edu.pl/svn/PPnD/trunk/Domek_na_drzewie/Content/Assety_Ola'
[2020.05.20-11.41.15:589][172]SourceControl: Error: svn: E215004: No more credentials or we tried too many times.
[2020.05.20-11.41.15:589][172]SourceControl: Error: Authentication failed
[2020.05.20-11.41.17:721][300]Cmd: TRANSACTION UNDO
[2020.05.20-11.41.17:721][300]LogEditorTransaction: Undo Clicking on Actors
[2020.05.20-11.41.19:676][392]EditorErrors: Warning: Could not check for deleted file. No connection to source control available!
[2020.05.20-11.41.19:739][393]LogSourceControl: Attempting "svn status --show-updates --verbose --xml "C:/Users/Aleks/Documents/Pizza Party SVN/Domek_na_drzewie/Content/Assety_Ola/NewMaterial.uasset" --non-interactive --trust-server-cert --username mkrzyzaniak --password ********"
[2020.05.20-11.41.19:983][396]SourceControl: Error: svn: E170013: Unable to connect to a repository at URL 'http://usvn.us.edu.pl/svn/PPnD/trunk/Domek_na_drzewie/Content/Assety_Ola'
[2020.05.20-11.41.19:983][396]SourceControl: Error: svn: E215004: No more credentials or we tried too many times.
[2020.05.20-11.41.19:983][396]SourceControl: Error: Authentication failed
[2020.05.20-11.41.20:612][426]LogSourceControl: Attempting "svn status --show-updates --verbose --xml "C:/Users/Aleks/Documents/Pizza Party SVN/Domek_na_drzewie/Content/Assety_Ola/NewMaterial.uasset" --non-interactive --trust-server-cert --username mkrzyzaniak --password ********"
[2020.05.20-11.41.20:775][435]SourceControl: Error: svn: E170013: Unable to connect to a repository at URL 'http://usvn.us.edu.pl/svn/PPnD/trunk/Domek_na_drzewie/Content/Assety_Ola'
[2020.05.20-11.41.20:775][435]SourceControl: Error: svn: E215004: No more credentials or we tried too many times.
[2020.05.20-11.41.20:775][435]SourceControl: Error: Authentication failed
[2020.05.20-11.41.24:142][616]LogSourceControl: Attempting "svn info "C:/Users/Aleks/Documents/Pizza Party SVN/Domek_na_drzewie/" --xml --non-interactive --trust-server-cert --username mkrzyzaniak --password ********"
[2020.05.20-11.41.24:189][616]LogSourceControl: Attempting "svn status --show-updates --verbose --xml "C:/Users/Aleks/Documents/Pizza Party SVN/Domek_na_drzewie/" --non-interactive --trust-server-cert --username mkrzyzaniak --password ********"
[2020.05.20-11.41.24:332][616]SourceControl: Error: svn: E170013: Unable to connect to a repository at URL 'http://usvn.us.edu.pl/svn/PPnD/trunk/Domek_na_drzewie'
[2020.05.20-11.41.24:332][616]SourceControl: Error: svn: E215004: No more credentials or we tried too many times.
[2020.05.20-11.41.24:332][616]SourceControl: Error: Authentication failed
[2020.05.20-11.41.29:108][616]LogSlate: Window 'Message' being destroyed
[2020.05.20-11.41.32:206][791]LogSourceControl: Attempting "svn info "C:/Users/Aleks/Documents/Pizza Party SVN/Domek_na_drzewie/" --xml --non-interactive --trust-server-cert --username mkrzyzaniak --password ********"
[2020.05.20-11.41.32:266][791]LogSourceControl: Attempting "svn status --show-updates --verbose --xml "C:/Users/Aleks/Documents/Pizza Party SVN/Domek_na_drzewie/" --non-interactive --trust-server-cert --username mkrzyzaniak --password ********"
[2020.05.20-11.41.32:409][791]SourceControl: Error: svn: E170013: Unable to connect to a repository at URL 'http://usvn.us.edu.pl/svn/PPnD/trunk/Domek_na_drzewie'
[2020.05.20-11.41.32:409][791]SourceControl: Error: svn: E215004: No more credentials or we tried too many times.
[2020.05.20-11.41.32:409][791]SourceControl: Error: Authentication failed
[2020.05.20-11.41.33:436][791]LogSlate: Window 'Message' being destroyed
[2020.05.20-11.41.34:620][859]LogUObjectHash: Compacting FUObjectHashTables data took   2.07ms
[2020.05.20-11.41.36:750][859]LogSlate: Window 'Delete Assets' being destroyed
[2020.05.20-11.41.36:929][859]LogUObjectHash: Compacting FUObjectHashTables data took   1.84ms
[2020.05.20-11.41.52:600][772]LogSourceControl: Attempting "svn status --show-updates --verbose --xml "C:/Users/Aleks/Documents/Pizza Party SVN/Domek_na_drzewie/Content/Assety_Ola/Tekstury/Antresola/Antresola.uasset" --non-interactive --trust-server-cert --username mkrzyzaniak --password ********"
[2020.05.20-11.41.52:648][772]SourceControl: svn: warning: W155007: 'C:\Users\Aleks\Documents\Pizza Party SVN\Domek_na_drzewie\Content\Assety_Ola\Tekstury\Antresola\Antresola.uasset' is not a working copy
[2020.05.20-11.41.52:665][773]LogSourceControl: Attempting "svn status --show-updates --verbose --xml "C:/Users/Aleks/Documents/Pizza Party SVN/Domek_na_drzewie/Content/Assety_Ola/Tekstury/Antresola/Antresola.uasset" --non-interactive --trust-server-cert --username mkrzyzaniak --password ********"
[2020.05.20-11.41.52:718][776]SourceControl: svn: warning: W155007: 'C:\Users\Aleks\Documents\Pizza Party SVN\Domek_na_drzewie\Content\Assety_Ola\Tekstury\Antresola\Antresola.uasset' is not a working copy
[2020.05.20-11.41.56:310][988]LogSourceControl: Attempting "svn status --show-updates --verbose --xml "C:/Users/Aleks/Documents/Pizza Party SVN/Domek_na_drzewie/Content/Assety_Ola/Tekstury/Drabina/DefaultMaterial_Base_Color.uasset" "C:/Users/Aleks/Documents/Pizza Party SVN/Domek_na_drzewie/Content/Assety_Ola/Tekstury/Drabina/DefaultMaterial_Height.uasset" "C:/Users/Aleks/Documents/Pizza Party SVN/Domek_na_drzewie/Content/Assety_Ola/Tekstury/Drabina/DefaultMaterial_Metallic.uasset" "C:/Users/Aleks/Documents/Pizza Party SVN/Domek_na_drzewie/Content/Assety_Ola/Tekstury/Drabina/DefaultMaterial_Normal.uasset" "C:/Users/Aleks/Documents/Pizza Party SVN/Domek_na_drzewie/Content/Assety_Ola/Tekstury/Drabina/DefaultMaterial_Normal_OpenGL.uasset" "C:/Users/Aleks/Documents/Pizza Party SVN/Domek_na_drzewie/Content/Assety_Ola/Tekstury/Drabina/DefaultMaterial_Roughness.uasset" --non-interactive --trust-server-cert --username mkrzyzaniak --password ********"
[2020.05.20-11.41.56:520][  0]SourceControl: Error: svn: E170013: Unable to connect to a repository at URL 'http://usvn.us.edu.pl/svn/PPnD/trunk/Domek_na_drzewie/Content/Assety_Ola/Tekstury/Drabina'
[2020.05.20-11.41.56:520][  0]SourceControl: Error: svn: E215004: No more credentials or we tried too many times.
[2020.05.20-11.41.56:520][  0]SourceControl: Error: Authentication failed
[2020.05.20-11.42.07:926][177]LogSourceControl: Attempting "svn status --show-updates --verbose --xml "C:/Users/Aleks/Documents/Pizza Party SVN/Domek_na_drzewie/Content/Assety_Ola/Tekstury/Antresola/DefaultMaterial_Base_Color.uasset" --non-interactive --trust-server-cert --username mkrzyzaniak --password ********"
[2020.05.20-11.42.07:973][177]SourceControl: svn: warning: W155007: 'C:\Users\Aleks\Documents\Pizza Party SVN\Domek_na_drzewie\Content\Assety_Ola\Tekstury\Antresola\DefaultMaterial_Base_Color.uasset' is not a working copy
[2020.05.20-11.42.07:984][177]LogFactory: FactoryCreateFile: Texture with ReimportTextureFactory (0 0 ../../../../../STUDIA/3D/2 rok/Domek na drzewie/Tekstury/GOTOWE/Antresola/DefaultMaterial_Base_Color.png)
[2020.05.20-11.42.08:116][177]LogTexture: Display: Building textures: DefaultMaterial_Base_Color (AutoDXT, 2048X2048)
[2020.05.20-11.42.10:558][177]LogSourceControl: Attempting "svn status --show-updates --verbose --xml "C:/Users/Aleks/Documents/Pizza Party SVN/Domek_na_drzewie/Content/Assety_Ola/Tekstury/Antresola/DefaultMaterial_Height.uasset" --non-interactive --trust-server-cert --username mkrzyzaniak --password ********"
[2020.05.20-11.42.10:606][177]SourceControl: svn: warning: W155007: 'C:\Users\Aleks\Documents\Pizza Party SVN\Domek_na_drzewie\Content\Assety_Ola\Tekstury\Antresola\DefaultMaterial_Height.uasset' is not a working copy
[2020.05.20-11.42.10:615][177]LogFactory: FactoryCreateFile: Texture with ReimportTextureFactory (0 0 ../../../../../STUDIA/3D/2 rok/Domek na drzewie/Tekstury/GOTOWE/Antresola/DefaultMaterial_Height.png)
[2020.05.20-11.42.10:668][177]LogTexture: Display: Building textures: DefaultMaterial_Height (AutoDXT, 2048X2048)
[2020.05.20-11.42.11:741][177]LogSourceControl: Attempting "svn status --show-updates --verbose --xml "C:/Users/Aleks/Documents/Pizza Party SVN/Domek_na_drzewie/Content/Assety_Ola/Tekstury/Antresola/DefaultMaterial_Metallic.uasset" --non-interactive --trust-server-cert --username mkrzyzaniak --password ********"
[2020.05.20-11.42.11:789][177]SourceControl: svn: warning: W155007: 'C:\Users\Aleks\Documents\Pizza Party SVN\Domek_na_drzewie\Content\Assety_Ola\Tekstury\Antresola\DefaultMaterial_Metallic.uasset' is not a working copy
[2020.05.20-11.42.11:793][177]LogFactory: FactoryCreateFile: Texture with ReimportTextureFactory (0 0 ../../../../../STUDIA/3D/2 rok/Domek na drzewie/Tekstury/GOTOWE/Antresola/DefaultMaterial_Metallic.png)
[2020.05.20-11.42.11:808][177]LogTexture: Display: Building textures: DefaultMaterial_Metallic (AutoDXT, 2048X2048)
[2020.05.20-11.42.12:040][177]LogSourceControl: Attempting "svn status --show-updates --verbose --xml "C:/Users/Aleks/Documents/Pizza Party SVN/Domek_na_drzewie/Content/Assety_Ola/Tekstury/Antresola/DefaultMaterial_Normal.uasset" --non-interactive --trust-server-cert --username mkrzyzaniak --password ********"
[2020.05.20-11.42.12:087][177]SourceControl: svn: warning: W155007: 'C:\Users\Aleks\Documents\Pizza Party SVN\Domek_na_drzewie\Content\Assety_Ola\Tekstury\Antresola\DefaultMaterial_Normal.uasset' is not a working copy
[2020.05.20-11.42.12:097][177]LogFactory: FactoryCreateFile: Texture with ReimportTextureFactory (0 0 ../../../../../STUDIA/3D/2 rok/Domek na drzewie/Tekstury/GOTOWE/Antresola/DefaultMaterial_Normal.png)
[2020.05.20-11.42.12:392][177]LogTexture: Display: Building textures: DefaultMaterial_Normal (BC5, 2048X2048)
[2020.05.20-11.42.13:043][177]LogSourceControl: Attempting "svn status --show-updates --verbose --xml "C:/Users/Aleks/Documents/Pizza Party SVN/Domek_na_drzewie/Content/Assety_Ola/Tekstury/Antresola/DefaultMaterial_Normal_OpenGL.uasset" --non-interactive --trust-server-cert --username mkrzyzaniak --password ********"
[2020.05.20-11.42.13:088][177]SourceControl: svn: warning: W155007: 'C:\Users\Aleks\Documents\Pizza Party SVN\Domek_na_drzewie\Content\Assety_Ola\Tekstury\Antresola\DefaultMaterial_Normal_OpenGL.uasset' is not a working copy
[2020.05.20-11.42.13:109][177]LogFactory: FactoryCreateFile: Texture with ReimportTextureFactory (0 0 ../../../../../STUDIA/3D/2 rok/Domek na drzewie/Tekstury/GOTOWE/Antresola/DefaultMaterial_Normal_OpenGL.png)
[2020.05.20-11.42.13:317][177]LogTexture: Display: Building textures: DefaultMaterial_Normal_OpenGL (BC5, 2048X2048)
[2020.05.20-11.42.14:076][177]LogSourceControl: Attempting "svn status --show-updates --verbose --xml "C:/Users/Aleks/Documents/Pizza Party SVN/Domek_na_drzewie/Content/Assety_Ola/Tekstury/Antresola/DefaultMaterial_Roughness.uasset" --non-interactive --trust-server-cert --username mkrzyzaniak --password ********"
[2020.05.20-11.42.14:123][177]SourceControl: svn: warning: W155007: 'C:\Users\Aleks\Documents\Pizza Party SVN\Domek_na_drzewie\Content\Assety_Ola\Tekstury\Antresola\DefaultMaterial_Roughness.uasset' is not a working copy
[2020.05.20-11.42.14:128][177]LogFactory: FactoryCreateFile: Texture with ReimportTextureFactory (0 0 ../../../../../STUDIA/3D/2 rok/Domek na drzewie/Tekstury/GOTOWE/Antresola/DefaultMaterial_Roughness.png)
[2020.05.20-11.42.14:143][177]LogTexture: Display: Building textures: DefaultMaterial_Roughness (AutoDXT, 2048X2048)
[2020.05.20-11.42.14:492][177]LogSourceControl: Attempting "svn status --show-updates --verbose --xml "C:/Users/Aleks/Documents/Pizza Party SVN/Domek_na_drzewie/Content/Assety_Ola/Tekstury/Antresola/Material_Base_Color.uasset" --non-interactive --trust-server-cert --username mkrzyzaniak --password ********"
[2020.05.20-11.42.14:538][177]SourceControl: svn: warning: W155007: 'C:\Users\Aleks\Documents\Pizza Party SVN\Domek_na_drzewie\Content\Assety_Ola\Tekstury\Antresola\Material_Base_Color.uasset' is not a working copy
[2020.05.20-11.42.14:552][177]LogFactory: FactoryCreateFile: Texture with ReimportTextureFactory (0 0 ../../../../../STUDIA/3D/2 rok/Domek na drzewie/Tekstury/GOTOWE/Antresola/Material_Base_Color.png)
[2020.05.20-11.42.14:729][177]LogTexture: Display: Building textures: Material_Base_Color (AutoDXT, 2048X2048)
[2020.05.20-11.42.18:206][177]LogSourceControl: Attempting "svn status --show-updates --verbose --xml "C:/Users/Aleks/Documents/Pizza Party SVN/Domek_na_drzewie/Content/Assety_Ola/Tekstury/Antresola/Material_Height.uasset" --non-interactive --trust-server-cert --username mkrzyzaniak --password ********"
[2020.05.20-11.42.18:254][177]SourceControl: svn: warning: W155007: 'C:\Users\Aleks\Documents\Pizza Party SVN\Domek_na_drzewie\Content\Assety_Ola\Tekstury\Antresola\Material_Height.uasset' is not a working copy
[2020.05.20-11.42.18:263][177]LogFactory: FactoryCreateFile: Texture with ReimportTextureFactory (0 0 ../../../../../STUDIA/3D/2 rok/Domek na drzewie/Tekstury/GOTOWE/Antresola/Material_Height.png)
[2020.05.20-11.42.18:310][177]LogTexture: Display: Building textures: Material_Height (AutoDXT, 2048X2048)
[2020.05.20-11.42.19:356][177]LogSourceControl: Attempting "svn status --show-updates --verbose --xml "C:/Users/Aleks/Documents/Pizza Party SVN/Domek_na_drzewie/Content/Assety_Ola/Tekstury/Antresola/Material_Metallic.uasset" --non-interactive --trust-server-cert --username mkrzyzaniak --password ********"
[2020.05.20-11.42.19:404][177]SourceControl: svn: warning: W155007: 'C:\Users\Aleks\Documents\Pizza Party SVN\Domek_na_drzewie\Content\Assety_Ola\Tekstury\Antresola\Material_Metallic.uasset' is not a working copy
[2020.05.20-11.42.19:409][177]LogFactory: FactoryCreateFile: Texture with ReimportTextureFactory (0 0 ../../../../../STUDIA/3D/2 rok/Domek na drzewie/Tekstury/GOTOWE/Antresola/Material_Metallic.png)
[2020.05.20-11.42.19:423][177]LogTexture: Display: Building textures: Material_Metallic (AutoDXT, 2048X2048)
[2020.05.20-11.42.19:655][177]LogSourceControl: Attempting "svn status --show-updates --verbose --xml "C:/Users/Aleks/Documents/Pizza Party SVN/Domek_na_drzewie/Content/Assety_Ola/Tekstury/Antresola/Material_Normal.uasset" --non-interactive --trust-server-cert --username mkrzyzaniak --password ********"
[2020.05.20-11.42.19:704][177]SourceControl: svn: warning: W155007: 'C:\Users\Aleks\Documents\Pizza Party SVN\Domek_na_drzewie\Content\Assety_Ola\Tekstury\Antresola\Material_Normal.uasset' is not a working copy
[2020.05.20-11.42.19:716][177]LogFactory: FactoryCreateFile: Texture with ReimportTextureFactory (0 0 ../../../../../STUDIA/3D/2 rok/Domek na drzewie/Tekstury/GOTOWE/Antresola/Material_Normal.png)
[2020.05.20-11.42.19:892][177]LogTexture: Display: Building textures: Material_Normal (BC5, 2048X2048)
[2020.05.20-11.42.20:540][177]LogSourceControl: Attempting "svn status --show-updates --verbose --xml "C:/Users/Aleks/Documents/Pizza Party SVN/Domek_na_drzewie/Content/Assety_Ola/Tekstury/Antresola/Material_Normal_OpenGL.uasset" --non-interactive --trust-server-cert --username mkrzyzaniak --password ********"
[2020.05.20-11.42.20:587][177]SourceControl: svn: warning: W155007: 'C:\Users\Aleks\Documents\Pizza Party SVN\Domek_na_drzewie\Content\Assety_Ola\Tekstury\Antresola\Material_Normal_OpenGL.uasset' is not a working copy
[2020.05.20-11.42.20:611][177]LogFactory: FactoryCreateFile: Texture with ReimportTextureFactory (0 0 ../../../../../STUDIA/3D/2 rok/Domek na drzewie/Tekstury/GOTOWE/Antresola/Material_Normal_OpenGL.png)
[2020.05.20-11.42.20:838][177]LogTexture: Display: Building textures: Material_Normal_OpenGL (BC5, 2048X2048)
[2020.05.20-11.42.21:641][177]LogSourceControl: Attempting "svn status --show-updates --verbose --xml "C:/Users/Aleks/Documents/Pizza Party SVN/Domek_na_drzewie/Content/Assety_Ola/Tekstury/Antresola/Material_Roughness.uasset" --non-interactive --trust-server-cert --username mkrzyzaniak --password ********"
[2020.05.20-11.42.21:688][177]SourceControl: svn: warning: W155007: 'C:\Users\Aleks\Documents\Pizza Party SVN\Domek_na_drzewie\Content\Assety_Ola\Tekstury\Antresola\Material_Roughness.uasset' is not a working copy
[2020.05.20-11.42.21:699][177]LogFactory: FactoryCreateFile: Texture with ReimportTextureFactory (0 0 ../../../../../STUDIA/3D/2 rok/Domek na drzewie/Tekstury/GOTOWE/Antresola/Material_Roughness.png)
[2020.05.20-11.42.21:763][177]LogTexture: Display: Building textures: Material_Roughness (AutoDXT, 2048X2048)
[2020.05.20-11.42.24:321][178]LogSourceControl: Attempting "svn status --show-updates --verbose --xml "C:/Users/Aleks/Documents/Pizza Party SVN/Domek_na_drzewie/Content/Assety_Ola/Tekstury/Antresola/DefaultMaterial_Base_Color.uasset" "C:/Users/Aleks/Documents/Pizza Party SVN/Domek_na_drzewie/Content/Assety_Ola/Tekstury/Antresola/DefaultMaterial_Height.uasset" "C:/Users/Aleks/Documents/Pizza Party SVN/Domek_na_drzewie/Content/Assety_Ola/Tekstury/Antresola/DefaultMaterial_Metallic.uasset" "C:/Users/Aleks/Documents/Pizza Party SVN/Domek_na_drzewie/Content/Assety_Ola/Tekstury/Antresola/DefaultMaterial_Normal.uasset" "C:/Users/Aleks/Documents/Pizza Party SVN/Domek_na_drzewie/Content/Assety_Ola/Tekstury/Antresola/DefaultMaterial_Normal_OpenGL.uasset" "C:/Users/Aleks/Documents/Pizza Party SVN/Domek_na_drzewie/Content/Assety_Ola/Tekstury/Antresola/DefaultMaterial_Roughness.uasset" "C:/Users/Aleks/Documents/Pizza Party SVN/Domek_na_drzewie/Content/Assety_Ola/Tekstury/Antresola/Material_Base_Color.uasset" "C:/Users/Aleks/Documents/Pizza Party SVN/Domek_na_drzewie/Content/Assety_Ola/Tekstury/Antresola/Material_Height.uasset" "C:/Users/Aleks/Documents/Pizza Party SVN/Domek_na_drzewie/Content/Assety_Ola/Tekstury/Antresola/Material_Metallic.uasset" "C:/Users/Aleks/Documents/Pizza Party SVN/Domek_na_drzewie/Content/Assety_Ola/Tekstury/Antresola/Material_Normal.uasset" "C:/Users/Aleks/Documents/Pizza Party SVN/Domek_na_drzewie/Content/Assety_Ola/Tekstury/Antresola/Material_Normal_OpenGL.uasset" "C:/Users/Aleks/Documents/Pizza Party SVN/Domek_na_drzewie/Content/Assety_Ola/Tekstury/Antresola/Material_Roughness.uasset" --non-interactive --trust-server-cert --username mkrzyzaniak --password ********"
[2020.05.20-11.42.24:372][181]SourceControl: svn: warning: W155007: 'C:\Users\Aleks\Documents\Pizza Party SVN\Domek_na_drzewie\Content\Assety_Ola\Tekstury\Antresola\DefaultMaterial_Base_Color.uasset' is not a working copy
[2020.05.20-11.42.24:372][181]SourceControl: svn: warning: W155007: 'C:\Users\Aleks\Documents\Pizza Party SVN\Domek_na_drzewie\Content\Assety_Ola\Tekstury\Antresola\DefaultMaterial_Height.uasset' is not a working copy
[2020.05.20-11.42.24:372][181]SourceControl: svn: warning: W155007: 'C:\Users\Aleks\Documents\Pizza Party SVN\Domek_na_drzewie\Content\Assety_Ola\Tekstury\Antresola\DefaultMaterial_Metallic.uasset' is not a working copy
[2020.05.20-11.42.24:372][181]SourceControl: svn: warning: W155007: 'C:\Users\Aleks\Documents\Pizza Party SVN\Domek_na_drzewie\Content\Assety_Ola\Tekstury\Antresola\DefaultMaterial_Normal.uasset' is not a working copy
[2020.05.20-11.42.24:372][181]SourceControl: svn: warning: W155007: 'C:\Users\Aleks\Documents\Pizza Party SVN\Domek_na_drzewie\Content\Assety_Ola\Tekstury\Antresola\DefaultMaterial_Normal_OpenGL.uasset' is not a working copy
[2020.05.20-11.42.24:372][181]SourceControl: svn: warning: W155007: 'C:\Users\Aleks\Documents\Pizza Party SVN\Domek_na_drzewie\Content\Assety_Ola\Tekstury\Antresola\DefaultMaterial_Roughness.uasset' is not a working copy
[2020.05.20-11.42.24:372][181]SourceControl: svn: warning: W155007: 'C:\Users\Aleks\Documents\Pizza Party SVN\Domek_na_drzewie\Content\Assety_Ola\Tekstury\Antresola\Material_Base_Color.uasset' is not a working copy
[2020.05.20-11.42.24:372][181]SourceControl: svn: warning: W155007: 'C:\Users\Aleks\Documents\Pizza Party SVN\Domek_na_drzewie\Content\Assety_Ola\Tekstury\Antresola\Material_Height.uasset' is not a working copy
[2020.05.20-11.42.24:372][181]SourceControl: svn: warning: W155007: 'C:\Users\Aleks\Documents\Pizza Party SVN\Domek_na_drzewie\Content\Assety_Ola\Tekstury\Antresola\Material_Metallic.uasset' is not a working copy
[2020.05.20-11.42.24:372][181]SourceControl: svn: warning: W155007: 'C:\Users\Aleks\Documents\Pizza Party SVN\Domek_na_drzewie\Content\Assety_Ola\Tekstury\Antresola\Material_Normal.uasset' is not a working copy
[2020.05.20-11.42.24:372][181]SourceControl: svn: warning: W155007: 'C:\Users\Aleks\Documents\Pizza Party SVN\Domek_na_drzewie\Content\Assety_Ola\Tekstury\Antresola\Material_Normal_OpenGL.uasset' is not a working copy
[2020.05.20-11.42.24:372][181]SourceControl: svn: warning: W155007: 'C:\Users\Aleks\Documents\Pizza Party SVN\Domek_na_drzewie\Content\Assety_Ola\Tekstury\Antresola\Material_Roughness.uasset' is not a working copy
[2020.05.20-11.42.31:451][453]LogD3D11RHI: Timed out while waiting for GPU to catch up. (0.5 s) (ErrorCode 00000001)
[2020.05.20-11.42.31:952][453]LogD3D11RHI: Timed out while waiting for GPU to catch up. (0.5 s) (ErrorCode 00000001)
[2020.05.20-11.42.35:944][453]LogRHI: Error: SyncInterval 0
[2020.05.20-11.42.35:944][453]LogRHI: Error: SwapChainDesc.BufferDesc.Width 1938
[2020.05.20-11.42.35:944][453]LogRHI: Error: SwapChainDesc.BufferDesc.Height 1048
[2020.05.20-11.42.35:945][453]LogRHI: Error: SwapChainDesc.BufferDesc.RefreshRate.Numerator 0
[2020.05.20-11.42.35:945][453]LogRHI: Error: SwapChainDesc.BufferDesc.RefreshRate.Denominator 0
[2020.05.20-11.42.35:945][453]LogRHI: Error: SwapChainDesc.BufferDesc.Format 24
[2020.05.20-11.42.35:945][453]LogRHI: Error: SwapChainDesc.BufferDesc.ScanlineOrdering 0
[2020.05.20-11.42.35:945][453]LogRHI: Error: SwapChainDesc.BufferDesc.Scaling 0
[2020.05.20-11.42.35:945][453]LogRHI: Error: SwapChainDesc.SampleDesc.Count 1
[2020.05.20-11.42.35:945][453]LogRHI: Error: SwapChainDesc.SampleDesc.Quality 0
[2020.05.20-11.42.35:945][453]LogRHI: Error: SwapChainDesc.BufferUsage 48
[2020.05.20-11.42.35:945][453]LogRHI: Error: SwapChainDesc.BufferCount 2
[2020.05.20-11.42.35:945][453]LogRHI: Error: SwapChainDesc.OutputWindow 00000000000302C6
[2020.05.20-11.42.35:945][453]LogRHI: Error: SwapChainDesc.Windowed true
[2020.05.20-11.42.35:945][453]LogRHI: Error: SwapChainDesc.SwapEffect 4
[2020.05.20-11.42.35:945][453]LogRHI: Error: SwapChainDesc.Flags 2050
[2020.05.20-11.42.35:945][453]LogD3D11RHI: Error: Result failed 
 at D:/Build/++UE4/Sync/Engine/Source/Runtime/Windows/D3D11RHI/Private/D3D11Viewport.cpp:389 
 with error DXGI_ERROR_DEVICE_REMOVED 00000000
[2020.05.20-11.42.35:945][453]LogD3D11RHI: [Aftermath] GDynamicRHI=000001BDA79EE0C0, GDX11NVAfterMathEnabled=0, Result=0xFFFFFFFF, bDeviceActive=0
[2020.05.20-11.42.35:945][453]LogWindows: Windows GetLastError: Operacja ukończona pomyślnie. (0)
[2020.05.20-11.42.37:588][453]LogThreadingWindows: Error: Runnable thread RenderThread 26 crashed.
[2020.05.20-11.42.37:588][453]LogWindows: Error: === Critical error: ===
[2020.05.20-11.42.37:588][453]LogWindows: Error: 
[2020.05.20-11.42.37:588][453]LogWindows: Error: Fatal error: [File:D:/Build/++UE4/Sync/Engine/Source/Runtime/Windows/D3D11RHI/Private/D3D11Util.cpp] [Line: 198] 
[2020.05.20-11.42.37:588][453]LogWindows: Error: Unreal Engine is exiting due to D3D device being lost. (Error: 0x0 - 'S_OK')
[2020.05.20-11.42.37:588][453]LogWindows: Error: 
[2020.05.20-11.42.37:588][453]LogWindows: Error: 
[2020.05.20-11.42.37:588][453]LogWindows: Error: Unhandled Exception: 0x00008000
[2020.05.20-11.42.37:588][453]LogWindows: Error: 
[2020.05.20-11.42.37:588][453]LogWindows: Error: [Callstack] 0x00007ffbe45aa799 KERNELBASE.dll!UnknownFunction []
[2020.05.20-11.42.37:588][453]LogWindows: Error: [Callstack] 0x00007ffb8f11c396 UE4Editor-Core.dll!UnknownFunction []
[2020.05.20-11.42.37:588][453]LogWindows: Error: [Callstack] 0x00007ffb8f11de81 UE4Editor-Core.dll!UnknownFunction []
[2020.05.20-11.42.37:588][453]LogWindows: Error: [Callstack] 0x00007ffb8eed2cbd UE4Editor-Core.dll!UnknownFunction []
[2020.05.20-11.42.37:588][453]LogWindows: Error: [Callstack] 0x00007ffb91fd13c9 UE4Editor-D3D11RHI.dll!UnknownFunction []
[2020.05.20-11.42.37:588][453]LogWindows: Error: [Callstack] 0x00007ffb91fd5b9f UE4Editor-D3D11RHI.dll!UnknownFunction []
[2020.05.20-11.42.37:588][453]LogWindows: Error: [Callstack] 0x00007ffb91fb7549 UE4Editor-D3D11RHI.dll!UnknownFunction []
[2020.05.20-11.42.37:588][453]LogWindows: Error: [Callstack] 0x00007ffb91fb6912 UE4Editor-D3D11RHI.dll!UnknownFunction []
[2020.05.20-11.42.37:588][453]LogWindows: Error: [Callstack] 0x00007ffb91fc2b7d UE4Editor-D3D11RHI.dll!UnknownFunction []
[2020.05.20-11.42.37:588][453]LogWindows: Error: [Callstack] 0x00007ffba71bb920 UE4Editor-RHI.dll!UnknownFunction []
[2020.05.20-11.42.37:588][453]LogWindows: Error: [Callstack] 0x00007ffba71beff0 UE4Editor-RHI.dll!UnknownFunction []
[2020.05.20-11.42.37:588][453]LogWindows: Error: [Callstack] 0x00007ffba71beacf UE4Editor-RHI.dll!UnknownFunction []
[2020.05.20-11.42.37:588][453]LogWindows: Error: [Callstack] 0x00007ffba71bfc8b UE4Editor-RHI.dll!UnknownFunction []
[2020.05.20-11.42.37:588][453]LogWindows: Error: [Callstack] 0x00007ffba71b2162 UE4Editor-RHI.dll!UnknownFunction []
[2020.05.20-11.42.37:588][453]LogWindows: Error: [Callstack] 0x00007ffb91d2764a UE4Editor-SlateRHIRenderer.dll!UnknownFunction []
[2020.05.20-11.42.37:588][453]LogWindows: Error: [Callstack] 0x00007ffb91d1c8ac UE4Editor-SlateRHIRenderer.dll!UnknownFunction []
[2020.05.20-11.42.37:588][453]LogWindows: Error: [Callstack] 0x00007ffb91d2f5fc UE4Editor-SlateRHIRenderer.dll!UnknownFunction []
[2020.05.20-11.42.37:588][453]LogWindows: Error: [Callstack] 0x00007ffb8eca9ff2 UE4Editor-Core.dll!UnknownFunction []
[2020.05.20-11.42.37:588][453]LogWindows: Error: [Callstack] 0x00007ffb8ecaa393 UE4Editor-Core.dll!UnknownFunction []
[2020.05.20-11.42.37:588][453]LogWindows: Error: [Callstack] 0x00007ffbbfa25391 UE4Editor-RenderCore.dll!UnknownFunction []
[2020.05.20-11.42.37:588][453]LogWindows: Error: [Callstack] 0x00007ffbbfa2e254 UE4Editor-RenderCore.dll!UnknownFunction []
[2020.05.20-11.42.37:588][453]LogWindows: Error: [Callstack] 0x00007ffb8f12384f UE4Editor-Core.dll!UnknownFunction []
[2020.05.20-11.42.37:589][453]LogWindows: Error: [Callstack] 0x00007ffb8f123684 UE4Editor-Core.dll!UnknownFunction []
[2020.05.20-11.42.37:589][453]LogWindows: Error: [Callstack] 0x00007ffbe7327bd4 KERNEL32.DLL!UnknownFunction []
[2020.05.20-11.42.37:589][453]LogWindows: Error: [Callstack] 0x00007ffbe74ace51 ntdll.dll!UnknownFunction []
[2020.05.20-11.42.37:589][453]LogWindows: Error: 
[2020.05.20-11.42.37:589][453]LogWindows: Error: Crash in runnable thread RenderThread 26
[2020.05.20-11.42.37:589][453]LogOutputDevice: Warning: 

Script Stack (0 frames):

[2020.05.20-11.42.37:597][453]LogWindows: Windows GetLastError: Operacja ukończona pomyślnie. (0)
[2020.05.20-11.42.37:597][453]LogWindows: Error: HandleError re-entered.
[2020.05.20-11.42.37:597][453]LogWindows: FPlatformMisc::RequestExit(1)
[2020.05.20-11.42.37:597][453]LogCore: Engine exit requested (reason: Win RequestExit)
[2020.05.20-11.42.37:608][453]Log file closed, 05/20/20 13:42:37
